<?xml version="1.0" encoding="UTF-8"?>
<testsuite xmlns:xsi="http://www.w3.org/2001/XMLSchema-instance" xsi:noNamespaceSchemaLocation="https://maven.apache.org/surefire/maven-surefire-plugin/xsd/surefire-test-report-3.0.xsd" version="3.0" name="TestSuite" time="14.327" tests="746" errors="0" skipped="0" failures="0">
  <properties>
[...]
</properties>
  <testcase name="checkOptionsHelp" classname="org.openapitools.codegen.swift3.Swift3OptionsTest" time="0.071"/>
  <testcase name="checkOptionsProcessing" classname="org.openapitools.codegen.swift3.Swift3OptionsTest" time="0.246"/>
  <testcase name="testAdditionalPropertiesPutForConfigValues" classname="org.openapitools.codegen.csharp.CSharpClientCodegenTest" time="0.006"/>
  <testcase name="testInitialConfigValues" classname="org.openapitools.codegen.csharp.CSharpClientCodegenTest" time="0"/>
  <testcase name="testSettersForConfigValues" classname="org.openapitools.codegen.csharp.CSharpClientCodegenTest" time="0"/>
  <testcase name="camelCaseEscapeParamTest" classname="org.openapitools.codegen.templating.mustache.CamelCaseLambdaTest" time="0.032"/>
  <testcase name="camelCaseReservedWordTest" classname="org.openapitools.codegen.templating.mustache.CamelCaseLambdaTest" time="0.001"/>
  <testcase name="camelCaseTest" classname="org.openapitools.codegen.templating.mustache.CamelCaseLambdaTest" time="0"/>
  <testcase name="arbitraryObjectModelInline" classname="org.openapitools.codegen.InlineModelResolverTest" time="0.423"/>
  <testcase name="arbitraryObjectModelWithArrayInlineWithTitle" classname="org.openapitools.codegen.InlineModelResolverTest" time="0.02"/>
  <testcase name="arbitraryObjectModelWithArrayInlineWithoutTitle" classname="org.openapitools.codegen.InlineModelResolverTest" time="0.014"/>
  <testcase name="arbitraryObjectRequestBody" classname="org.openapitools.codegen.InlineModelResolverTest" time="0.013"/>
  <testcase name="arbitraryObjectRequestBodyProperty" classname="org.openapitools.codegen.InlineModelResolverTest" time="0.011"/>
  <testcase name="arbitraryObjectResponse" classname="org.openapitools.codegen.InlineModelResolverTest" time="0.008"/>
  <testcase name="arbitraryObjectResponseArray" classname="org.openapitools.codegen.InlineModelResolverTest" time="0.009"/>
  <testcase name="arbitraryObjectResponseArrayInline" classname="org.openapitools.codegen.InlineModelResolverTest" time="0.011"/>
  <testcase name="arbitraryObjectResponseWithAdditionalProperty" classname="org.openapitools.codegen.InlineModelResolverTest" time="0.008"/>
  <testcase name="arbitraryRequestBodyArray" classname="org.openapitools.codegen.InlineModelResolverTest" time="0.009"/>
  <testcase name="arbitraryRequestBodyArrayProperty" classname="org.openapitools.codegen.InlineModelResolverTest" time="0.008"/>
  <testcase name="callbacks" classname="org.openapitools.codegen.InlineModelResolverTest" time="0.009"/>
  <testcase name="emptyExampleOnStringTypeModels" classname="org.openapitools.codegen.InlineModelResolverTest" time="0.009"/>
  <testcase name="nonModelRequestBody" classname="org.openapitools.codegen.InlineModelResolverTest" time="0.009"/>
  <testcase name="nullable" classname="org.openapitools.codegen.InlineModelResolverTest" time="0.008"/>
  <testcase name="objectComposedWithInline" classname="org.openapitools.codegen.InlineModelResolverTest" time="0.008"/>
  <testcase name="resolveInlineArrayRequestBody" classname="org.openapitools.codegen.InlineModelResolverTest" time="0.005"/>
  <testcase name="resolveInlineArrayRequestBodyWithTitle" classname="org.openapitools.codegen.InlineModelResolverTest" time="0.005"/>
  <testcase name="resolveInlineArrayResponse" classname="org.openapitools.codegen.InlineModelResolverTest" time="0.006"/>
  <testcase name="resolveInlineArrayResponseWithTitle" classname="org.openapitools.codegen.InlineModelResolverTest" time="0.005"/>
  <testcase name="resolveInlineArraySchemaWithTitle" classname="org.openapitools.codegen.InlineModelResolverTest" time="0.006"/>
  <testcase name="resolveInlineMapSchemaInResponse" classname="org.openapitools.codegen.InlineModelResolverTest" time="0.008"/>
  <testcase name="resolveInlineModel2DifferentInnerModelsWIthSameTitle" classname="org.openapitools.codegen.InlineModelResolverTest" time="0"/>
  <testcase name="resolveInlineModel2EqualInnerModels" classname="org.openapitools.codegen.InlineModelResolverTest" time="0"/>
  <testcase name="resolveInlineModelTestWithTitle" classname="org.openapitools.codegen.InlineModelResolverTest" time="0.001"/>
  <testcase name="resolveInlineModelTestWithoutTitle" classname="org.openapitools.codegen.InlineModelResolverTest" time="0"/>
  <testcase name="resolveInlineObjectResponseWithAdditionalProperties" classname="org.openapitools.codegen.InlineModelResolverTest" time="0.009"/>
  <testcase name="resolveInlineRequestBody" classname="org.openapitools.codegen.InlineModelResolverTest" time="0.009"/>
  <testcase name="resolveInlineRequestBodyWhenNoComponents" classname="org.openapitools.codegen.InlineModelResolverTest" time="0.003"/>
  <testcase name="resolveInlineRequestBodyWithRequired" classname="org.openapitools.codegen.InlineModelResolverTest" time="0.008"/>
  <testcase name="resolveInlineRequestBodyWithTitle" classname="org.openapitools.codegen.InlineModelResolverTest" time="0.006"/>
  <testcase name="testInlineResponseModel" classname="org.openapitools.codegen.InlineModelResolverTest" time="0.001"/>
  <testcase name="testInlineResponseModelWithTitle" classname="org.openapitools.codegen.InlineModelResolverTest" time="0"/>
  <testcase name="testAddOperationToGroupForRootResource" classname="org.openapitools.codegen.java.jaxrs.JavaJAXRSSpecServerCodegenTest" time="0"/>
  <testcase name="testAddOperationToGroupForRootResourcePathParam" classname="org.openapitools.codegen.java.jaxrs.JavaJAXRSSpecServerCodegenTest" time="0"/>
  <testcase name="testAddOperationToGroupForSubresource" classname="org.openapitools.codegen.java.jaxrs.JavaJAXRSSpecServerCodegenTest" time="0"/>
  <testcase name="testAdditionalPropertiesPutForConfigValues" classname="org.openapitools.codegen.java.jaxrs.JavaJAXRSSpecServerCodegenTest" time="0.01"/>
  <testcase name="testGeneratePingAlternativeLocation1" classname="org.openapitools.codegen.java.jaxrs.JavaJAXRSSpecServerCodegenTest" time="0.501"/>
  <testcase name="testGeneratePingAlternativeLocation2" classname="org.openapitools.codegen.java.jaxrs.JavaJAXRSSpecServerCodegenTest" time="0.025"/>
  <testcase name="testGeneratePingDefaultLocation" classname="org.openapitools.codegen.java.jaxrs.JavaJAXRSSpecServerCodegenTest" time="0.021"/>
  <testcase name="testGeneratePingNoSpecFile" classname="org.openapitools.codegen.java.jaxrs.JavaJAXRSSpecServerCodegenTest" time="0.032"/>
  <testcase name="testInitialConfigValues" classname="org.openapitools.codegen.java.jaxrs.JavaJAXRSSpecServerCodegenTest" time="0"/>
  <testcase name="testSettersForConfigValues" classname="org.openapitools.codegen.java.jaxrs.JavaJAXRSSpecServerCodegenTest" time="0"/>
  <testcase name="testToApiNameForPrimaryResource" classname="org.openapitools.codegen.java.jaxrs.JavaJAXRSSpecServerCodegenTest" time="0"/>
  <testcase name="testToApiNameForSubresource" classname="org.openapitools.codegen.java.jaxrs.JavaJAXRSSpecServerCodegenTest" time="0"/>
  <testcase name="addDefaultValueDocumentationForNonContainers" classname="org.openapitools.codegen.java.jaxrs.JavaJAXRSSpecServerCodegenTest" time="0.049"/>
  <testcase name="doNotAddDefaultValueDocumentationForContainers" classname="org.openapitools.codegen.java.jaxrs.JavaJAXRSSpecServerCodegenTest" time="0.018"/>
  <testcase name="doNotGenerateJsonAnnotationForPolymorphismIfJsonExclude" classname="org.openapitools.codegen.java.jaxrs.JavaJAXRSSpecServerCodegenTest" time="0.085"/>
  <testcase name="generateJsonAnnotationForPolymorphism" classname="org.openapitools.codegen.java.jaxrs.JavaJAXRSSpecServerCodegenTest" time="0.043"/>
  <testcase name="testToYamlStringCompleteExample" classname="org.openapitools.codegen.serializer.SerializerUtilsTest" time="0.005"/>
  <testcase name="testToYamlStringMinimalExample" classname="org.openapitools.codegen.serializer.SerializerUtilsTest" time="0.001"/>
  <testcase name="testModelFileSuffix" classname="org.openapitools.codegen.typescript.typescriptangular.TypeScriptAngularClientCodegenTest" time="0.003"/>
  <testcase name="testOperationIdParser" classname="org.openapitools.codegen.typescript.typescriptangular.TypeScriptAngularClientCodegenTest" time="0.001"/>
  <testcase name="testRemovePrefixSuffix" classname="org.openapitools.codegen.typescript.typescriptangular.TypeScriptAngularClientCodegenTest" time="0.001"/>
  <testcase name="testSchema" classname="org.openapitools.codegen.typescript.typescriptangular.TypeScriptAngularClientCodegenTest" time="0.001"/>
  <testcase name="testSnapshotVersion" classname="org.openapitools.codegen.typescript.typescriptangular.TypeScriptAngularClientCodegenTest" time="0.001"/>
  <testcase name="testWithoutSnapshotVersion" classname="org.openapitools.codegen.typescript.typescriptangular.TypeScriptAngularClientCodegenTest" time="0.001"/>
  <testcase name="arrayModelTest" classname="org.openapitools.codegen.typescript.typescriptangular.TypeScriptAngularModelTest" time="0.004"/>
  <testcase name="beginDecimalNameTest" classname="org.openapitools.codegen.typescript.typescriptangular.TypeScriptAngularModelTest" time="0.002"/>
  <testcase name="complexListPropertyTest" classname="org.openapitools.codegen.typescript.typescriptangular.TypeScriptAngularModelTest" time="0.001"/>
  <testcase name="complexPropertyTest" classname="org.openapitools.codegen.typescript.typescriptangular.TypeScriptAngularModelTest" time="0.001"/>
  <testcase name="listPropertyTest" classname="org.openapitools.codegen.typescript.typescriptangular.TypeScriptAngularModelTest" time="0.005"/>
  <testcase name="mapModelTest" classname="org.openapitools.codegen.typescript.typescriptangular.TypeScriptAngularModelTest" time="0.006"/>
  <testcase name="simpleModelTest" classname="org.openapitools.codegen.typescript.typescriptangular.TypeScriptAngularModelTest" time="0.008"/>
  <testcase name="arrayModelTest" classname="org.openapitools.codegen.typescript.typescriptnode.TypeScriptNodeModelTest" time="0.004"/>
  <testcase name="complexListPropertyTest" classname="org.openapitools.codegen.typescript.typescriptnode.TypeScriptNodeModelTest" time="0.001"/>
  <testcase name="complexPropertyTest" classname="org.openapitools.codegen.typescript.typescriptnode.TypeScriptNodeModelTest" time="0.001"/>
  <testcase name="defaultFromModelTest" classname="org.openapitools.codegen.typescript.typescriptnode.TypeScriptNodeModelTest" time="0.022"/>
  <testcase name="listPropertyTest" classname="org.openapitools.codegen.typescript.typescriptnode.TypeScriptNodeModelTest" time="0.001"/>
  <testcase name="mapModelTest" classname="org.openapitools.codegen.typescript.typescriptnode.TypeScriptNodeModelTest" time="0.001"/>
  <testcase name="mappedFromModelTest" classname="org.openapitools.codegen.typescript.typescriptnode.TypeScriptNodeModelTest" time="0.009"/>
  <testcase name="simpleModelTest" classname="org.openapitools.codegen.typescript.typescriptnode.TypeScriptNodeModelTest" time="0.001"/>
  <testcase name="convertApiName" classname="org.openapitools.codegen.java.jaxrs.AbstractJavaJAXRSServerCodegenTest" time="0"/>
  <testcase name="testAdditionalPropertiesPutForConfigValues" classname="org.openapitools.codegen.java.jaxrs.AbstractJavaJAXRSServerCodegenTest" time="0.001"/>
  <testcase name="testInitialConfigValues" classname="org.openapitools.codegen.java.jaxrs.AbstractJavaJAXRSServerCodegenTest" time="0.001"/>
  <testcase name="testSettersForConfigValues" classname="org.openapitools.codegen.java.jaxrs.AbstractJavaJAXRSServerCodegenTest" time="0"/>
  <testcase name="checkOptionsHelp" classname="org.openapitools.codegen.ruby.RubyClientOptionsTest" time="0.006"/>
  <testcase name="checkOptionsHelp" classname="org.openapitools.codegen.swift4.Swift4OptionsTest" time="0.003"/>
  <testcase name="checkOptionsHelp" classname="org.openapitools.codegen.typescript.aurelia.TypeScriptAureliaClientOptionsTest" time="0.002"/>
  <testcase name="checkOptionsProcessing" classname="org.openapitools.codegen.ruby.RubyClientOptionsTest" time="0.275"/>
  <testcase name="checkOptionsProcessing" classname="org.openapitools.codegen.swift4.Swift4OptionsTest" time="0.178"/>
  <testcase name="checkOptionsProcessing" classname="org.openapitools.codegen.typescript.aurelia.TypeScriptAureliaClientOptionsTest" time="0.254"/>
  <testcase name="bodyParameterTest" classname="org.openapitools.codegen.go.GoClientCodegenTest" time="0.444"/>
  <testcase name="testAdditionalPropertiesPutForConfigValues" classname="org.openapitools.codegen.go.GoClientCodegenTest" time="0.001"/>
  <testcase name="testFilenames" classname="org.openapitools.codegen.go.GoClientCodegenTest" time="0.001"/>
  <testcase name="testInitialConfigValues" classname="org.openapitools.codegen.go.GoClientCodegenTest" time="0"/>
  <testcase name="testSettersForConfigValues" classname="org.openapitools.codegen.go.GoClientCodegenTest" time="0"/>
  <testcase name="defaultIndentTest" classname="org.openapitools.codegen.templating.mustache.IndentedLambdaTest" time="0.001"/>
  <testcase name="indentedCountTest" classname="org.openapitools.codegen.templating.mustache.IndentedLambdaTest" time="0"/>
  <testcase name="arrayModelTest" classname="org.openapitools.codegen.scalaakka.ScalaAkkaClientCodegenTest" time="0.006"/>
  <testcase name="complexListPropertyTest" classname="org.openapitools.codegen.scalaakka.ScalaAkkaClientCodegenTest" time="0.001"/>
  <testcase name="complexMapPropertyTest" classname="org.openapitools.codegen.scalaakka.ScalaAkkaClientCodegenTest" time="0.003"/>
  <testcase name="complexPropertyTest" classname="org.openapitools.codegen.scalaakka.ScalaAkkaClientCodegenTest" time="0.001"/>
  <testcase name="listPropertyTest" classname="org.openapitools.codegen.scalaakka.ScalaAkkaClientCodegenTest" time="0.002"/>
  <testcase name="mapModelTest" classname="org.openapitools.codegen.scalaakka.ScalaAkkaClientCodegenTest" time="0.001"/>
  <testcase name="mapPropertyTest" classname="org.openapitools.codegen.scalaakka.ScalaAkkaClientCodegenTest" time="0.001"/>
  <testcase name="simpleModelTest" classname="org.openapitools.codegen.scalaakka.ScalaAkkaClientCodegenTest" time="0.002"/>
  <testcase name="convertVarName" classname="org.openapitools.codegen.typescript.typescriptnode.TypeScriptNodeClientCodegenTest" time="0.001"/>
  <testcase name="defaultApiFilenameTest" classname="org.openapitools.codegen.typescript.typescriptnode.TypeScriptNodeClientCodegenTest" time="0.001"/>
  <testcase name="defaultApiImportTest" classname="org.openapitools.codegen.typescript.typescriptnode.TypeScriptNodeClientCodegenTest" time="0"/>
  <testcase name="defaultModelFilenameTest" classname="org.openapitools.codegen.typescript.typescriptnode.TypeScriptNodeClientCodegenTest" time="0"/>
  <testcase name="defaultModelImportTest" classname="org.openapitools.codegen.typescript.typescriptnode.TypeScriptNodeClientCodegenTest" time="0"/>
  <testcase name="emptyApiFilenameTest" classname="org.openapitools.codegen.typescript.typescriptnode.TypeScriptNodeClientCodegenTest" time="0"/>
  <testcase name="emptyApiImportTest" classname="org.openapitools.codegen.typescript.typescriptnode.TypeScriptNodeClientCodegenTest" time="0"/>
  <testcase name="mappedApiFilenameTest" classname="org.openapitools.codegen.typescript.typescriptnode.TypeScriptNodeClientCodegenTest" time="0"/>
  <testcase name="mappedApiImportTest" classname="org.openapitools.codegen.typescript.typescriptnode.TypeScriptNodeClientCodegenTest" time="0"/>
  <testcase name="modelFilenameWithMappingTest" classname="org.openapitools.codegen.typescript.typescriptnode.TypeScriptNodeClientCodegenTest" time="0"/>
  <testcase name="modelImportWithMappingTest" classname="org.openapitools.codegen.typescript.typescriptnode.TypeScriptNodeClientCodegenTest" time="0"/>
  <testcase name="testSnapshotVersion" classname="org.openapitools.codegen.typescript.typescriptnode.TypeScriptNodeClientCodegenTest" time="0"/>
  <testcase name="testWithoutSnapshotVersion" classname="org.openapitools.codegen.typescript.typescriptnode.TypeScriptNodeClientCodegenTest" time="0"/>
  <testcase name="checkOptionsHelp" classname="org.openapitools.codegen.go.GoClientOptionsTest" time="0.003"/>
  <testcase name="checkOptionsHelp" classname="org.openapitools.codegen.scalaakka.ScalaAkkaClientOptionsTest" time="0.002"/>
  <testcase name="checkOptionsHelp" classname="org.openapitools.codegen.typescript.typescriptnode.TypeScriptNodeClientOptionsTest" time="0.002"/>
  <testcase name="checkOptionsProcessing" classname="org.openapitools.codegen.go.GoClientOptionsTest" time="0.269"/>
  <testcase name="checkOptionsProcessing" classname="org.openapitools.codegen.scalaakka.ScalaAkkaClientOptionsTest" time="0.258"/>
  <testcase name="checkOptionsProcessing" classname="org.openapitools.codegen.typescript.typescriptnode.TypeScriptNodeClientOptionsTest" time="0.226"/>
  <testcase name="allOfCompositionTest" classname="org.openapitools.codegen.ruby.RubyClientCodegenTest" time="0.014"/>
  <testcase name="allOfDuplicatedPropertiesTest" classname="org.openapitools.codegen.ruby.RubyClientCodegenTest" time="0.004"/>
  <testcase name="allOfMappingDuplicatedPropertiesTestForAdult" classname="org.openapitools.codegen.ruby.RubyClientCodegenTest" time="0.005"/>
  <testcase name="allOfMappingDuplicatedPropertiesTestForChild" classname="org.openapitools.codegen.ruby.RubyClientCodegenTest" time="0.005"/>
  <testcase name="allOfTest" classname="org.openapitools.codegen.ruby.RubyClientCodegenTest" time="0.004"/>
  <testcase name="anyOfTest" classname="org.openapitools.codegen.ruby.RubyClientCodegenTest" time="0.006"/>
  <testcase name="bodyParameterTest" classname="org.openapitools.codegen.ruby.RubyClientCodegenTest" time="0.069"/>
  <testcase name="enumParameterTest" classname="org.openapitools.codegen.ruby.RubyClientCodegenTest" time="0.057"/>
  <testcase name="exampleRegexParameterValidationOAS3Test" classname="org.openapitools.codegen.ruby.RubyClientCodegenTest" time="0.005"/>
  <testcase name="exampleStringFromExampleParameterOAS2Test" classname="org.openapitools.codegen.ruby.RubyClientCodegenTest" time="0.022"/>
  <testcase name="exampleStringFromXExampleParameterOAS3Test" classname="org.openapitools.codegen.ruby.RubyClientCodegenTest" time="0.009"/>
  <testcase name="nullableParameterOAS2Test" classname="org.openapitools.codegen.ruby.RubyClientCodegenTest" time="0.017"/>
  <testcase name="nullableParameterOAS3Test" classname="org.openapitools.codegen.ruby.RubyClientCodegenTest" time="0.007"/>
  <testcase name="nullablePropertyTest" classname="org.openapitools.codegen.ruby.RubyClientCodegenTest" time="0.007"/>
  <testcase name="oneOfTest" classname="org.openapitools.codegen.ruby.RubyClientCodegenTest" time="0.003"/>
  <testcase name="propertiesWithoutNullableTest" classname="org.openapitools.codegen.ruby.RubyClientCodegenTest" time="0.006"/>
  <testcase name="testAdditionalPropertiesPutForConfigValues" classname="org.openapitools.codegen.ruby.RubyClientCodegenTest" time="0.001"/>
  <testcase name="testBooleanDefaultValue" classname="org.openapitools.codegen.ruby.RubyClientCodegenTest" time="0.149"/>
  <testcase name="testGenerateRubyClientWithHtmlEntity" classname="org.openapitools.codegen.ruby.RubyClientCodegenTest" time="0.093"/>
  <testcase name="testInitialConfigValues" classname="org.openapitools.codegen.ruby.RubyClientCodegenTest" time="0"/>
  <testcase name="testSettersForConfigValues" classname="org.openapitools.codegen.ruby.RubyClientCodegenTest" time="0.001"/>
  <testcase name="testAdditionalPropertiesPutForConfigValues" classname="org.openapitools.codegen.rust.RustClientCodegenTest" time="0.003"/>
  <testcase name="testInitialConfigValues" classname="org.openapitools.codegen.rust.RustClientCodegenTest" time="0"/>
  <testcase name="testSettersForConfigValues" classname="org.openapitools.codegen.rust.RustClientCodegenTest" time="0.001"/>
  <testcase name="clientOptsUnicity" classname="org.openapitools.codegen.java.spring.SpringCodegenTest" time="0.006"/>
  <testcase name="doNotGenerateRequestParamForObjectQueryParam" classname="org.openapitools.codegen.java.spring.SpringCodegenTest" time="0.048"/>
  <testcase name="interfaceDefaultImplDisableWithReponseWrapper" classname="org.openapitools.codegen.java.spring.SpringCodegenTest" time="0"/>
  <testcase name="reactiveRequiredSpringBoot" classname="org.openapitools.codegen.java.spring.SpringCodegenTest" time="0.002"/>
  <testcase name="springcloudWithAsyncAndJava8HasResponseWrapperCompletableFuture" classname="org.openapitools.codegen.java.spring.SpringCodegenTest" time="0"/>
  <testcase name="springcloudWithAsyncHasResponseWrapperCallable" classname="org.openapitools.codegen.java.spring.SpringCodegenTest" time="0"/>
  <testcase name="springcloudWithJava8DisabeJdk8" classname="org.openapitools.codegen.java.spring.SpringCodegenTest" time="0"/>
  <testcase name="testAdditionalPropertiesPutForConfigValues" classname="org.openapitools.codegen.java.spring.SpringCodegenTest" time="0.001"/>
  <testcase name="testInitialConfigValues" classname="org.openapitools.codegen.java.spring.SpringCodegenTest" time="0"/>
  <testcase name="testSettersForConfigValues" classname="org.openapitools.codegen.java.spring.SpringCodegenTest" time="0"/>
  <testcase name="binaryDataTest" classname="org.openapitools.codegen.swift4.Swift4CodegenTest" time="0.005"/>
  <testcase name="dateTest" classname="org.openapitools.codegen.swift4.Swift4CodegenTest" time="0.004"/>
  <testcase name="shouldNotBreakCorrectName" classname="org.openapitools.codegen.swift4.Swift4CodegenTest" time="0"/>
  <testcase name="shouldNotBreakNonReservedWord" classname="org.openapitools.codegen.swift4.Swift4CodegenTest" time="0"/>
  <testcase name="testCapitalizedReservedWord" classname="org.openapitools.codegen.swift4.Swift4CodegenTest" time="0"/>
  <testcase name="testCapitalsWithDash" classname="org.openapitools.codegen.swift4.Swift4CodegenTest" time="0"/>
  <testcase name="testCapitalsWithSpace" classname="org.openapitools.codegen.swift4.Swift4CodegenTest" time="0"/>
  <testcase name="testCapitalsWithUnderscore" classname="org.openapitools.codegen.swift4.Swift4CodegenTest" time="0"/>
  <testcase name="testDefaultPodAuthors" classname="org.openapitools.codegen.swift4.Swift4CodegenTest" time="0"/>
  <testcase name="testLowercaseWithUnderscore" classname="org.openapitools.codegen.swift4.Swift4CodegenTest" time="0"/>
  <testcase name="testPodAuthors" classname="org.openapitools.codegen.swift4.Swift4CodegenTest" time="0"/>
  <testcase name="testReservedWord" classname="org.openapitools.codegen.swift4.Swift4CodegenTest" time="0"/>
  <testcase name="testSingleWordAllCaps" classname="org.openapitools.codegen.swift4.Swift4CodegenTest" time="0"/>
  <testcase name="testSingleWordLowercase" classname="org.openapitools.codegen.swift4.Swift4CodegenTest" time="0"/>
  <testcase name="testStartingWithNumber" classname="org.openapitools.codegen.swift4.Swift4CodegenTest" time="0"/>
  <testcase name="titlecaseTest" classname="org.openapitools.codegen.templating.mustache.TitlecaseLambdaTest" time="0"/>
  <testcase name="titlecaseWithDelimiterTest" classname="org.openapitools.codegen.templating.mustache.TitlecaseLambdaTest" time="0.001"/>
  <testcase name="testAdditionalPropertiesPutForConfigValues" classname="org.openapitools.codegen.go.AbstractGoCodegenTest" time="0"/>
  <testcase name="testInitialConfigValues" classname="org.openapitools.codegen.go.AbstractGoCodegenTest" time="0.001"/>
  <testcase name="testSettersForConfigValues" classname="org.openapitools.codegen.go.AbstractGoCodegenTest" time="0"/>
  <testcase name="checkOptionsHelp" classname="org.openapitools.codegen.slim.PhpSlimServerOptionsTest" time="0.005"/>
  <testcase name="checkOptionsProcessing" classname="org.openapitools.codegen.slim.PhpSlimServerOptionsTest" time="0.309"/>
  <testcase name="testEscapeUnsafeCharacters" classname="org.openapitools.codegen.ruby.AbstractRubyCodegenTest" time="0.001"/>
  <testcase name="testGenerateRootEndpoint" classname="org.openapitools.codegen.elm.ElmClientCodegenTest" time="0.022"/>
  <testcase name="testPostProcessRootEndpoint" classname="org.openapitools.codegen.elm.ElmClientCodegenTest" time="0.003"/>
  <testcase name="testModelImportsSpecifyNamespaceAndPackageName" classname="org.openapitools.codegen.fsharp.FSharpServerCodegenTest" time="0.002"/>
  <testcase name="testModelsAreSortedAccordingToDependencyOrder" classname="org.openapitools.codegen.fsharp.FSharpServerCodegenTest" time="0.002"/>
  <testcase name="startsWithSectionalTest" classname="org.openapitools.codegen.templating.handlebars.StringHelpersTest" time="0.123"/>
  <testcase name="startsWithTest" classname="org.openapitools.codegen.templating.handlebars.StringHelpersTest" time="0.019"/>
  <testcase name="startsWithYesOverrideTest" classname="org.openapitools.codegen.templating.handlebars.StringHelpersTest" time="0.003"/>
  <testcase name="simpleModelTest" classname="org.openapitools.codegen.swift4.Swift4ModelTest" time="0.014"/>
  <testcase name="arrayModelTest" classname="org.openapitools.codegen.typescript.fetch.TypeScriptFetchModelTest" time="0.003"/>
  <testcase name="complexListPropertyTest" classname="org.openapitools.codegen.typescript.fetch.TypeScriptFetchModelTest" time="0.002"/>
  <testcase name="complexPropertyTest" classname="org.openapitools.codegen.typescript.fetch.TypeScriptFetchModelTest" time="0.002"/>
  <testcase name="enumArrayMdoelTest" classname="org.openapitools.codegen.typescript.fetch.TypeScriptFetchModelTest" time="0.065"/>
  <testcase name="enumMdoelValueTest" classname="org.openapitools.codegen.typescript.fetch.TypeScriptFetchModelTest" time="0.06"/>
  <testcase name="listPropertyTest" classname="org.openapitools.codegen.typescript.fetch.TypeScriptFetchModelTest" time="0.001"/>
  <testcase name="mapModelTest" classname="org.openapitools.codegen.typescript.fetch.TypeScriptFetchModelTest" time="0"/>
  <testcase name="simpleModelTest" classname="org.openapitools.codegen.typescript.fetch.TypeScriptFetchModelTest" time="0.001"/>
  <testcase name="checkOptionsHelp" classname="org.openapitools.codegen.typescript.fetch.TypeScriptFetchClientOptionsTest" time="0.005"/>
  <testcase name="checkOptionsProcessing" classname="org.openapitools.codegen.typescript.fetch.TypeScriptFetchClientOptionsTest" time="0.253"/>
  <testcase name="arrayModelTest" classname="org.openapitools.codegen.go.GoModelTest" time="0.009"/>
  <testcase name="complexListProperty" classname="org.openapitools.codegen.go.GoModelTest" time="0.002"/>
  <testcase name="complexMapProperty" classname="org.openapitools.codegen.go.GoModelTest" time="0.001"/>
  <testcase name="complexPropertyTest" classname="org.openapitools.codegen.go.GoModelTest" time="0.001"/>
  <testcase name="filePropertyTest" classname="org.openapitools.codegen.go.GoModelTest" time="0"/>
  <testcase name="listPropertyTest" classname="org.openapitools.codegen.go.GoModelTest" time="0.001"/>
  <testcase name="mapModelTest" classname="org.openapitools.codegen.go.GoModelTest" time="0.001"/>
  <testcase name="mapPropertyTest" classname="org.openapitools.codegen.go.GoModelTest" time="0.001"/>
  <testcase name="modelNameTest" classname="org.openapitools.codegen.go.GoModelTest" time="0"/>
  <testcase name="modelNameTest" classname="org.openapitools.codegen.go.GoModelTest" time="0"/>
  <testcase name="modelNameTest" classname="org.openapitools.codegen.go.GoModelTest" time="0"/>
  <testcase name="modelNameTest" classname="org.openapitools.codegen.go.GoModelTest" time="0.001"/>
  <testcase name="modelNameTest" classname="org.openapitools.codegen.go.GoModelTest" time="0"/>
  <testcase name="modelNameTest" classname="org.openapitools.codegen.go.GoModelTest" time="0"/>
  <testcase name="modelNameTest" classname="org.openapitools.codegen.go.GoModelTest" time="0"/>
  <testcase name="simpleModelTest" classname="org.openapitools.codegen.go.GoModelTest" time="0"/>
  <testcase name="testAddBigDecimal" classname="org.openapitools.codegen.utils.JsonCacheTest" time="0.001"/>
  <testcase name="testAddBigInteger" classname="org.openapitools.codegen.utils.JsonCacheTest" time="0"/>
  <testcase name="testAddBoolean" classname="org.openapitools.codegen.utils.JsonCacheTest" time="0"/>
  <testcase name="testAddDate" classname="org.openapitools.codegen.utils.JsonCacheTest" time="0.001"/>
  <testcase name="testAddDateTimeJava8" classname="org.openapitools.codegen.utils.JsonCacheTest" time="0.004"/>
  <testcase name="testAddDateTimeJoda" classname="org.openapitools.codegen.utils.JsonCacheTest" time="0.003"/>
  <testcase name="testAddDateTimeThreeTen" classname="org.openapitools.codegen.utils.JsonCacheTest" time="0.019"/>
  <testcase name="testAddDouble" classname="org.openapitools.codegen.utils.JsonCacheTest" time="0"/>
  <testcase name="testAddFloat" classname="org.openapitools.codegen.utils.JsonCacheTest" time="0.001"/>
  <testcase name="testAddInt" classname="org.openapitools.codegen.utils.JsonCacheTest" time="0"/>
  <testcase name="testAddLocalDateJava8" classname="org.openapitools.codegen.utils.JsonCacheTest" time="0.001"/>
  <testcase name="testAddLocalDateJoda" classname="org.openapitools.codegen.utils.JsonCacheTest" time="0"/>
  <testcase name="testAddLocalDateThreeTen" classname="org.openapitools.codegen.utils.JsonCacheTest" time="0"/>
  <testcase name="testAddLong" classname="org.openapitools.codegen.utils.JsonCacheTest" time="0"/>
  <testcase name="testAddShort" classname="org.openapitools.codegen.utils.JsonCacheTest" time="0"/>
  <testcase name="testAddString" classname="org.openapitools.codegen.utils.JsonCacheTest" time="0"/>
  <testcase name="testDelete" classname="org.openapitools.codegen.utils.JsonCacheTest" time="0"/>
  <testcase name="testFlushSaveLoad" classname="org.openapitools.codegen.utils.JsonCacheTest" time="0.002"/>
  <testcase name="testGet" classname="org.openapitools.codegen.utils.JsonCacheTest" time="0.001"/>
  <testcase name="testGetBigDecimal" classname="org.openapitools.codegen.utils.JsonCacheTest" time="0"/>
  <testcase name="testGetBigDecimalWithDefault" classname="org.openapitools.codegen.utils.JsonCacheTest" time="0"/>
  <testcase name="testGetBigInteger" classname="org.openapitools.codegen.utils.JsonCacheTest" time="0.001"/>
  <testcase name="testGetBigIntegerWithDefault" classname="org.openapitools.codegen.utils.JsonCacheTest" time="0.001"/>
  <testcase name="testGetBoolean" classname="org.openapitools.codegen.utils.JsonCacheTest" time="0"/>
  <testcase name="testGetBooleanWithDefault" classname="org.openapitools.codegen.utils.JsonCacheTest" time="0"/>
  <testcase name="testGetDate" classname="org.openapitools.codegen.utils.JsonCacheTest" time="0.001"/>
  <testcase name="testGetDateWithDefault" classname="org.openapitools.codegen.utils.JsonCacheTest" time="0.001"/>
  <testcase name="testGetDouble" classname="org.openapitools.codegen.utils.JsonCacheTest" time="0"/>
  <testcase name="testGetDoubleWithDefault" classname="org.openapitools.codegen.utils.JsonCacheTest" time="0"/>
  <testcase name="testGetFloat" classname="org.openapitools.codegen.utils.JsonCacheTest" time="0"/>
  <testcase name="testGetFloatWithDefault" classname="org.openapitools.codegen.utils.JsonCacheTest" time="0"/>
  <testcase name="testGetInt" classname="org.openapitools.codegen.utils.JsonCacheTest" time="0"/>
  <testcase name="testGetIntWithDefault" classname="org.openapitools.codegen.utils.JsonCacheTest" time="0"/>
  <testcase name="testGetLocalDate" classname="org.openapitools.codegen.utils.JsonCacheTest" time="0"/>
  <testcase name="testGetLong" classname="org.openapitools.codegen.utils.JsonCacheTest" time="0"/>
  <testcase name="testGetLongWithDefault" classname="org.openapitools.codegen.utils.JsonCacheTest" time="0"/>
  <testcase name="testGetNumber" classname="org.openapitools.codegen.utils.JsonCacheTest" time="0"/>
  <testcase name="testGetNumberWithDefault" classname="org.openapitools.codegen.utils.JsonCacheTest" time="0"/>
  <testcase name="testGetObject" classname="org.openapitools.codegen.utils.JsonCacheTest" time="0.005"/>
  <testcase name="testGetObjectWithDefault" classname="org.openapitools.codegen.utils.JsonCacheTest" time="0.001"/>
  <testcase name="testGetObjects" classname="org.openapitools.codegen.utils.JsonCacheTest" time="0.001"/>
  <testcase name="testGetObjectsWithDefault" classname="org.openapitools.codegen.utils.JsonCacheTest" time="0.002"/>
  <testcase name="testGetShort" classname="org.openapitools.codegen.utils.JsonCacheTest" time="0"/>
  <testcase name="testGetShortWithDefault" classname="org.openapitools.codegen.utils.JsonCacheTest" time="0.001"/>
  <testcase name="testGetString" classname="org.openapitools.codegen.utils.JsonCacheTest" time="0"/>
  <testcase name="testGetStringWithDefault" classname="org.openapitools.codegen.utils.JsonCacheTest" time="0"/>
  <testcase name="testMerge" classname="org.openapitools.codegen.utils.JsonCacheTest" time="0.001"/>
  <testcase name="testPojoSerialization" classname="org.openapitools.codegen.utils.JsonCacheTest" time="0.001"/>
  <testcase name="testSet" classname="org.openapitools.codegen.utils.JsonCacheTest" time="0"/>
  <testcase name="testSetBigDecimal" classname="org.openapitools.codegen.utils.JsonCacheTest" time="0"/>
  <testcase name="testSetBigInteger" classname="org.openapitools.codegen.utils.JsonCacheTest" time="0.001"/>
  <testcase name="testSetBoolean" classname="org.openapitools.codegen.utils.JsonCacheTest" time="0"/>
  <testcase name="testSetDate" classname="org.openapitools.codegen.utils.JsonCacheTest" time="0"/>
  <testcase name="testSetDateTime310" classname="org.openapitools.codegen.utils.JsonCacheTest" time="0.001"/>
  <testcase name="testSetDateTimeJava8" classname="org.openapitools.codegen.utils.JsonCacheTest" time="0.001"/>
  <testcase name="testSetDateTimeJoda" classname="org.openapitools.codegen.utils.JsonCacheTest" time="0.001"/>
  <testcase name="testSetDouble" classname="org.openapitools.codegen.utils.JsonCacheTest" time="0"/>
  <testcase name="testSetFloat" classname="org.openapitools.codegen.utils.JsonCacheTest" time="0"/>
  <testcase name="testSetInt" classname="org.openapitools.codegen.utils.JsonCacheTest" time="0"/>
  <testcase name="testSetLocalDate310" classname="org.openapitools.codegen.utils.JsonCacheTest" time="0"/>
  <testcase name="testSetLocalDateJava8" classname="org.openapitools.codegen.utils.JsonCacheTest" time="0.001"/>
  <testcase name="testSetLocalDateJoda" classname="org.openapitools.codegen.utils.JsonCacheTest" time="0.001"/>
  <testcase name="testSetLong" classname="org.openapitools.codegen.utils.JsonCacheTest" time="0.001"/>
  <testcase name="testSetNumber" classname="org.openapitools.codegen.utils.JsonCacheTest" time="0"/>
  <testcase name="testSetObject" classname="org.openapitools.codegen.utils.JsonCacheTest" time="0"/>
  <testcase name="testSetObjects" classname="org.openapitools.codegen.utils.JsonCacheTest" time="0.003"/>
  <testcase name="testSetShort" classname="org.openapitools.codegen.utils.JsonCacheTest" time="0"/>
  <testcase name="testSetString" classname="org.openapitools.codegen.utils.JsonCacheTest" time="0"/>
  <testcase name="testSetWithMissingAncestors" classname="org.openapitools.codegen.utils.JsonCacheTest" time="0.001"/>
  <testcase name="testAdditionalPropertiesPutForConfigValues" classname="org.openapitools.codegen.php.PhpClientCodegenTest" time="0.001"/>
  <testcase name="testInitialConfigValues" classname="org.openapitools.codegen.php.PhpClientCodegenTest" time="0.001"/>
  <testcase name="testSettersForConfigValues" classname="org.openapitools.codegen.php.PhpClientCodegenTest" time="0"/>
  <testcase name="apiFileFolder" classname="org.openapitools.codegen.slim.PhpSlimServerCodegenTest" time="0.001"/>
  <testcase name="apiFileFolder" classname="org.openapitools.codegen.slim.PhpSlimServerCodegenTest" time="0"/>
  <testcase name="apiFileFolder" classname="org.openapitools.codegen.slim.PhpSlimServerCodegenTest" time="0"/>
  <testcase name="apiFileFolder" classname="org.openapitools.codegen.slim.PhpSlimServerCodegenTest" time="0"/>
  <testcase name="modelFileFolder" classname="org.openapitools.codegen.slim.PhpSlimServerCodegenTest" time="0"/>
  <testcase name="modelFileFolder" classname="org.openapitools.codegen.slim.PhpSlimServerCodegenTest" time="0"/>
  <testcase name="modelFileFolder" classname="org.openapitools.codegen.slim.PhpSlimServerCodegenTest" time="0"/>
  <testcase name="modelFileFolder" classname="org.openapitools.codegen.slim.PhpSlimServerCodegenTest" time="0.001"/>
  <testcase name="testEncodePath" classname="org.openapitools.codegen.slim.PhpSlimServerCodegenTest" time="0.002"/>
  <testcase name="testAdditionalPropertiesPutForConfigValues" classname="org.openapitools.codegen.r.RClientCodegenTest" time="0.003"/>
  <testcase name="testInitialConfigValues" classname="org.openapitools.codegen.r.RClientCodegenTest" time="0"/>
  <testcase name="testSettersForConfigValues" classname="org.openapitools.codegen.r.RClientCodegenTest" time="0"/>
  <testcase name="converterTest" classname="org.openapitools.codegen.swift4.Swift4ModelEnumTest" time="0.002"/>
  <testcase name="checkOptionsHelp" classname="org.openapitools.codegen.php.PhpClientOptionsTest" time="0.003"/>
  <testcase name="checkOptionsProcessing" classname="org.openapitools.codegen.php.PhpClientOptionsTest" time="0.258"/>
  <testcase name="javaInheritanceTest" classname="org.openapitools.codegen.java.JavaInheritanceTest" time="0.004"/>
  <testcase name="javaInheritanceWithDiscriminatorTest" classname="org.openapitools.codegen.java.JavaInheritanceTest" time="0"/>
  <testcase name="bodyParameterTest" classname="org.openapitools.codegen.javascript.JavascriptClientCodegenTest" time="0.031"/>
  <testcase name="testAdditionalPropertiesPutForConfigValues" classname="org.openapitools.codegen.javascript.JavascriptClientCodegenTest" time="0"/>
  <testcase name="testInitialConfigValues" classname="org.openapitools.codegen.javascript.JavascriptClientCodegenTest" time="0"/>
  <testcase name="testSettersForConfigValues" classname="org.openapitools.codegen.javascript.JavascriptClientCodegenTest" time="0"/>
  <testcase name="shouldGetDefaultMessage" classname="org.openapitools.codegen.SpecValidationExceptionTest" time="0.003"/>
  <testcase name="testSnapshotVersion" classname="org.openapitools.codegen.typescript.fetch.TypeScriptFetchClientCodegenTest" time="0.001"/>
  <testcase name="testWithoutSnapshotVersion" classname="org.openapitools.codegen.typescript.fetch.TypeScriptFetchClientCodegenTest" time="0.001"/>
  <testcase name="testDefaultValues" classname="org.openapitools.codegen.utils.URLPathUtilsTest" time="0"/>
  <testcase name="testGetServerURLWithVariables" classname="org.openapitools.codegen.utils.URLPathUtilsTest" time="0.001"/>
  <testcase name="testGetServerURLWithVariablesAndUserOverrides" classname="org.openapitools.codegen.utils.URLPathUtilsTest" time="0.008"/>
  <testcase name="testSanitizeUrl" classname="org.openapitools.codegen.utils.URLPathUtilsTest" time="0"/>
  <testcase name="testUrl" classname="org.openapitools.codegen.utils.URLPathUtilsTest" time="0.001"/>
  <testcase name="useDefaultUrlWhenServerUrlIsNull" classname="org.openapitools.codegen.utils.URLPathUtilsTest" time="0"/>
  <testcase name="testGeneratePing" classname="org.openapitools.codegen.yaml.YamlGeneratorTest" time="0.029"/>
  <testcase name="testGeneratePingOtherOutputFile" classname="org.openapitools.codegen.yaml.YamlGeneratorTest" time="0.008"/>
  <testcase name="checkOptionsHelp" classname="org.openapitools.codegen.rubysinatra.RubySinatraServerOptionsTest" time="0.004"/>
  <testcase name="checkOptionsProcessing" classname="org.openapitools.codegen.rubysinatra.RubySinatraServerOptionsTest" time="0.257"/>
  <testcase name="testAdditionalPropertiesPutForConfigValues" classname="org.openapitools.codegen.php.AbstractPhpCodegenTest" time="0.003"/>
  <testcase name="testEscapeMediaType" classname="org.openapitools.codegen.php.AbstractPhpCodegenTest" time="0"/>
  <testcase name="testInitialConfigValues" classname="org.openapitools.codegen.php.AbstractPhpCodegenTest" time="0"/>
  <testcase name="testSettersForConfigValues" classname="org.openapitools.codegen.php.AbstractPhpCodegenTest" time="0"/>
  <testcase name="arrayModelTest" classname="org.openapitools.codegen.csharp.CSharpModelTest" time="0.005"/>
  <testcase name="arrayPropertyCollectionOptionTest" classname="org.openapitools.codegen.csharp.CSharpModelTest" time="0.001"/>
  <testcase name="arrayPropertyICollectionOptionTest" classname="org.openapitools.codegen.csharp.CSharpModelTest" time="0.001"/>
  <testcase name="arrayPropertyTest" classname="org.openapitools.codegen.csharp.CSharpModelTest" time="0.001"/>
  <testcase name="complexListPropertyTest" classname="org.openapitools.codegen.csharp.CSharpModelTest" time="0.001"/>
  <testcase name="complexMapPropertyTest" classname="org.openapitools.codegen.csharp.CSharpModelTest" time="0"/>
  <testcase name="complexPropertyTest" classname="org.openapitools.codegen.csharp.CSharpModelTest" time="0"/>
  <testcase name="listPropertyTest" classname="org.openapitools.codegen.csharp.CSharpModelTest" time="0.002"/>
  <testcase name="mapModelTest" classname="org.openapitools.codegen.csharp.CSharpModelTest" time="0.001"/>
  <testcase name="mapPropertyTest" classname="org.openapitools.codegen.csharp.CSharpModelTest" time="0.001"/>
  <testcase name="nonNullablePropertyTest" classname="org.openapitools.codegen.csharp.CSharpModelTest" time="0.001"/>
  <testcase name="nullablePropertyTest" classname="org.openapitools.codegen.csharp.CSharpModelTest" time="0.001"/>
  <testcase name="simpleModelTest" classname="org.openapitools.codegen.csharp.CSharpModelTest" time="0.001"/>
  <testcase name="converterInArrayInArrayTest" classname="org.openapitools.codegen.java.JavaModelEnumTest" time="0.004"/>
  <testcase name="converterInArrayTest" classname="org.openapitools.codegen.java.JavaModelEnumTest" time="0.002"/>
  <testcase name="converterTest" classname="org.openapitools.codegen.java.JavaModelEnumTest" time="0.001"/>
  <testcase name="overrideEnumTest" classname="org.openapitools.codegen.java.JavaModelEnumTest" time="0.003"/>
  <testcase name="testEnumTestSchema" classname="org.openapitools.codegen.java.JavaModelEnumTest" time="0.018"/>
  <testcase name="testAdditionalPropertiesPutForConfigValues" classname="org.openapitools.codegen.javascript.JavascriptClosureAngularClientCodegenTest" time="0.001"/>
  <testcase name="testInitialConfigValues" classname="org.openapitools.codegen.javascript.JavascriptClosureAngularClientCodegenTest" time="0"/>
  <testcase name="testSettersForConfigValues" classname="org.openapitools.codegen.javascript.JavascriptClosureAngularClientCodegenTest" time="0"/>
  <testcase name="testCamelize" classname="org.openapitools.codegen.utils.StringUtilsTest" time="0.001"/>
  <testcase name="testDashize" classname="org.openapitools.codegen.utils.StringUtilsTest" time="0"/>
  <testcase name="testUnderscore" classname="org.openapitools.codegen.utils.StringUtilsTest" time="0"/>
  <testcase name="testWithApiVersion" classname="org.openapitools.codegen.typescript.typescriptangular.TypescriptAngularApiVersionTest" time="0.001"/>
  <testcase name="testWithNpmVersion" classname="org.openapitools.codegen.typescript.typescriptangular.TypescriptAngularApiVersionTest" time="0"/>
  <testcase name="testWithoutApiVersion" classname="org.openapitools.codegen.typescript.typescriptangular.TypescriptAngularApiVersionTest" time="0"/>
  <testcase name="checkOptionsHelp" classname="org.openapitools.codegen.haskellservant.HaskellServantOptionsTest" time="0.005"/>
  <testcase name="checkOptionsHelp" classname="org.openapitools.codegen.typescript.typescriptangular.TypeScriptAngularClientOptionsTest" time="0.002"/>
  <testcase name="checkOptionsProcessing" classname="org.openapitools.codegen.haskellservant.HaskellServantOptionsTest" time="0.214"/>
  <testcase name="checkOptionsProcessing" classname="org.openapitools.codegen.typescript.typescriptangular.TypeScriptAngularClientOptionsTest" time="0.287"/>
  <testcase name="arraysInRequestBody" classname="org.openapitools.codegen.java.JavaClientCodegenTest" time="0.008"/>
  <testcase name="escapeName" classname="org.openapitools.codegen.java.JavaClientCodegenTest" time="0.001"/>
  <testcase name="nullValuesInComposedSchema" classname="org.openapitools.codegen.java.JavaClientCodegenTest" time="0"/>
  <testcase name="testAdditionalPropertiesPutForConfigValues" classname="org.openapitools.codegen.java.JavaClientCodegenTest" time="0.001"/>
  <testcase name="testAuthorizationScopeValues_Issue392" classname="org.openapitools.codegen.java.JavaClientCodegenTest" time="0.011"/>
  <testcase name="testBearerAuth" classname="org.openapitools.codegen.java.JavaClientCodegenTest" time="0.002"/>
  <testcase name="testFreeFormObjects" classname="org.openapitools.codegen.java.JavaClientCodegenTest" time="0.004"/>
  <testcase name="testGeneratePing" classname="org.openapitools.codegen.java.JavaClientCodegenTest" time="0.262"/>
  <testcase name="testGetSchemaTypeWithComposedSchemaWithAllOf" classname="org.openapitools.codegen.java.JavaClientCodegenTest" time="0.007"/>
  <testcase name="testInitialConfigValues" classname="org.openapitools.codegen.java.JavaClientCodegenTest" time="0"/>
  <testcase name="testJdkHttpClient" classname="org.openapitools.codegen.java.JavaClientCodegenTest" time="0.061"/>
  <testcase name="testPackageNamesSetInvokerDerivedFromApi" classname="org.openapitools.codegen.java.JavaClientCodegenTest" time="0"/>
  <testcase name="testPackageNamesSetInvokerDerivedFromModel" classname="org.openapitools.codegen.java.JavaClientCodegenTest" time="0"/>
  <testcase name="testParametersAreCorrectlyOrderedWhenUsingRetrofit" classname="org.openapitools.codegen.java.JavaClientCodegenTest" time="0.001"/>
  <testcase name="testReferencedHeader" classname="org.openapitools.codegen.java.JavaClientCodegenTest" time="0.006"/>
  <testcase name="testSettersForConfigValues" classname="org.openapitools.codegen.java.JavaClientCodegenTest" time="0.001"/>
  <testcase name="updateCodegenPropertyEnum" classname="org.openapitools.codegen.java.JavaClientCodegenTest" time="0.001"/>
  <testcase name="updateCodegenPropertyEnumWithCustomNames" classname="org.openapitools.codegen.java.JavaClientCodegenTest" time="0"/>
  <testcase name="testComposedSchemasAreNotUnaliased" classname="org.openapitools.codegen.utils.ModelUtilsTest" time="0.001"/>
  <testcase name="testGetAllUsedSchemas" classname="org.openapitools.codegen.utils.ModelUtilsTest" time="0.006"/>
  <testcase name="testGetUnusedSchemas" classname="org.openapitools.codegen.utils.ModelUtilsTest" time="0.005"/>
  <testcase name="testGlobalProducesConsumes" classname="org.openapitools.codegen.utils.ModelUtilsTest" time="0.003"/>
  <testcase name="testIsFreeFormObject" classname="org.openapitools.codegen.utils.ModelUtilsTest" time="0"/>
  <testcase name="testNoComponentsSection" classname="org.openapitools.codegen.utils.ModelUtilsTest" time="0"/>
  <testcase name="testReferencedApiResponse" classname="org.openapitools.codegen.utils.ModelUtilsTest" time="0"/>
  <testcase name="testReferencedParameter" classname="org.openapitools.codegen.utils.ModelUtilsTest" time="0"/>
  <testcase name="testReferencedRequestBody" classname="org.openapitools.codegen.utils.ModelUtilsTest" time="0"/>
  <testcase name="testReferencedSchema" classname="org.openapitools.codegen.utils.ModelUtilsTest" time="0"/>
  <testcase name="testSchemasUsedOnlyInFormParam" classname="org.openapitools.codegen.utils.ModelUtilsTest" time="0.004"/>
  <testcase name="arrayModelTest" classname="org.openapitools.codegen.php.PhpModelTest" time="0.001"/>
  <testcase name="complexListProperty" classname="org.openapitools.codegen.php.PhpModelTest" time="0"/>
  <testcase name="complexMapSchema" classname="org.openapitools.codegen.php.PhpModelTest" time="0.001"/>
  <testcase name="complexPropertyTest" classname="org.openapitools.codegen.php.PhpModelTest" time="0.001"/>
  <testcase name="dateTest" classname="org.openapitools.codegen.php.PhpModelTest" time="0.004"/>
  <testcase name="enumArrayModelTest" classname="org.openapitools.codegen.php.PhpModelTest" time="0.036"/>
  <testcase name="enumMdoelValueTest" classname="org.openapitools.codegen.php.PhpModelTest" time="0.031"/>
  <testcase name="listPropertyTest" classname="org.openapitools.codegen.php.PhpModelTest" time="0.001"/>
  <testcase name="mapModelTest" classname="org.openapitools.codegen.php.PhpModelTest" time="0.001"/>
  <testcase name="mapPropertyTest" classname="org.openapitools.codegen.php.PhpModelTest" time="0.001"/>
  <testcase name="modelNameTest" classname="org.openapitools.codegen.php.PhpModelTest" time="0"/>
  <testcase name="modelNameTest" classname="org.openapitools.codegen.php.PhpModelTest" time="0"/>
  <testcase name="modelNameTest" classname="org.openapitools.codegen.php.PhpModelTest" time="0"/>
  <testcase name="modelNameTest" classname="org.openapitools.codegen.php.PhpModelTest" time="0"/>
  <testcase name="modelNameTest" classname="org.openapitools.codegen.php.PhpModelTest" time="0.001"/>
  <testcase name="modelNameTest" classname="org.openapitools.codegen.php.PhpModelTest" time="0"/>
  <testcase name="modelNameTest" classname="org.openapitools.codegen.php.PhpModelTest" time="0"/>
  <testcase name="simpleModelTest" classname="org.openapitools.codegen.php.PhpModelTest" time="0.001"/>
  <testcase name="testReservedWord" classname="org.openapitools.codegen.php.PhpModelTest" time="0.001"/>
  <testcase name="testAdditionalPropertiesPutForConfigValues" classname="org.openapitools.codegen.python.PythonClientCodegenTest" time="0.001"/>
  <testcase name="testEnumNull" classname="org.openapitools.codegen.python.PythonClientCodegenTest" time="0.003"/>
  <testcase name="testInitialConfigValues" classname="org.openapitools.codegen.python.PythonClientCodegenTest" time="0"/>
  <testcase name="testRegularExpressionOpenAPISchemaVersion3" classname="org.openapitools.codegen.python.PythonClientCodegenTest" time="0.007"/>
  <testcase name="testSettersForConfigValues" classname="org.openapitools.codegen.python.PythonClientCodegenTest" time="0"/>
  <testcase name="testSingleQuotes" classname="org.openapitools.codegen.python.PythonClientCodegenTest" time="0"/>
  <testcase name="checkOptionsHelp" classname="org.openapitools.codegen.python.PythonClientOptionsTest" time="0.003"/>
  <testcase name="checkOptionsProcessing" classname="org.openapitools.codegen.python.PythonClientOptionsTest" time="0.257"/>
  <testcase name="testGenerateRootEndpoint" classname="org.openapitools.codegen.haskellservant.HaskellServantCodegenTest" time="0.016"/>
  <testcase name="allUpperCaseOneNonLetterNamesTest" classname="org.openapitools.codegen.java.JavaModelTest" time="0.004"/>
  <testcase name="arrayModelTest" classname="org.openapitools.codegen.java.JavaModelTest" time="0.002"/>
  <testcase name="arrayModelWithItemNameTest" classname="org.openapitools.codegen.java.JavaModelTest" time="0.001"/>
  <testcase name="arrayOfArraySchemaTest" classname="org.openapitools.codegen.java.JavaModelTest" time="0.001"/>
  <testcase name="arrayOfArraySchemaTestInOperationResponse" classname="org.openapitools.codegen.java.JavaModelTest" time="0.003"/>
  <testcase name="arrayOfArraySchemaTestInRequestBody" classname="org.openapitools.codegen.java.JavaModelTest" time="0.002"/>
  <testcase name="arraySchemaTest" classname="org.openapitools.codegen.java.JavaModelTest" time="0.001"/>
  <testcase name="arraySchemaTestInOperationResponse" classname="org.openapitools.codegen.java.JavaModelTest" time="0.003"/>
  <testcase name="arraySchemaTestInRequestBody" classname="org.openapitools.codegen.java.JavaModelTest" time="0.001"/>
  <testcase name="binaryDataTest" classname="org.openapitools.codegen.java.JavaModelTest" time="0"/>
  <testcase name="booleanPropertyTest" classname="org.openapitools.codegen.java.JavaModelTest" time="0.001"/>
  <testcase name="classPropertyTest" classname="org.openapitools.codegen.java.JavaModelTest" time="0.001"/>
  <testcase name="classPropertyTest" classname="org.openapitools.codegen.java.JavaModelTest" time="0"/>
  <testcase name="classPropertyTest" classname="org.openapitools.codegen.java.JavaModelTest" time="0.001"/>
  <testcase name="complexListPropertyTest" classname="org.openapitools.codegen.java.JavaModelTest" time="0.001"/>
  <testcase name="complexMapPropertyTest" classname="org.openapitools.codegen.java.JavaModelTest" time="0.001"/>
  <testcase name="complexPropertiesTest" classname="org.openapitools.codegen.java.JavaModelTest" time="0"/>
  <testcase name="convertParameterTest" classname="org.openapitools.codegen.java.JavaModelTest" time="0.001"/>
  <testcase name="escapeNamesTest" classname="org.openapitools.codegen.java.JavaModelTest" time="0"/>
  <testcase name="firstTwoUpperCaseLetterNamesTest" classname="org.openapitools.codegen.java.JavaModelTest" time="0"/>
  <testcase name="generateEmpty" classname="org.openapitools.codegen.java.JavaModelTest" time="0.047"/>
  <testcase name="generateModel" classname="org.openapitools.codegen.java.JavaModelTest" time="0.19"/>
  <testcase name="hyphensTest" classname="org.openapitools.codegen.java.JavaModelTest" time="0"/>
  <testcase name="integerPropertyInReferencedSchemaTest" classname="org.openapitools.codegen.java.JavaModelTest" time="0"/>
  <testcase name="integerPropertyTest" classname="org.openapitools.codegen.java.JavaModelTest" time="0"/>
  <testcase name="invalidParamNameTest" classname="org.openapitools.codegen.java.JavaModelTest" time="0.001"/>
  <testcase name="list2DPropertyTest" classname="org.openapitools.codegen.java.JavaModelTest" time="0.001"/>
  <testcase name="listPropertyTest" classname="org.openapitools.codegen.java.JavaModelTest" time="0"/>
  <testcase name="longPropertyInReferencedSchemaTest" classname="org.openapitools.codegen.java.JavaModelTest" time="0.001"/>
  <testcase name="longPropertyTest" classname="org.openapitools.codegen.java.JavaModelTest" time="0"/>
  <testcase name="mapModelTest" classname="org.openapitools.codegen.java.JavaModelTest" time="0.001"/>
  <testcase name="mapPropertyTest" classname="org.openapitools.codegen.java.JavaModelTest" time="0"/>
  <testcase name="mapWithAnListOfBigDecimalTest" classname="org.openapitools.codegen.java.JavaModelTest" time="0.001"/>
  <testcase name="mapWithListPropertyTest" classname="org.openapitools.codegen.java.JavaModelTest" time="0.001"/>
  <testcase name="modelNameTest" classname="org.openapitools.codegen.java.JavaModelTest" time="0.001"/>
  <testcase name="modelNameTest" classname="org.openapitools.codegen.java.JavaModelTest" time="0"/>
  <testcase name="modelNameTest" classname="org.openapitools.codegen.java.JavaModelTest" time="0"/>
  <testcase name="modelNameTest" classname="org.openapitools.codegen.java.JavaModelTest" time="0"/>
  <testcase name="modelNameTest" classname="org.openapitools.codegen.java.JavaModelTest" time="0"/>
  <testcase name="modelNameTest" classname="org.openapitools.codegen.java.JavaModelTest" time="0"/>
  <testcase name="modelNameTest" classname="org.openapitools.codegen.java.JavaModelTest" time="0.001"/>
  <testcase name="modelNameTest" classname="org.openapitools.codegen.java.JavaModelTest" time="0"/>
  <testcase name="modelWithWrappedXmlTest" classname="org.openapitools.codegen.java.JavaModelTest" time="0.001"/>
  <testcase name="modelWithXmlTest" classname="org.openapitools.codegen.java.JavaModelTest" time="0.001"/>
  <testcase name="restrictedCharactersPropertiesTest" classname="org.openapitools.codegen.java.JavaModelTest" time="0.001"/>
  <testcase name="secondCharUpperCaseNamesTest" classname="org.openapitools.codegen.java.JavaModelTest" time="0"/>
  <testcase name="simpleModelTest" classname="org.openapitools.codegen.java.JavaModelTest" time="0"/>
  <testcase name="squareBracketsTest" classname="org.openapitools.codegen.java.JavaModelTest" time="0.001"/>
  <testcase name="stringPropertyInObjectTest" classname="org.openapitools.codegen.java.JavaModelTest" time="0"/>
  <testcase name="stringPropertyReferencedInObjectTest" classname="org.openapitools.codegen.java.JavaModelTest" time="0"/>
  <testcase name="stringPropertyTest" classname="org.openapitools.codegen.java.JavaModelTest" time="0.001"/>
  <testcase name="upperCaseNamesNumbersTest" classname="org.openapitools.codegen.java.JavaModelTest" time="0.001"/>
  <testcase name="upperCaseNamesTest" classname="org.openapitools.codegen.java.JavaModelTest" time="0.001"/>
  <testcase name="exampleValueTest" classname="org.openapitools.codegen.php.PhpClientExampleTest" time="0"/>
  <testcase name="testAdditionalPropertiesFalse" classname="org.openapitools.codegen.html.StaticHtmlGeneratorTest" time="0.031"/>
  <testcase name="testFromPropertyWithUnderscores" classname="org.openapitools.codegen.html.StaticHtmlGeneratorTest" time="0.001"/>
  <testcase name="testSpecWithoutSchema" classname="org.openapitools.codegen.html.StaticHtmlGeneratorTest" time="0.004"/>
  <testcase name="apIFileFolder" classname="org.openapitools.codegen.kotlin.AbstractKotlinCodegenTest" time="0.001"/>
  <testcase name="apiTestFileFolder" classname="org.openapitools.codegen.kotlin.AbstractKotlinCodegenTest" time="0"/>
  <testcase name="camlCaseEnumConverter" classname="org.openapitools.codegen.kotlin.AbstractKotlinCodegenTest" time="0.001"/>
  <testcase name="convertApiNameWithEmptySuffix" classname="org.openapitools.codegen.kotlin.AbstractKotlinCodegenTest" time="0"/>
  <testcase name="convertApiNameWithSuffix" classname="org.openapitools.codegen.kotlin.AbstractKotlinCodegenTest" time="0"/>
  <testcase name="convertModelName" classname="org.openapitools.codegen.kotlin.AbstractKotlinCodegenTest" time="0.001"/>
  <testcase name="convertModelNameTitleCase" classname="org.openapitools.codegen.kotlin.AbstractKotlinCodegenTest" time="0"/>
  <testcase name="convertVarName" classname="org.openapitools.codegen.kotlin.AbstractKotlinCodegenTest" time="0.001"/>
  <testcase name="isDataTypeString" classname="org.openapitools.codegen.kotlin.AbstractKotlinCodegenTest" time="0"/>
  <testcase name="originalEnumConverter" classname="org.openapitools.codegen.kotlin.AbstractKotlinCodegenTest" time="0"/>
  <testcase name="pascalCaseEnumConverter" classname="org.openapitools.codegen.kotlin.AbstractKotlinCodegenTest" time="0"/>
  <testcase name="snake_caseEnumConverter" classname="org.openapitools.codegen.kotlin.AbstractKotlinCodegenTest" time="0"/>
  <testcase name="toEnumValue" classname="org.openapitools.codegen.kotlin.AbstractKotlinCodegenTest" time="0"/>
  <testcase name="toModelNameShouldUseProvidedMapping" classname="org.openapitools.codegen.kotlin.AbstractKotlinCodegenTest" time="0"/>
  <testcase name="uppercasEnumConverter" classname="org.openapitools.codegen.kotlin.AbstractKotlinCodegenTest" time="0"/>
  <testcase name="modelTest" classname="org.openapitools.codegen.haskellservant.HaskellModelTest" time="0.001"/>
  <testcase name="responseWithoutContent" classname="org.openapitools.codegen.java.JavaCXFClientCodegenTest" time="0.002"/>
  <testcase name="testAdditionalPropertiesPutForConfigValues" classname="org.openapitools.codegen.java.JavaCXFClientCodegenTest" time="0.001"/>
  <testcase name="testInitialConfigValues" classname="org.openapitools.codegen.java.JavaCXFClientCodegenTest" time="0"/>
  <testcase name="testSettersForConfigValues" classname="org.openapitools.codegen.java.JavaCXFClientCodegenTest" time="0"/>
  <testcase name="testAdditionalPropertiesPutForConfigValues" classname="org.openapitools.codegen.php.PhpLaravelServerCodegenTest" time="0.003"/>
  <testcase name="testInitialConfigValues" classname="org.openapitools.codegen.php.PhpLaravelServerCodegenTest" time="0.001"/>
  <testcase name="testSettersForConfigValues" classname="org.openapitools.codegen.php.PhpLaravelServerCodegenTest" time="0"/>
  <testcase name="arrayModelTest" classname="org.openapitools.codegen.python.PythonTest" time="0.002"/>
  <testcase name="complexListPropertyTest" classname="org.openapitools.codegen.python.PythonTest" time="0"/>
  <testcase name="complexMapPropertyTest" classname="org.openapitools.codegen.python.PythonTest" time="0.001"/>
  <testcase name="complexPropertyTest" classname="org.openapitools.codegen.python.PythonTest" time="0"/>
  <testcase name="listPropertyTest" classname="org.openapitools.codegen.python.PythonTest" time="0"/>
  <testcase name="mapModelTest" classname="org.openapitools.codegen.python.PythonTest" time="0.001"/>
  <testcase name="mapPropertyTest" classname="org.openapitools.codegen.python.PythonTest" time="0.001"/>
  <testcase name="modelTest" classname="org.openapitools.codegen.python.PythonTest" time="0.14"/>
  <testcase name="simpleModelTest" classname="org.openapitools.codegen.python.PythonTest" time="0.001"/>
  <testcase name="additionalPropertyArtifactSnapShotVersionTest" classname="org.openapitools.codegen.java.AbstractJavaCodegenTest" time="0.001"/>
  <testcase name="additionalPropertyArtifactVersionTest" classname="org.openapitools.codegen.java.AbstractJavaCodegenTest" time="0"/>
  <testcase name="apiDocFileFolder" classname="org.openapitools.codegen.java.AbstractJavaCodegenTest" time="0"/>
  <testcase name="apiFileFolder" classname="org.openapitools.codegen.java.AbstractJavaCodegenTest" time="0.001"/>
  <testcase name="apiTestFileFolder" classname="org.openapitools.codegen.java.AbstractJavaCodegenTest" time="0"/>
  <testcase name="convertModelName" classname="org.openapitools.codegen.java.AbstractJavaCodegenTest" time="0"/>
  <testcase name="convertVarName" classname="org.openapitools.codegen.java.AbstractJavaCodegenTest" time="0"/>
  <testcase name="defaultVersionTest" classname="org.openapitools.codegen.java.AbstractJavaCodegenTest" time="0"/>
  <testcase name="modelFileFolder" classname="org.openapitools.codegen.java.AbstractJavaCodegenTest" time="0"/>
  <testcase name="modelTestFileFolder" classname="org.openapitools.codegen.java.AbstractJavaCodegenTest" time="0.001"/>
  <testcase name="openApiSnapShotVersionTest" classname="org.openapitools.codegen.java.AbstractJavaCodegenTest" time="0"/>
  <testcase name="openApiversionTest" classname="org.openapitools.codegen.java.AbstractJavaCodegenTest" time="0.001"/>
  <testcase name="snapshotVersionTest" classname="org.openapitools.codegen.java.AbstractJavaCodegenTest" time="0"/>
  <testcase name="testAdditionalPropertiesPutForConfigValues" classname="org.openapitools.codegen.java.AbstractJavaCodegenTest" time="0"/>
  <testcase name="testInitialConfigValues" classname="org.openapitools.codegen.java.AbstractJavaCodegenTest" time="0"/>
  <testcase name="testPreprocessOpenAPI" classname="org.openapitools.codegen.java.AbstractJavaCodegenTest" time="0.009"/>
  <testcase name="testPreprocessOpenAPINumVersion" classname="org.openapitools.codegen.java.AbstractJavaCodegenTest" time="0.004"/>
  <testcase name="testSettersForConfigValues" classname="org.openapitools.codegen.java.AbstractJavaCodegenTest" time="0"/>
  <testcase name="toEnumValue" classname="org.openapitools.codegen.java.AbstractJavaCodegenTest" time="0"/>
  <testcase name="toEnumVarNameShouldNotShortenUnderScore" classname="org.openapitools.codegen.java.AbstractJavaCodegenTest" time="0"/>
  <testcase name="toModelNameShouldUseProvidedMapping" classname="org.openapitools.codegen.java.AbstractJavaCodegenTest" time="0"/>
  <testcase name="toModelNameUsesPascalCase" classname="org.openapitools.codegen.java.AbstractJavaCodegenTest" time="0"/>
  <testcase name="toVarNameShouldAvoidOverloadingGetClassMethod" classname="org.openapitools.codegen.java.AbstractJavaCodegenTest" time="0"/>
  <testcase name="checkOptionsHelp" classname="org.openapitools.codegen.silex.PhpSilexServerOptionsTest" time="0.003"/>
  <testcase name="checkOptionsProcessing" classname="org.openapitools.codegen.silex.PhpSilexServerOptionsTest" time="0.238"/>
  <testcase name="testAdditionalPropertiesPutForConfigValues" classname="org.openapitools.codegen.eiffel.EiffelClientCodegenTest" time="0.003"/>
  <testcase name="testInitialConfigValues" classname="org.openapitools.codegen.eiffel.EiffelClientCodegenTest" time="0"/>
  <testcase name="testSettersForConfigValues" classname="org.openapitools.codegen.eiffel.EiffelClientCodegenTest" time="0"/>
  <testcase name="arrayPropertyTest" classname="org.openapitools.codegen.kotlin.KotlinClientCodegenModelTest" time="0.005"/>
  <testcase name="complexPropertyTest" classname="org.openapitools.codegen.kotlin.KotlinClientCodegenModelTest" time="0"/>
  <testcase name="listPropertyTest" classname="org.openapitools.codegen.kotlin.KotlinClientCodegenModelTest" time="0.002"/>
  <testcase name="mapPropertyTest" classname="org.openapitools.codegen.kotlin.KotlinClientCodegenModelTest" time="0.001"/>
  <testcase name="sanitizeModelNames" classname="org.openapitools.codegen.kotlin.KotlinClientCodegenModelTest" time="0.001"/>
  <testcase name="sanitizeModelNames" classname="org.openapitools.codegen.kotlin.KotlinClientCodegenModelTest" time="0.001"/>
  <testcase name="sanitizeModelNames" classname="org.openapitools.codegen.kotlin.KotlinClientCodegenModelTest" time="0.001"/>
  <testcase name="sanitizeModelNames" classname="org.openapitools.codegen.kotlin.KotlinClientCodegenModelTest" time="0.002"/>
  <testcase name="sanitizeModelNames" classname="org.openapitools.codegen.kotlin.KotlinClientCodegenModelTest" time="0"/>
  <testcase name="selectDateLibraryAsJava8" classname="org.openapitools.codegen.kotlin.KotlinClientCodegenModelTest" time="0"/>
  <testcase name="selectDateLibraryAsString" classname="org.openapitools.codegen.kotlin.KotlinClientCodegenModelTest" time="0.001"/>
  <testcase name="selectDateLibraryAsThreetenbp" classname="org.openapitools.codegen.kotlin.KotlinClientCodegenModelTest" time="0.001"/>
  <testcase name="simpleModelTest" classname="org.openapitools.codegen.kotlin.KotlinClientCodegenModelTest" time="0.001"/>
  <testcase name="testAdditionalPropertiesPutForConfigValues" classname="org.openapitools.codegen.php.PhpSymfonyServerCodegenTest" time="0.002"/>
  <testcase name="testInitialConfigValues" classname="org.openapitools.codegen.php.PhpSymfonyServerCodegenTest" time="0"/>
  <testcase name="testSettersForConfigValues" classname="org.openapitools.codegen.php.PhpSymfonyServerCodegenTest" time="0"/>
  <testcase name="testAdditionalPropertiesPutForConfigValues" classname="org.openapitools.codegen.eiffel.AbstractEiffelCodegenTest" time="0"/>
  <testcase name="testInitialConfigValues" classname="org.openapitools.codegen.eiffel.AbstractEiffelCodegenTest" time="0"/>
  <testcase name="testSettersForConfigValues" classname="org.openapitools.codegen.eiffel.AbstractEiffelCodegenTest" time="0"/>
  <testcase name="shouldSetConfiglProperties" classname="org.openapitools.codegen.config.CodegenConfiguratorTest" time="0.008"/>
  <testcase name="testAdditionalPropertiesPutForConfigValues" classname="org.openapitools.codegen.java.play.JavaPlayFrameworkCodegenTest" time="0.001"/>
  <testcase name="testInitialConfigValues" classname="org.openapitools.codegen.java.play.JavaPlayFrameworkCodegenTest" time="0"/>
  <testcase name="testSettersForConfigValues" classname="org.openapitools.codegen.java.play.JavaPlayFrameworkCodegenTest" time="0"/>
  <testcase name="testAdditionalPropertiesPutForConfigValues" classname="org.openapitools.codegen.kotlin.spring.KotlinSpringServerCodegenTest" time="0.001"/>
  <testcase name="testInitialConfigValues" classname="org.openapitools.codegen.kotlin.spring.KotlinSpringServerCodegenTest" time="0"/>
  <testcase name="testSettersForConfigValues" classname="org.openapitools.codegen.kotlin.spring.KotlinSpringServerCodegenTest" time="0"/>
  <testcase name="testSettingInvokerPackageToBasePackage" classname="org.openapitools.codegen.kotlin.spring.KotlinSpringServerCodegenTest" time="0"/>
  <testcase name="testAdditionalPropertiesPutForConfigValues" classname="org.openapitools.codegen.lua.LuaClientCodegenTest" time="0.001"/>
  <testcase name="testInitialConfigValues" classname="org.openapitools.codegen.lua.LuaClientCodegenTest" time="0"/>
  <testcase name="testSettersForConfigValues" classname="org.openapitools.codegen.lua.LuaClientCodegenTest" time="0"/>
  <testcase name="checkOptionsHelp" classname="org.openapitools.codegen.objc.ObjcClientOptionsTest" time="0.004"/>
  <testcase name="checkOptionsProcessing" classname="org.openapitools.codegen.objc.ObjcClientOptionsTest" time="0.25"/>
  <testcase name="escapeReservedWordTest" classname="org.openapitools.codegen.bash.BashTest" time="0.002"/>
  <testcase name="escapeTextTest" classname="org.openapitools.codegen.bash.BashTest" time="0.002"/>
  <testcase name="escapeUnsafeCharactersTest" classname="org.openapitools.codegen.bash.BashTest" time="0"/>
  <testcase name="petstoreOperationTest" classname="org.openapitools.codegen.bash.BashTest" time="0.027"/>
  <testcase name="petstoreParameterExampleTest" classname="org.openapitools.codegen.bash.BashTest" time="0.008"/>
  <testcase name="tesDynamicSettingsWithDynamicProperties" classname="org.openapitools.codegen.config.DynamicSettingsTest" time="0.035"/>
  <testcase name="testDynamicSettingsSetsConstructorDefaultsOnDeserialization" classname="org.openapitools.codegen.config.DynamicSettingsTest" time="0.001"/>
  <testcase name="testDynamicSettingsWithBuilderSideEffects" classname="org.openapitools.codegen.config.DynamicSettingsTest" time="0.001"/>
  <testcase name="addDefaultValueDocumentationForNonContainers" classname="org.openapitools.codegen.java.jaxrs.JavaResteasyEapServerCodegenModelTest" time="0.023"/>
  <testcase name="doNotAddDefaultValueDocumentationForContainers" classname="org.openapitools.codegen.java.jaxrs.JavaResteasyEapServerCodegenModelTest" time="0.009"/>
  <testcase name="doNotGenerateJsonAnnotationForPolymorphismIfJsonExclude" classname="org.openapitools.codegen.java.jaxrs.JavaResteasyEapServerCodegenModelTest" time="0.026"/>
  <testcase name="generateJsonAnnotationForPolymorphism" classname="org.openapitools.codegen.java.jaxrs.JavaResteasyEapServerCodegenModelTest" time="0.023"/>
  <testcase name="mapModelTest" classname="org.openapitools.codegen.java.jaxrs.JavaResteasyEapServerCodegenModelTest" time="0.001"/>
  <testcase name="uppercaseTest" classname="org.openapitools.codegen.templating.mustache.UppercaseLambdaTest" time="0.001"/>
  <testcase name="checkOptionsHelp" classname="org.openapitools.codegen.bash.BashClientOptionsTest" time="0.002"/>
  <testcase name="checkOptionsHelp" classname="org.openapitools.codegen.elixir.ElixirClientOptionsTest" time="0.002"/>
  <testcase name="checkOptionsProcessing" classname="org.openapitools.codegen.bash.BashClientOptionsTest" time="0.255"/>
  <testcase name="checkOptionsProcessing" classname="org.openapitools.codegen.elixir.ElixirClientOptionsTest" time="0.252"/>
  <testcase name="addDefaultValueDocumentationForNonContainers" classname="org.openapitools.codegen.java.jaxrs.JavaJerseyServerCodegenTest" time="0.04"/>
  <testcase name="doNotAddDefaultValueDocumentationForContainers" classname="org.openapitools.codegen.java.jaxrs.JavaJerseyServerCodegenTest" time="0.018"/>
  <testcase name="doNotGenerateJsonAnnotationForPolymorphismIfJsonExclude" classname="org.openapitools.codegen.java.jaxrs.JavaJerseyServerCodegenTest" time="0.04"/>
  <testcase name="generateJsonAnnotationForPolymorphism" classname="org.openapitools.codegen.java.jaxrs.JavaJerseyServerCodegenTest" time="0.034"/>
  <testcase name="testAddOperationToGroupUseTagsFalse" classname="org.openapitools.codegen.java.jaxrs.JavaJerseyServerCodegenTest" time="0.031"/>
  <testcase name="testAddOperationToGroupUseTagsTrue" classname="org.openapitools.codegen.java.jaxrs.JavaJerseyServerCodegenTest" time="0.029"/>
  <testcase name="testAdditionalPropertiesPutForConfigValues" classname="org.openapitools.codegen.java.jaxrs.JavaJerseyServerCodegenTest" time="0"/>
  <testcase name="testInitialConfigValues" classname="org.openapitools.codegen.java.jaxrs.JavaJerseyServerCodegenTest" time="0"/>
  <testcase name="testSettersForConfigValues" classname="org.openapitools.codegen.java.jaxrs.JavaJerseyServerCodegenTest" time="0"/>
  <testcase name="testAdditionalPropertiesPutForConfigValues" classname="org.openapitools.codegen.objc.ObjcClientCodegenTest" time="0"/>
  <testcase name="testInitialConfigValues" classname="org.openapitools.codegen.objc.ObjcClientCodegenTest" time="0.001"/>
  <testcase name="testSettersForConfigValues" classname="org.openapitools.codegen.objc.ObjcClientCodegenTest" time="0"/>
  <testcase name="firstValueIsReturnedTest" classname="org.openapitools.codegen.templating.mustache.OnChangeLambdaTest" time="0"/>
  <testcase name="repeatingValueReturnedOnFirstOccurrenceTest" classname="org.openapitools.codegen.templating.mustache.OnChangeLambdaTest" time="0"/>
  <testcase name="testAdditionalPropertiesPutForConfigValues" classname="org.openapitools.codegen.dart.DartClientCodegenTest" time="0.001"/>
  <testcase name="testInitialConfigValues" classname="org.openapitools.codegen.dart.DartClientCodegenTest" time="0"/>
  <testcase name="testSettersForConfigValues" classname="org.openapitools.codegen.dart.DartClientCodegenTest" time="0"/>
  <testcase name="addDefaultValueDocumentationForNonContainers" classname="org.openapitools.codegen.java.jaxrs.JavaJaxrsResteasyServerCodegenModelTest" time="0.023"/>
  <testcase name="doNotAddDefaultValueDocumentationForContainers" classname="org.openapitools.codegen.java.jaxrs.JavaJaxrsResteasyServerCodegenModelTest" time="0.013"/>
  <testcase name="doNotGenerateJsonAnnotationForPolymorphismIfJsonExclude" classname="org.openapitools.codegen.java.jaxrs.JavaJaxrsResteasyServerCodegenModelTest" time="0.026"/>
  <testcase name="generateJsonAnnotationForPolymorphism" classname="org.openapitools.codegen.java.jaxrs.JavaJaxrsResteasyServerCodegenModelTest" time="0.024"/>
  <testcase name="mapModelTest" classname="org.openapitools.codegen.java.jaxrs.JavaJaxrsResteasyServerCodegenModelTest" time="0"/>
  <testcase name="lowercaseReservedWordTest" classname="org.openapitools.codegen.templating.mustache.LowercaseLambdaTest" time="0.001"/>
  <testcase name="lowercaseTest" classname="org.openapitools.codegen.templating.mustache.LowercaseLambdaTest" time="0"/>
  <testcase name="advancedMapPropertyTest" classname="org.openapitools.codegen.objc.ObjcModelTest" time="0.002"/>
  <testcase name="arrayModelTest" classname="org.openapitools.codegen.objc.ObjcModelTest" time="0.001"/>
  <testcase name="binaryDataModelTest" classname="org.openapitools.codegen.objc.ObjcModelTest" time="0.005"/>
  <testcase name="complexListPropertyTest" classname="org.openapitools.codegen.objc.ObjcModelTest" time="0.001"/>
  <testcase name="complexMapPropertyTest" classname="org.openapitools.codegen.objc.ObjcModelTest" time="0.001"/>
  <testcase name="complexPropertyTest" classname="org.openapitools.codegen.objc.ObjcModelTest" time="0"/>
  <testcase name="isArrayModelModelTest" classname="org.openapitools.codegen.objc.ObjcModelTest" time="0.042"/>
  <testcase name="issue316Test" classname="org.openapitools.codegen.objc.ObjcModelTest" time="0.004"/>
  <testcase name="listPropertyTest" classname="org.openapitools.codegen.objc.ObjcModelTest" time="0.001"/>
  <testcase name="mapModelTest" classname="org.openapitools.codegen.objc.ObjcModelTest" time="0"/>
  <testcase name="mapPropertyTest" classname="org.openapitools.codegen.objc.ObjcModelTest" time="0.001"/>
  <testcase name="mixedPropertiesDataModelTest" classname="org.openapitools.codegen.objc.ObjcModelTest" time="0.028"/>
  <testcase name="simpleModelTest" classname="org.openapitools.codegen.objc.ObjcModelTest" time="0.001"/>
  <testcase name="udidAndPasswordDataModelTest" classname="org.openapitools.codegen.objc.ObjcModelTest" time="0.026"/>
  <testcase name="arrayModelTest" classname="org.openapitools.codegen.scalahttpclient.ScalaHttpClientModelTest" time="0.004"/>
  <testcase name="complexListPropertyTest" classname="org.openapitools.codegen.scalahttpclient.ScalaHttpClientModelTest" time="0.001"/>
  <testcase name="complexMapPropertyTest" classname="org.openapitools.codegen.scalahttpclient.ScalaHttpClientModelTest" time="0.001"/>
  <testcase name="complexPropertyTest" classname="org.openapitools.codegen.scalahttpclient.ScalaHttpClientModelTest" time="0"/>
  <testcase name="listPropertyTest" classname="org.openapitools.codegen.scalahttpclient.ScalaHttpClientModelTest" time="0.001"/>
  <testcase name="mapModelTest" classname="org.openapitools.codegen.scalahttpclient.ScalaHttpClientModelTest" time="0.001"/>
  <testcase name="mapPropertyTest" classname="org.openapitools.codegen.scalahttpclient.ScalaHttpClientModelTest" time="0.001"/>
  <testcase name="simpleModelTest" classname="org.openapitools.codegen.scalahttpclient.ScalaHttpClientModelTest" time="0"/>
  <testcase name="checkOptionsHelp" classname="org.openapitools.codegen.dart.DartClientOptionsTest" time="0.002"/>
  <testcase name="checkOptionsHelp" classname="org.openapitools.codegen.scalahttpclient.ScalaHttpClientOptionsTest" time="0.002"/>
  <testcase name="checkOptionsProcessing" classname="org.openapitools.codegen.dart.DartClientOptionsTest" time="0.279"/>
  <testcase name="checkOptionsProcessing" classname="org.openapitools.codegen.scalahttpclient.ScalaHttpClientOptionsTest" time="0.345"/>
  <testcase name="testAddOperationToGroup" classname="org.openapitools.codegen.java.jaxrs.JavaJAXRSCXFExtServerCodegenTest" time="0.033"/>
  <testcase name="testAdditionalPropertiesPutForConfigValues" classname="org.openapitools.codegen.java.jaxrs.JavaJAXRSCXFExtServerCodegenTest" time="0.001"/>
  <testcase name="testGenerateOperationBodyWithCodedTestData" classname="org.openapitools.codegen.java.jaxrs.JavaJAXRSCXFExtServerCodegenTest" time="0.12"/>
  <testcase name="testGenerateOperationBodyWithJsonTestData" classname="org.openapitools.codegen.java.jaxrs.JavaJAXRSCXFExtServerCodegenTest" time="0.097"/>
  <testcase name="testInitialConfigValues" classname="org.openapitools.codegen.java.jaxrs.JavaJAXRSCXFExtServerCodegenTest" time="0"/>
  <testcase name="testSettersForConfigValues" classname="org.openapitools.codegen.java.jaxrs.JavaJAXRSCXFExtServerCodegenTest" time="0"/>
  <testcase name="addDefaultValueDocumentationForNonContainers" classname="org.openapitools.codegen.java.jaxrs.JavaJAXRSCXFExtServerCodegenTest" time="0.008"/>
  <testcase name="doNotAddDefaultValueDocumentationForContainers" classname="org.openapitools.codegen.java.jaxrs.JavaJAXRSCXFExtServerCodegenTest" time="0.007"/>
  <testcase name="doNotGenerateJsonAnnotationForPolymorphismIfJsonExclude" classname="org.openapitools.codegen.java.jaxrs.JavaJAXRSCXFExtServerCodegenTest" time="0.021"/>
  <testcase name="generateJsonAnnotationForPolymorphism" classname="org.openapitools.codegen.java.jaxrs.JavaJAXRSCXFExtServerCodegenTest" time="0.02"/>
  <testcase name="arrayModelTest" classname="org.openapitools.codegen.dart.DartModelTest" time="0.002"/>
  <testcase name="complexListProperty" classname="org.openapitools.codegen.dart.DartModelTest" time="0"/>
  <testcase name="complexMapSchema" classname="org.openapitools.codegen.dart.DartModelTest" time="0.001"/>
  <testcase name="complexPropertyTest" classname="org.openapitools.codegen.dart.DartModelTest" time="0"/>
  <testcase name="dateTest" classname="org.openapitools.codegen.dart.DartModelTest" time="0.004"/>
  <testcase name="listPropertyTest" classname="org.openapitools.codegen.dart.DartModelTest" time="0.001"/>
  <testcase name="mapModelTest" classname="org.openapitools.codegen.dart.DartModelTest" time="0"/>
  <testcase name="mapPropertyTest" classname="org.openapitools.codegen.dart.DartModelTest" time="0.001"/>
  <testcase name="modelNameTest" classname="org.openapitools.codegen.dart.DartModelTest" time="0"/>
  <testcase name="modelNameTest" classname="org.openapitools.codegen.dart.DartModelTest" time="0"/>
  <testcase name="modelNameTest" classname="org.openapitools.codegen.dart.DartModelTest" time="0"/>
  <testcase name="modelNameTest" classname="org.openapitools.codegen.dart.DartModelTest" time="0.001"/>
  <testcase name="modelNameTest" classname="org.openapitools.codegen.dart.DartModelTest" time="0"/>
  <testcase name="modelNameTest" classname="org.openapitools.codegen.dart.DartModelTest" time="0"/>
  <testcase name="modelNameTest" classname="org.openapitools.codegen.dart.DartModelTest" time="0"/>
  <testcase name="simpleModelTest" classname="org.openapitools.codegen.dart.DartModelTest" time="0.001"/>
  <testcase name="testReservedWord" classname="org.openapitools.codegen.dart.DartModelTest" time="0.001"/>
  <testcase name="minimalUpdateTest" classname="org.openapitools.codegen.DefaultGeneratorTest" time="0.114"/>
  <testcase name="testNonStrictProcessPaths" classname="org.openapitools.codegen.DefaultGeneratorTest" time="0.002"/>
  <testcase name="testProcessPaths" classname="org.openapitools.codegen.DefaultGeneratorTest" time="0.002"/>
  <testcase name="commonLambdasRegistrationTest" classname="org.openapitools.codegen.DefaultCodegenTest" time="0"/>
  <testcase name="integerSchemaPropertyAndModelTest" classname="org.openapitools.codegen.DefaultCodegenTest" time="0"/>
  <testcase name="longSchemaPropertyAndModelTest" classname="org.openapitools.codegen.DefaultCodegenTest" time="0"/>
  <testcase name="mapParamImportInnerObject" classname="org.openapitools.codegen.DefaultCodegenTest" time="0.014"/>
  <testcase name="modelDoNotContainInheritedVars" classname="org.openapitools.codegen.DefaultCodegenTest" time="0.001"/>
  <testcase name="modelWithPrefixDoNotContainInheritedVars" classname="org.openapitools.codegen.DefaultCodegenTest" time="0.001"/>
  <testcase name="modelWithSuffixDoNotContainInheritedVars" classname="org.openapitools.codegen.DefaultCodegenTest" time="0.002"/>
  <testcase name="numberDoubleSchemaPropertyAndModelTest" classname="org.openapitools.codegen.DefaultCodegenTest" time="0"/>
  <testcase name="numberFloatSchemaPropertyAndModelTest" classname="org.openapitools.codegen.DefaultCodegenTest" time="0"/>
  <testcase name="numberSchemaPropertyAndModelTest" classname="org.openapitools.codegen.DefaultCodegenTest" time="0.001"/>
  <testcase name="objectQueryParamIdentifyAsObject" classname="org.openapitools.codegen.DefaultCodegenTest" time="0.002"/>
  <testcase name="postProcessModelsEnumWithExtention" classname="org.openapitools.codegen.DefaultCodegenTest" time="0.001"/>
  <testcase name="testAdditionalPropertiesPutForConfigValues" classname="org.openapitools.codegen.DefaultCodegenTest" time="0"/>
  <testcase name="testAllOfParent" classname="org.openapitools.codegen.DefaultCodegenTest" time="0.011"/>
  <testcase name="testAllOfRequired" classname="org.openapitools.codegen.DefaultCodegenTest" time="0.003"/>
  <testcase name="testArraySchemaIsNotIncluedInAliases" classname="org.openapitools.codegen.DefaultCodegenTest" time="0.001"/>
  <testcase name="testCallbacks" classname="org.openapitools.codegen.DefaultCodegenTest" time="0.011"/>
  <testcase name="testConsistentParameterNameAfterUniquenessRename" classname="org.openapitools.codegen.DefaultCodegenTest" time="0.002"/>
  <testcase name="testDiscriminator" classname="org.openapitools.codegen.DefaultCodegenTest" time="0.045"/>
  <testcase name="testDiscriminatorWithCustomMapping" classname="org.openapitools.codegen.DefaultCodegenTest" time="0.004"/>
  <testcase name="testEnsureNoDuplicateProduces" classname="org.openapitools.codegen.DefaultCodegenTest" time="0.003"/>
  <testcase name="testEscapeText" classname="org.openapitools.codegen.DefaultCodegenTest" time="0.001"/>
  <testcase name="testEscapeTextWhileAllowingNewLines" classname="org.openapitools.codegen.DefaultCodegenTest" time="0"/>
  <testcase name="testExample1" classname="org.openapitools.codegen.DefaultCodegenTest" time="0.002"/>
  <testcase name="testExample2" classname="org.openapitools.codegen.DefaultCodegenTest" time="0.001"/>
  <testcase name="testExample3" classname="org.openapitools.codegen.DefaultCodegenTest" time="0.002"/>
  <testcase name="testExample4" classname="org.openapitools.codegen.DefaultCodegenTest" time="0.001"/>
  <testcase name="testFormParameterHasDefaultValue" classname="org.openapitools.codegen.DefaultCodegenTest" time="0.039"/>
  <testcase name="testGetConsumesInfoAndGetProducesInfo" classname="org.openapitools.codegen.DefaultCodegenTest" time="0.001"/>
  <testcase name="testGetProducesInfo" classname="org.openapitools.codegen.DefaultCodegenTest" time="0.003"/>
  <testcase name="testGetSchemaTypeWithComposedSchemaWithOneOf" classname="org.openapitools.codegen.DefaultCodegenTest" time="0.001"/>
  <testcase name="testHasBodyParameter" classname="org.openapitools.codegen.DefaultCodegenTest" time="0"/>
  <testcase name="testInitialConfigValues" classname="org.openapitools.codegen.DefaultCodegenTest" time="0"/>
  <testcase name="testLeadingSlashIsAddedIfMissing" classname="org.openapitools.codegen.DefaultCodegenTest" time="0.001"/>
  <testcase name="testNullableProperty" classname="org.openapitools.codegen.DefaultCodegenTest" time="0.002"/>
  <testcase name="testParameterEmptyDescription" classname="org.openapitools.codegen.DefaultCodegenTest" time="0"/>
  <testcase name="testParentName" classname="org.openapitools.codegen.DefaultCodegenTest" time="0.003"/>
  <testcase name="testResponseWithNoSchemaInHeaders" classname="org.openapitools.codegen.DefaultCodegenTest" time="0"/>
  <testcase name="testSettersForConfigValues" classname="org.openapitools.codegen.DefaultCodegenTest" time="0.001"/>
  <testcase name="updateCodegenPropertyEnum" classname="org.openapitools.codegen.DefaultCodegenTest" time="0"/>
  <testcase name="updateCodegenPropertyEnumWithExtention" classname="org.openapitools.codegen.DefaultCodegenTest" time="0.001"/>
  <testcase name="testAdditionalPropertiesPutForConfigValues" classname="org.openapitools.codegen.haskellhttpclient.HaskellHttpClientCodegenTest" time="0"/>
  <testcase name="testInitialConfigValues" classname="org.openapitools.codegen.haskellhttpclient.HaskellHttpClientCodegenTest" time="0"/>
  <testcase name="testSettersForConfigValues" classname="org.openapitools.codegen.haskellhttpclient.HaskellHttpClientCodegenTest" time="0"/>
  <testcase name="checkOptionsHelp" classname="org.openapitools.codegen.perl.PerlClientOptionsTest" time="0.004"/>
  <testcase name="checkOptionsProcessing" classname="org.openapitools.codegen.perl.PerlClientOptionsTest" time="0.274"/>
  <testcase name="generateFromResponseSchemaWithArrayOfModel" classname="org.openapitools.codegen.ExampleGeneratorTest" time="0.008"/>
  <testcase name="generateFromResponseSchemaWithArrayOfPrimitiveTypes" classname="org.openapitools.codegen.ExampleGeneratorTest" time="0.002"/>
  <testcase name="generateFromResponseSchemaWithModel" classname="org.openapitools.codegen.ExampleGeneratorTest" time="0.002"/>
  <testcase name="generateFromResponseSchemaWithNoExample" classname="org.openapitools.codegen.ExampleGeneratorTest" time="0.001"/>
  <testcase name="generateFromResponseSchemaWithPrimitiveType" classname="org.openapitools.codegen.ExampleGeneratorTest" time="0.002"/>
  <testcase name="testAdditionalPropertiesPutForConfigValues" classname="org.openapitools.codegen.android.AndroidClientCodegenTest" time="0.001"/>
  <testcase name="testInitialConfigValues" classname="org.openapitools.codegen.android.AndroidClientCodegenTest" time="0.001"/>
  <testcase name="testSettersForConfigValues" classname="org.openapitools.codegen.android.AndroidClientCodegenTest" time="0"/>
  <testcase name="testAdditionalPropertiesPutForConfigValues" classname="org.openapitools.codegen.perl.PerlClientCodegenTest" time="0.001"/>
  <testcase name="testInitialConfigValues" classname="org.openapitools.codegen.perl.PerlClientCodegenTest" time="0"/>
  <testcase name="testIssue677" classname="org.openapitools.codegen.perl.PerlClientCodegenTest" time="0.007"/>
  <testcase name="testSettersForConfigValues" classname="org.openapitools.codegen.perl.PerlClientCodegenTest" time="0.001"/>
  <testcase name="checkOptionsHelp" classname="org.openapitools.codegen.mysql.MysqlSchemaOptionsTest" time="0.003"/>
  <testcase name="checkOptionsHelp" classname="org.openapitools.codegen.typescript.typescriptangularjs.TypeScriptAngularJsClientOptionsTest" time="0.002"/>
  <testcase name="checkOptionsProcessing" classname="org.openapitools.codegen.mysql.MysqlSchemaOptionsTest" time="0.295"/>
  <testcase name="checkOptionsProcessing" classname="org.openapitools.codegen.typescript.typescriptangularjs.TypeScriptAngularJsClientOptionsTest" time="0.372"/>
  <testcase name="testEscapeMysqlQuotedIdentifier" classname="org.openapitools.codegen.mysql.MysqlSchemaCodegenTest" time="0.002"/>
  <testcase name="testEscapeMysqlUnquotedIdentifier" classname="org.openapitools.codegen.mysql.MysqlSchemaCodegenTest" time="0"/>
  <testcase name="testGetDefaultDatabaseName" classname="org.openapitools.codegen.mysql.MysqlSchemaCodegenTest" time="0"/>
  <testcase name="testGetJsonDataTypeEnabled" classname="org.openapitools.codegen.mysql.MysqlSchemaCodegenTest" time="0.001"/>
  <testcase name="testGetMysqlMatchedIntegerDataType" classname="org.openapitools.codegen.mysql.MysqlSchemaCodegenTest" time="0"/>
  <testcase name="testGetMysqlMatchedStringDataType" classname="org.openapitools.codegen.mysql.MysqlSchemaCodegenTest" time="0"/>
  <testcase name="testIsMysqlDataType" classname="org.openapitools.codegen.mysql.MysqlSchemaCodegenTest" time="0.001"/>
  <testcase name="testIsReservedWord" classname="org.openapitools.codegen.mysql.MysqlSchemaCodegenTest" time="0"/>
  <testcase name="testSetDefaultDatabaseName" classname="org.openapitools.codegen.mysql.MysqlSchemaCodegenTest" time="0"/>
  <testcase name="testSetJsonDataTypeEnabled" classname="org.openapitools.codegen.mysql.MysqlSchemaCodegenTest" time="0.001"/>
  <testcase name="testToCodegenMysqlDataTypeArgument" classname="org.openapitools.codegen.mysql.MysqlSchemaCodegenTest" time="0"/>
  <testcase name="testToCodegenMysqlDataTypeDefault" classname="org.openapitools.codegen.mysql.MysqlSchemaCodegenTest" time="0"/>
  <testcase name="testToCodegenMysqlDataTypeDefaultWithExceptionalColumnType" classname="org.openapitools.codegen.mysql.MysqlSchemaCodegenTest" time="0"/>
  <testcase name="testToMysqlIdentifier" classname="org.openapitools.codegen.mysql.MysqlSchemaCodegenTest" time="0"/>
  <testcase name="testToMysqlIdentifierWithEmptyString" classname="org.openapitools.codegen.mysql.MysqlSchemaCodegenTest" time="0"/>
  <testcase name="arrayModelTest" classname="org.openapitools.codegen.typescript.typescriptangularjs.TypeScriptAngularJsModelTest" time="0.005"/>
  <testcase name="complexListPropertyTest" classname="org.openapitools.codegen.typescript.typescriptangularjs.TypeScriptAngularJsModelTest" time="0.001"/>
  <testcase name="complexPropertyTest" classname="org.openapitools.codegen.typescript.typescriptangularjs.TypeScriptAngularJsModelTest" time="0.001"/>
  <testcase name="listPropertyTest" classname="org.openapitools.codegen.typescript.typescriptangularjs.TypeScriptAngularJsModelTest" time="0.001"/>
  <testcase name="mapModelTest" classname="org.openapitools.codegen.typescript.typescriptangularjs.TypeScriptAngularJsModelTest" time="0.001"/>
  <testcase name="simpleModelTest" classname="org.openapitools.codegen.typescript.typescriptangularjs.TypeScriptAngularJsModelTest" time="0.001"/>
  <testcase name="checkOptionsHelp" classname="org.openapitools.codegen.lumen.PhpLumenServerOptionsTest" time="0.004"/>
  <testcase name="checkOptionsProcessing" classname="org.openapitools.codegen.lumen.PhpLumenServerOptionsTest" time="0.529"/>
  <testcase name="simpleModelTest" classname="org.openapitools.codegen.swift3.Swift3ModelTest" time="0.008"/>
</testsuite>