<?xml version="1.0" encoding="UTF-8"?>
<!-- Generated by org.testng.reporters.JUnitXMLReporter -->
<testsuite hostname="tkao-mac" ignored="0" name="Surefire test" tests="11" failures="0" timestamp="29 Aug 2019 17:40:00 GMT" time="0.13" errors="0">
  <testcase name="defaultValuesCanBeChangedBuilder" time="0.07" classname="org.openapitools.codegen.config.WorkflowSettingsTest"/>
  <testcase name="defaultValuesCanBeChangedClassConstructor" time="0.0" classname="org.openapitools.codegen.config.WorkflowSettingsTest"/>
  <testcase name="defaultValuesNotOverriddenByNulls" time="0.0" classname="org.openapitools.codegen.config.WorkflowSettingsTest"/>
  <testcase name="createMethodUsingLambda" time="0.002" classname="org.openapitools.codegen.validation.ValidationRuleTest"/>
  <testcase name="createMethodUsingMethodReference" time="0.001" classname="org.openapitools.codegen.validation.ValidationRuleTest"/>
  <testcase name="isValidFalseForInvalidType" time="0.004" classname="org.openapitools.codegen.validation.ValidatedTest"/>
  <testcase name="isValidTrueForValidType" time="0.0" classname="org.openapitools.codegen.validation.ValidatedTest"/>
  <testcase name="testGenericValidatorErrorsAndWarnings" time="0.018" classname="org.openapitools.codegen.validation.GenericValidatorTest"/>
  <testcase name="testGenericValidatorMultipleConditionsFail" time="0.001" classname="org.openapitools.codegen.validation.GenericValidatorTest"/>
  <testcase name="testGenericValidatorSingleConditionFails" time="0.0" classname="org.openapitools.codegen.validation.GenericValidatorTest"/>
  <testcase name="testGenericValidatorSuccesses" time="0.001" classname="org.openapitools.codegen.validation.GenericValidatorTest"/>
</testsuite> <!-- Surefire test -->
