<?xml version="1.0" encoding="UTF-8"?>
<!-- Generated by org.testng.reporters.JUnitXMLReporter -->
<testsuite hostname="tkao-mac" ignored="21" name="Surefire test" tests="746" failures="0" timestamp="04 Sep 2019 18:12:07 GMT" time="14.47" errors="0">
  <testcase name="checkOptionsHelp" time="0.087" classname="org.openapitools.codegen.AbstractOptionsTest"/>
  <testcase name="checkOptionsProcessing" time="0.233" classname="org.openapitools.codegen.AbstractOptionsTest"/>
  <testcase name="testAdditionalPropertiesPutForConfigValues" time="0.007" classname="org.openapitools.codegen.csharp.CSharpClientCodegenTest"/>
  <testcase name="testInitialConfigValues" time="0.001" classname="org.openapitools.codegen.csharp.CSharpClientCodegenTest"/>
  <testcase name="testSettersForConfigValues" time="0.0" classname="org.openapitools.codegen.csharp.CSharpClientCodegenTest"/>
  <testcase name="camelCaseEscapeParamTest" time="0.031" classname="org.openapitools.codegen.templating.mustache.CamelCaseLambdaTest"/>
  <testcase name="camelCaseReservedWordTest" time="0.001" classname="org.openapitools.codegen.templating.mustache.CamelCaseLambdaTest"/>
  <testcase name="camelCaseTest" time="0.001" classname="org.openapitools.codegen.templating.mustache.CamelCaseLambdaTest"/>
  <testcase name="arbitraryObjectModelInline" time="0.536" classname="org.openapitools.codegen.InlineModelResolverTest"/>
  <testcase name="arbitraryObjectModelWithArrayInlineWithTitle" time="0.034" classname="org.openapitools.codegen.InlineModelResolverTest"/>
  <testcase name="arbitraryObjectModelWithArrayInlineWithoutTitle" time="0.025" classname="org.openapitools.codegen.InlineModelResolverTest"/>
  <testcase name="arbitraryObjectRequestBody" time="0.02" classname="org.openapitools.codegen.InlineModelResolverTest"/>
  <testcase name="arbitraryObjectRequestBodyProperty" time="0.018" classname="org.openapitools.codegen.InlineModelResolverTest"/>
  <testcase name="arbitraryObjectResponse" time="0.02" classname="org.openapitools.codegen.InlineModelResolverTest"/>
  <testcase name="arbitraryObjectResponseArray" time="0.032" classname="org.openapitools.codegen.InlineModelResolverTest"/>
  <testcase name="arbitraryObjectResponseArrayInline" time="0.015" classname="org.openapitools.codegen.InlineModelResolverTest"/>
  <testcase name="arbitraryObjectResponseWithAdditionalProperty" time="0.013" classname="org.openapitools.codegen.InlineModelResolverTest"/>
  <testcase name="arbitraryRequestBodyArray" time="0.014" classname="org.openapitools.codegen.InlineModelResolverTest"/>
  <testcase name="arbitraryRequestBodyArrayProperty" time="0.017" classname="org.openapitools.codegen.InlineModelResolverTest"/>
  <testcase name="callbacks" time="0.022" classname="org.openapitools.codegen.InlineModelResolverTest"/>
  <testcase name="emptyExampleOnStringTypeModels" time="0.017" classname="org.openapitools.codegen.InlineModelResolverTest"/>
  <testcase name="nonModelRequestBody" time="0.013" classname="org.openapitools.codegen.InlineModelResolverTest"/>
  <testcase name="nullable" time="0.011" classname="org.openapitools.codegen.InlineModelResolverTest"/>
  <testcase name="objectComposedWithInline" time="0.009" classname="org.openapitools.codegen.InlineModelResolverTest"/>
  <testcase name="resolveInlineArrayRequestBody" time="0.008" classname="org.openapitools.codegen.InlineModelResolverTest"/>
  <testcase name="resolveInlineArrayRequestBodyWithTitle" time="0.009" classname="org.openapitools.codegen.InlineModelResolverTest"/>
  <testcase name="resolveInlineArrayResponse" time="0.009" classname="org.openapitools.codegen.InlineModelResolverTest"/>
  <testcase name="resolveInlineArrayResponseWithTitle" time="0.007" classname="org.openapitools.codegen.InlineModelResolverTest"/>
  <testcase name="resolveInlineArraySchemaWithTitle" time="0.01" classname="org.openapitools.codegen.InlineModelResolverTest"/>
  <testcase name="resolveInlineMapSchemaInResponse" time="0.01" classname="org.openapitools.codegen.InlineModelResolverTest"/>
  <testcase name="resolveInlineModel2DifferentInnerModelsWIthSameTitle" time="0.0" classname="org.openapitools.codegen.InlineModelResolverTest"/>
  <testcase name="resolveInlineModel2EqualInnerModels" time="0.001" classname="org.openapitools.codegen.InlineModelResolverTest"/>
  <testcase name="resolveInlineModelTestWithTitle" time="0.0" classname="org.openapitools.codegen.InlineModelResolverTest"/>
  <testcase name="resolveInlineModelTestWithoutTitle" time="0.0" classname="org.openapitools.codegen.InlineModelResolverTest"/>
  <testcase name="resolveInlineObjectResponseWithAdditionalProperties" time="0.009" classname="org.openapitools.codegen.InlineModelResolverTest"/>
  <testcase name="resolveInlineRequestBody" time="0.007" classname="org.openapitools.codegen.InlineModelResolverTest"/>
  <testcase name="resolveInlineRequestBodyWhenNoComponents" time="0.003" classname="org.openapitools.codegen.InlineModelResolverTest"/>
  <testcase name="resolveInlineRequestBodyWithRequired" time="0.008" classname="org.openapitools.codegen.InlineModelResolverTest"/>
  <testcase name="resolveInlineRequestBodyWithTitle" time="0.006" classname="org.openapitools.codegen.InlineModelResolverTest"/>
  <testcase name="testInlineResponseModel" time="0.0" classname="org.openapitools.codegen.InlineModelResolverTest"/>
  <testcase name="testInlineResponseModelWithTitle" time="0.001" classname="org.openapitools.codegen.InlineModelResolverTest"/>
  <testcase name="testAddOperationToGroupForRootResource" time="0.001" classname="org.openapitools.codegen.java.jaxrs.JavaJAXRSSpecServerCodegenTest"/>
  <testcase name="testAddOperationToGroupForRootResourcePathParam" time="0.0" classname="org.openapitools.codegen.java.jaxrs.JavaJAXRSSpecServerCodegenTest"/>
  <testcase name="testAddOperationToGroupForSubresource" time="0.0" classname="org.openapitools.codegen.java.jaxrs.JavaJAXRSSpecServerCodegenTest"/>
  <testcase name="testAdditionalPropertiesPutForConfigValues" time="0.014" classname="org.openapitools.codegen.java.jaxrs.JavaJAXRSSpecServerCodegenTest"/>
  <testcase name="testGeneratePingAlternativeLocation1" time="0.7" classname="org.openapitools.codegen.java.jaxrs.JavaJAXRSSpecServerCodegenTest"/>
  <testcase name="testGeneratePingAlternativeLocation2" time="0.032" classname="org.openapitools.codegen.java.jaxrs.JavaJAXRSSpecServerCodegenTest"/>
  <testcase name="testGeneratePingDefaultLocation" time="0.034" classname="org.openapitools.codegen.java.jaxrs.JavaJAXRSSpecServerCodegenTest"/>
  <testcase name="testGeneratePingNoSpecFile" time="0.031" classname="org.openapitools.codegen.java.jaxrs.JavaJAXRSSpecServerCodegenTest"/>
  <testcase name="testInitialConfigValues" time="0.002" classname="org.openapitools.codegen.java.jaxrs.JavaJAXRSSpecServerCodegenTest"/>
  <testcase name="testSettersForConfigValues" time="0.001" classname="org.openapitools.codegen.java.jaxrs.JavaJAXRSSpecServerCodegenTest"/>
  <testcase name="testToApiNameForPrimaryResource" time="0.0" classname="org.openapitools.codegen.java.jaxrs.JavaJAXRSSpecServerCodegenTest"/>
  <testcase name="testToApiNameForSubresource" time="0.0" classname="org.openapitools.codegen.java.jaxrs.JavaJAXRSSpecServerCodegenTest"/>
  <testcase name="addDefaultValueDocumentationForNonContainers" time="0.079" classname="org.openapitools.codegen.java.jaxrs.JavaJaxrsBaseTest"/>
  <testcase name="doNotAddDefaultValueDocumentationForContainers" time="0.029" classname="org.openapitools.codegen.java.jaxrs.JavaJaxrsBaseTest"/>
  <testcase name="doNotGenerateJsonAnnotationForPolymorphismIfJsonExclude" time="0.107" classname="org.openapitools.codegen.java.jaxrs.JavaJaxrsBaseTest"/>
  <testcase name="generateJsonAnnotationForPolymorphism" time="0.079" classname="org.openapitools.codegen.java.jaxrs.JavaJaxrsBaseTest"/>
  <testcase name="testToYamlStringCompleteExample" time="0.008" classname="org.openapitools.codegen.serializer.SerializerUtilsTest"/>
  <testcase name="testToYamlStringMinimalExample" time="0.001" classname="org.openapitools.codegen.serializer.SerializerUtilsTest"/>
  <testcase name="testModelFileSuffix" time="0.006" classname="org.openapitools.codegen.typescript.typescriptangular.TypeScriptAngularClientCodegenTest"/>
  <testcase name="testOperationIdParser" time="0.001" classname="org.openapitools.codegen.typescript.typescriptangular.TypeScriptAngularClientCodegenTest"/>
  <testcase name="testRemovePrefixSuffix" time="0.0" classname="org.openapitools.codegen.typescript.typescriptangular.TypeScriptAngularClientCodegenTest"/>
  <testcase name="testSchema" time="0.001" classname="org.openapitools.codegen.typescript.typescriptangular.TypeScriptAngularClientCodegenTest"/>
  <testcase name="testSnapshotVersion" time="0.002" classname="org.openapitools.codegen.typescript.typescriptangular.TypeScriptAngularClientCodegenTest"/>
  <testcase name="testWithoutSnapshotVersion" time="0.0" classname="org.openapitools.codegen.typescript.typescriptangular.TypeScriptAngularClientCodegenTest"/>
  <testcase name="arrayModelTest" time="0.008" classname="org.openapitools.codegen.typescript.typescriptangular.TypeScriptAngularModelTest"/>
  <testcase name="beginDecimalNameTest" time="0.002" classname="org.openapitools.codegen.typescript.typescriptangular.TypeScriptAngularModelTest"/>
  <testcase name="complexListPropertyTest" time="0.002" classname="org.openapitools.codegen.typescript.typescriptangular.TypeScriptAngularModelTest"/>
  <testcase name="complexPropertyTest" time="0.001" classname="org.openapitools.codegen.typescript.typescriptangular.TypeScriptAngularModelTest"/>
  <testcase name="listPropertyTest" time="0.004" classname="org.openapitools.codegen.typescript.typescriptangular.TypeScriptAngularModelTest"/>
  <testcase name="mapModelTest" time="0.013" classname="org.openapitools.codegen.typescript.typescriptangular.TypeScriptAngularModelTest"/>
  <testcase name="simpleModelTest" time="0.012" classname="org.openapitools.codegen.typescript.typescriptangular.TypeScriptAngularModelTest"/>
  <testcase name="arrayModelTest" time="0.004" classname="org.openapitools.codegen.typescript.typescriptnode.TypeScriptNodeModelTest"/>
  <testcase name="complexListPropertyTest" time="0.001" classname="org.openapitools.codegen.typescript.typescriptnode.TypeScriptNodeModelTest"/>
  <testcase name="complexPropertyTest" time="0.001" classname="org.openapitools.codegen.typescript.typescriptnode.TypeScriptNodeModelTest"/>
  <testcase name="defaultFromModelTest" time="0.032" classname="org.openapitools.codegen.typescript.typescriptnode.TypeScriptNodeModelTest"/>
  <testcase name="listPropertyTest" time="0.001" classname="org.openapitools.codegen.typescript.typescriptnode.TypeScriptNodeModelTest"/>
  <testcase name="mapModelTest" time="0.001" classname="org.openapitools.codegen.typescript.typescriptnode.TypeScriptNodeModelTest"/>
  <testcase name="mappedFromModelTest" time="0.016" classname="org.openapitools.codegen.typescript.typescriptnode.TypeScriptNodeModelTest"/>
  <testcase name="simpleModelTest" time="0.002" classname="org.openapitools.codegen.typescript.typescriptnode.TypeScriptNodeModelTest"/>
  <testcase name="convertApiName" time="0.001" classname="org.openapitools.codegen.java.jaxrs.AbstractJavaJAXRSServerCodegenTest"/>
  <testcase name="testAdditionalPropertiesPutForConfigValues" time="0.001" classname="org.openapitools.codegen.java.jaxrs.AbstractJavaJAXRSServerCodegenTest"/>
  <testcase name="testInitialConfigValues" time="0.0" classname="org.openapitools.codegen.java.jaxrs.AbstractJavaJAXRSServerCodegenTest"/>
  <testcase name="testSettersForConfigValues" time="0.0" classname="org.openapitools.codegen.java.jaxrs.AbstractJavaJAXRSServerCodegenTest"/>
  <testcase name="checkOptionsHelp" time="0.005" classname="org.openapitools.codegen.AbstractOptionsTest"/>
  <testcase name="checkOptionsHelp" time="0.003" classname="org.openapitools.codegen.AbstractOptionsTest"/>
  <testcase name="checkOptionsHelp" time="0.002" classname="org.openapitools.codegen.AbstractOptionsTest"/>
  <testcase name="checkOptionsProcessing" time="0.192" classname="org.openapitools.codegen.AbstractOptionsTest"/>
  <testcase name="checkOptionsProcessing" time="0.118" classname="org.openapitools.codegen.AbstractOptionsTest"/>
  <testcase name="checkOptionsProcessing" time="0.167" classname="org.openapitools.codegen.AbstractOptionsTest"/>
  <testcase name="bodyParameterTest" time="0.522" classname="org.openapitools.codegen.go.GoClientCodegenTest"/>
  <testcase name="testAdditionalPropertiesPutForConfigValues" time="0.001" classname="org.openapitools.codegen.go.GoClientCodegenTest"/>
  <testcase name="testFilenames" time="0.0" classname="org.openapitools.codegen.go.GoClientCodegenTest"/>
  <testcase name="testInitialConfigValues" time="0.001" classname="org.openapitools.codegen.go.GoClientCodegenTest"/>
  <testcase name="testSettersForConfigValues" time="0.0" classname="org.openapitools.codegen.go.GoClientCodegenTest"/>
  <testcase name="defaultIndentTest" time="0.001" classname="org.openapitools.codegen.templating.mustache.IndentedLambdaTest"/>
  <testcase name="indentedCountTest" time="0.001" classname="org.openapitools.codegen.templating.mustache.IndentedLambdaTest"/>
  <testcase name="arrayModelTest" time="0.01" classname="org.openapitools.codegen.scalaakka.ScalaAkkaClientCodegenTest"/>
  <testcase name="complexListPropertyTest" time="0.002" classname="org.openapitools.codegen.scalaakka.ScalaAkkaClientCodegenTest"/>
  <testcase name="complexMapPropertyTest" time="0.002" classname="org.openapitools.codegen.scalaakka.ScalaAkkaClientCodegenTest"/>
  <testcase name="complexPropertyTest" time="0.001" classname="org.openapitools.codegen.scalaakka.ScalaAkkaClientCodegenTest"/>
  <testcase name="listPropertyTest" time="0.002" classname="org.openapitools.codegen.scalaakka.ScalaAkkaClientCodegenTest"/>
  <testcase name="mapModelTest" time="0.001" classname="org.openapitools.codegen.scalaakka.ScalaAkkaClientCodegenTest"/>
  <testcase name="mapPropertyTest" time="0.001" classname="org.openapitools.codegen.scalaakka.ScalaAkkaClientCodegenTest"/>
  <testcase name="simpleModelTest" time="0.001" classname="org.openapitools.codegen.scalaakka.ScalaAkkaClientCodegenTest"/>
  <testcase name="convertVarName" time="0.001" classname="org.openapitools.codegen.typescript.typescriptnode.TypeScriptNodeClientCodegenTest"/>
  <testcase name="defaultApiFilenameTest" time="0.0" classname="org.openapitools.codegen.typescript.typescriptnode.TypeScriptNodeClientCodegenTest"/>
  <testcase name="defaultApiImportTest" time="0.0" classname="org.openapitools.codegen.typescript.typescriptnode.TypeScriptNodeClientCodegenTest"/>
  <testcase name="defaultModelFilenameTest" time="0.0" classname="org.openapitools.codegen.typescript.typescriptnode.TypeScriptNodeClientCodegenTest"/>
  <testcase name="defaultModelImportTest" time="0.001" classname="org.openapitools.codegen.typescript.typescriptnode.TypeScriptNodeClientCodegenTest"/>
  <testcase name="emptyApiFilenameTest" time="0.0" classname="org.openapitools.codegen.typescript.typescriptnode.TypeScriptNodeClientCodegenTest"/>
  <testcase name="emptyApiImportTest" time="0.0" classname="org.openapitools.codegen.typescript.typescriptnode.TypeScriptNodeClientCodegenTest"/>
  <testcase name="mappedApiFilenameTest" time="0.0" classname="org.openapitools.codegen.typescript.typescriptnode.TypeScriptNodeClientCodegenTest"/>
  <testcase name="mappedApiImportTest" time="0.0" classname="org.openapitools.codegen.typescript.typescriptnode.TypeScriptNodeClientCodegenTest"/>
  <testcase name="modelFilenameWithMappingTest" time="0.0" classname="org.openapitools.codegen.typescript.typescriptnode.TypeScriptNodeClientCodegenTest"/>
  <testcase name="modelImportWithMappingTest" time="0.0" classname="org.openapitools.codegen.typescript.typescriptnode.TypeScriptNodeClientCodegenTest"/>
  <testcase name="testSnapshotVersion" time="0.0" classname="org.openapitools.codegen.typescript.typescriptnode.TypeScriptNodeClientCodegenTest"/>
  <testcase name="testWithoutSnapshotVersion" time="0.0" classname="org.openapitools.codegen.typescript.typescriptnode.TypeScriptNodeClientCodegenTest"/>
  <testcase name="checkOptionsHelp" time="0.003" classname="org.openapitools.codegen.AbstractOptionsTest"/>
  <testcase name="checkOptionsHelp" time="0.003" classname="org.openapitools.codegen.AbstractOptionsTest"/>
  <testcase name="checkOptionsHelp" time="0.002" classname="org.openapitools.codegen.AbstractOptionsTest"/>
  <testcase name="checkOptionsProcessing" time="0.2" classname="org.openapitools.codegen.AbstractOptionsTest"/>
  <testcase name="checkOptionsProcessing" time="0.164" classname="org.openapitools.codegen.AbstractOptionsTest"/>
  <testcase name="checkOptionsProcessing" time="0.128" classname="org.openapitools.codegen.AbstractOptionsTest"/>
  <testcase name="allOfCompositionTest" time="0.013" classname="org.openapitools.codegen.ruby.RubyClientCodegenTest"/>
  <testcase name="allOfDuplicatedPropertiesTest" time="0.003" classname="org.openapitools.codegen.ruby.RubyClientCodegenTest"/>
  <testcase name="allOfMappingDuplicatedPropertiesTestForAdult" time="0.005" classname="org.openapitools.codegen.ruby.RubyClientCodegenTest"/>
  <testcase name="allOfMappingDuplicatedPropertiesTestForChild" time="0.005" classname="org.openapitools.codegen.ruby.RubyClientCodegenTest"/>
  <testcase name="allOfTest" time="0.003" classname="org.openapitools.codegen.ruby.RubyClientCodegenTest"/>
  <testcase name="anyOfTest" time="0.007" classname="org.openapitools.codegen.ruby.RubyClientCodegenTest"/>
  <testcase name="bodyParameterTest" time="0.064" classname="org.openapitools.codegen.ruby.RubyClientCodegenTest"/>
  <testcase name="enumParameterTest" time="0.063" classname="org.openapitools.codegen.ruby.RubyClientCodegenTest"/>
  <testcase name="exampleRegexParameterValidationOAS3Test" time="0.008" classname="org.openapitools.codegen.ruby.RubyClientCodegenTest"/>
  <testcase name="exampleStringFromExampleParameterOAS2Test" time="0.017" classname="org.openapitools.codegen.ruby.RubyClientCodegenTest"/>
  <testcase name="exampleStringFromXExampleParameterOAS3Test" time="0.007" classname="org.openapitools.codegen.ruby.RubyClientCodegenTest"/>
  <testcase name="nullableParameterOAS2Test" time="0.015" classname="org.openapitools.codegen.ruby.RubyClientCodegenTest"/>
  <testcase name="nullableParameterOAS3Test" time="0.007" classname="org.openapitools.codegen.ruby.RubyClientCodegenTest"/>
  <testcase name="nullablePropertyTest" time="0.006" classname="org.openapitools.codegen.ruby.RubyClientCodegenTest"/>
  <testcase name="oneOfTest" time="0.002" classname="org.openapitools.codegen.ruby.RubyClientCodegenTest"/>
  <testcase name="propertiesWithoutNullableTest" time="0.007" classname="org.openapitools.codegen.ruby.RubyClientCodegenTest"/>
  <testcase name="testAdditionalPropertiesPutForConfigValues" time="0.001" classname="org.openapitools.codegen.ruby.RubyClientCodegenTest"/>
  <testcase name="testBooleanDefaultValue" time="0.119" classname="org.openapitools.codegen.ruby.RubyClientCodegenTest"/>
  <testcase name="testGenerateRubyClientWithHtmlEntity" time="0.08" classname="org.openapitools.codegen.ruby.RubyClientCodegenTest"/>
  <testcase name="testInitialConfigValues" time="0.001" classname="org.openapitools.codegen.ruby.RubyClientCodegenTest"/>
  <testcase name="testSettersForConfigValues" time="0.0" classname="org.openapitools.codegen.ruby.RubyClientCodegenTest"/>
  <testcase name="testAdditionalPropertiesPutForConfigValues" time="0.003" classname="org.openapitools.codegen.rust.RustClientCodegenTest"/>
  <testcase name="testInitialConfigValues" time="0.0" classname="org.openapitools.codegen.rust.RustClientCodegenTest"/>
  <testcase name="testSettersForConfigValues" time="0.0" classname="org.openapitools.codegen.rust.RustClientCodegenTest"/>
  <testcase name="clientOptsUnicity" time="0.009" classname="org.openapitools.codegen.java.spring.SpringCodegenTest"/>
  <testcase name="doNotGenerateRequestParamForObjectQueryParam" time="0.051" classname="org.openapitools.codegen.java.spring.SpringCodegenTest"/>
  <testcase name="interfaceDefaultImplDisableWithReponseWrapper" time="0.001" classname="org.openapitools.codegen.java.spring.SpringCodegenTest"/>
  <testcase name="reactiveRequiredSpringBoot" time="0.001" classname="org.openapitools.codegen.java.spring.SpringCodegenTest"/>
  <testcase name="springcloudWithAsyncAndJava8HasResponseWrapperCompletableFuture" time="0.001" classname="org.openapitools.codegen.java.spring.SpringCodegenTest"/>
  <testcase name="springcloudWithAsyncHasResponseWrapperCallable" time="0.001" classname="org.openapitools.codegen.java.spring.SpringCodegenTest"/>
  <testcase name="springcloudWithJava8DisabeJdk8" time="0.001" classname="org.openapitools.codegen.java.spring.SpringCodegenTest"/>
  <testcase name="testAdditionalPropertiesPutForConfigValues" time="0.001" classname="org.openapitools.codegen.java.spring.SpringCodegenTest"/>
  <testcase name="testInitialConfigValues" time="0.001" classname="org.openapitools.codegen.java.spring.SpringCodegenTest"/>
  <testcase name="testSettersForConfigValues" time="0.001" classname="org.openapitools.codegen.java.spring.SpringCodegenTest"/>
  <testcase name="binaryDataTest" time="0.006" classname="org.openapitools.codegen.swift4.Swift4CodegenTest"/>
  <testcase name="dateTest" time="0.006" classname="org.openapitools.codegen.swift4.Swift4CodegenTest"/>
  <testcase name="shouldNotBreakCorrectName" time="0.001" classname="org.openapitools.codegen.swift4.Swift4CodegenTest"/>
  <testcase name="shouldNotBreakNonReservedWord" time="0.0" classname="org.openapitools.codegen.swift4.Swift4CodegenTest"/>
  <testcase name="testCapitalizedReservedWord" time="0.0" classname="org.openapitools.codegen.swift4.Swift4CodegenTest"/>
  <testcase name="testCapitalsWithDash" time="0.001" classname="org.openapitools.codegen.swift4.Swift4CodegenTest"/>
  <testcase name="testCapitalsWithSpace" time="0.0" classname="org.openapitools.codegen.swift4.Swift4CodegenTest"/>
  <testcase name="testCapitalsWithUnderscore" time="0.0" classname="org.openapitools.codegen.swift4.Swift4CodegenTest"/>
  <testcase name="testDefaultPodAuthors" time="0.001" classname="org.openapitools.codegen.swift4.Swift4CodegenTest"/>
  <testcase name="testLowercaseWithUnderscore" time="0.0" classname="org.openapitools.codegen.swift4.Swift4CodegenTest"/>
  <testcase name="testPodAuthors" time="0.001" classname="org.openapitools.codegen.swift4.Swift4CodegenTest"/>
  <testcase name="testReservedWord" time="0.0" classname="org.openapitools.codegen.swift4.Swift4CodegenTest"/>
  <testcase name="testSingleWordAllCaps" time="0.0" classname="org.openapitools.codegen.swift4.Swift4CodegenTest"/>
  <testcase name="testSingleWordLowercase" time="0.001" classname="org.openapitools.codegen.swift4.Swift4CodegenTest"/>
  <testcase name="testStartingWithNumber" time="0.0" classname="org.openapitools.codegen.swift4.Swift4CodegenTest"/>
  <testcase name="titlecaseTest" time="0.001" classname="org.openapitools.codegen.templating.mustache.TitlecaseLambdaTest"/>
  <testcase name="titlecaseWithDelimiterTest" time="0.0" classname="org.openapitools.codegen.templating.mustache.TitlecaseLambdaTest"/>
  <testcase name="testAdditionalPropertiesPutForConfigValues" time="0.002" classname="org.openapitools.codegen.go.AbstractGoCodegenTest"/>
  <testcase name="testInitialConfigValues" time="0.0" classname="org.openapitools.codegen.go.AbstractGoCodegenTest"/>
  <testcase name="testSettersForConfigValues" time="0.0" classname="org.openapitools.codegen.go.AbstractGoCodegenTest"/>
  <testcase name="checkOptionsHelp" time="0.006" classname="org.openapitools.codegen.AbstractOptionsTest"/>
  <testcase name="checkOptionsProcessing" time="0.206" classname="org.openapitools.codegen.AbstractOptionsTest"/>
  <testcase name="testEscapeUnsafeCharacters" time="0.001" classname="org.openapitools.codegen.ruby.AbstractRubyCodegenTest"/>
  <testcase name="testGenerateRootEndpoint" time="0.035" classname="org.openapitools.codegen.elm.ElmClientCodegenTest"/>
  <testcase name="testPostProcessRootEndpoint" time="0.002" classname="org.openapitools.codegen.elm.ElmClientCodegenTest"/>
  <testcase name="testModelImportsSpecifyNamespaceAndPackageName" time="0.003" classname="org.openapitools.codegen.fsharp.FSharpServerCodegenTest"/>
  <testcase name="testModelsAreSortedAccordingToDependencyOrder" time="0.002" classname="org.openapitools.codegen.fsharp.FSharpServerCodegenTest"/>
  <testcase name="startsWithSectionalTest" time="0.145" classname="org.openapitools.codegen.templating.handlebars.StringHelpersTest"/>
  <testcase name="startsWithTest" time="0.018" classname="org.openapitools.codegen.templating.handlebars.StringHelpersTest"/>
  <testcase name="startsWithYesOverrideTest" time="0.002" classname="org.openapitools.codegen.templating.handlebars.StringHelpersTest"/>
  <testcase name="simpleModelTest" time="0.012" classname="org.openapitools.codegen.swift4.Swift4ModelTest"/>
  <testcase name="arrayModelTest" time="0.004" classname="org.openapitools.codegen.typescript.fetch.TypeScriptFetchModelTest"/>
  <testcase name="complexListPropertyTest" time="0.001" classname="org.openapitools.codegen.typescript.fetch.TypeScriptFetchModelTest"/>
  <testcase name="complexPropertyTest" time="0.001" classname="org.openapitools.codegen.typescript.fetch.TypeScriptFetchModelTest"/>
  <testcase name="enumArrayMdoelTest" time="0.069" classname="org.openapitools.codegen.typescript.fetch.TypeScriptFetchModelTest"/>
  <testcase name="enumMdoelValueTest" time="0.032" classname="org.openapitools.codegen.typescript.fetch.TypeScriptFetchModelTest"/>
  <testcase name="listPropertyTest" time="0.001" classname="org.openapitools.codegen.typescript.fetch.TypeScriptFetchModelTest"/>
  <testcase name="mapModelTest" time="0.001" classname="org.openapitools.codegen.typescript.fetch.TypeScriptFetchModelTest"/>
  <testcase name="simpleModelTest" time="0.001" classname="org.openapitools.codegen.typescript.fetch.TypeScriptFetchModelTest"/>
  <testcase name="checkOptionsHelp" time="0.003" classname="org.openapitools.codegen.AbstractOptionsTest"/>
  <testcase name="checkOptionsProcessing" time="0.135" classname="org.openapitools.codegen.AbstractOptionsTest"/>
  <testcase name="arrayModelTest" time="0.007" classname="org.openapitools.codegen.go.GoModelTest"/>
  <testcase name="complexListProperty" time="0.001" classname="org.openapitools.codegen.go.GoModelTest"/>
  <testcase name="complexMapProperty" time="0.001" classname="org.openapitools.codegen.go.GoModelTest"/>
  <testcase name="complexPropertyTest" time="0.0" classname="org.openapitools.codegen.go.GoModelTest"/>
  <testcase name="filePropertyTest" time="0.001" classname="org.openapitools.codegen.go.GoModelTest"/>
  <testcase name="listPropertyTest" time="0.001" classname="org.openapitools.codegen.go.GoModelTest"/>
  <testcase name="mapModelTest" time="0.001" classname="org.openapitools.codegen.go.GoModelTest"/>
  <testcase name="mapPropertyTest" time="0.001" classname="org.openapitools.codegen.go.GoModelTest"/>
  <testcase name="modelNameTest" time="0.0" classname="org.openapitools.codegen.go.GoModelTest"/>
  <testcase name="modelNameTest" time="0.001" classname="org.openapitools.codegen.go.GoModelTest"/>
  <testcase name="modelNameTest" time="0.001" classname="org.openapitools.codegen.go.GoModelTest"/>
  <testcase name="modelNameTest" time="0.0" classname="org.openapitools.codegen.go.GoModelTest"/>
  <testcase name="modelNameTest" time="0.0" classname="org.openapitools.codegen.go.GoModelTest"/>
  <testcase name="modelNameTest" time="0.0" classname="org.openapitools.codegen.go.GoModelTest"/>
  <testcase name="modelNameTest" time="0.001" classname="org.openapitools.codegen.go.GoModelTest"/>
  <testcase name="simpleModelTest" time="0.0" classname="org.openapitools.codegen.go.GoModelTest"/>
  <testcase name="testAddBigDecimal" time="0.002" classname="org.openapitools.codegen.utils.JsonCacheTest"/>
  <testcase name="testAddBigInteger" time="0.0" classname="org.openapitools.codegen.utils.JsonCacheTest"/>
  <testcase name="testAddBoolean" time="0.0" classname="org.openapitools.codegen.utils.JsonCacheTest"/>
  <testcase name="testAddDate" time="0.002" classname="org.openapitools.codegen.utils.JsonCacheTest"/>
  <testcase name="testAddDateTimeJava8" time="0.006" classname="org.openapitools.codegen.utils.JsonCacheTest"/>
  <testcase name="testAddDateTimeJoda" time="0.005" classname="org.openapitools.codegen.utils.JsonCacheTest"/>
  <testcase name="testAddDateTimeThreeTen" time="0.019" classname="org.openapitools.codegen.utils.JsonCacheTest"/>
  <testcase name="testAddDouble" time="0.0" classname="org.openapitools.codegen.utils.JsonCacheTest"/>
  <testcase name="testAddFloat" time="0.0" classname="org.openapitools.codegen.utils.JsonCacheTest"/>
  <testcase name="testAddInt" time="0.001" classname="org.openapitools.codegen.utils.JsonCacheTest"/>
  <testcase name="testAddLocalDateJava8" time="0.001" classname="org.openapitools.codegen.utils.JsonCacheTest"/>
  <testcase name="testAddLocalDateJoda" time="0.001" classname="org.openapitools.codegen.utils.JsonCacheTest"/>
  <testcase name="testAddLocalDateThreeTen" time="0.0" classname="org.openapitools.codegen.utils.JsonCacheTest"/>
  <testcase name="testAddLong" time="0.001" classname="org.openapitools.codegen.utils.JsonCacheTest"/>
  <testcase name="testAddShort" time="0.0" classname="org.openapitools.codegen.utils.JsonCacheTest"/>
  <testcase name="testAddString" time="0.0" classname="org.openapitools.codegen.utils.JsonCacheTest"/>
  <testcase name="testDelete" time="0.001" classname="org.openapitools.codegen.utils.JsonCacheTest"/>
  <testcase name="testFlushSaveLoad" time="0.003" classname="org.openapitools.codegen.utils.JsonCacheTest"/>
  <testcase name="testGet" time="0.0" classname="org.openapitools.codegen.utils.JsonCacheTest"/>
  <testcase name="testGetBigDecimal" time="0.0" classname="org.openapitools.codegen.utils.JsonCacheTest"/>
  <testcase name="testGetBigDecimalWithDefault" time="0.0" classname="org.openapitools.codegen.utils.JsonCacheTest"/>
  <testcase name="testGetBigInteger" time="0.0" classname="org.openapitools.codegen.utils.JsonCacheTest"/>
  <testcase name="testGetBigIntegerWithDefault" time="0.0" classname="org.openapitools.codegen.utils.JsonCacheTest"/>
  <testcase name="testGetBoolean" time="0.001" classname="org.openapitools.codegen.utils.JsonCacheTest"/>
  <testcase name="testGetBooleanWithDefault" time="0.0" classname="org.openapitools.codegen.utils.JsonCacheTest"/>
  <testcase name="testGetDate" time="0.0" classname="org.openapitools.codegen.utils.JsonCacheTest"/>
  <testcase name="testGetDateWithDefault" time="0.001" classname="org.openapitools.codegen.utils.JsonCacheTest"/>
  <testcase name="testGetDouble" time="0.0" classname="org.openapitools.codegen.utils.JsonCacheTest"/>
  <testcase name="testGetDoubleWithDefault" time="0.0" classname="org.openapitools.codegen.utils.JsonCacheTest"/>
  <testcase name="testGetFloat" time="0.0" classname="org.openapitools.codegen.utils.JsonCacheTest"/>
  <testcase name="testGetFloatWithDefault" time="0.0" classname="org.openapitools.codegen.utils.JsonCacheTest"/>
  <testcase name="testGetInt" time="0.0" classname="org.openapitools.codegen.utils.JsonCacheTest"/>
  <testcase name="testGetIntWithDefault" time="0.0" classname="org.openapitools.codegen.utils.JsonCacheTest"/>
  <testcase name="testGetLocalDate" time="0.0" classname="org.openapitools.codegen.utils.JsonCacheTest"/>
  <testcase name="testGetLong" time="0.0" classname="org.openapitools.codegen.utils.JsonCacheTest"/>
  <testcase name="testGetLongWithDefault" time="0.0" classname="org.openapitools.codegen.utils.JsonCacheTest"/>
  <testcase name="testGetNumber" time="0.0" classname="org.openapitools.codegen.utils.JsonCacheTest"/>
  <testcase name="testGetNumberWithDefault" time="0.0" classname="org.openapitools.codegen.utils.JsonCacheTest"/>
  <testcase name="testGetObject" time="0.007" classname="org.openapitools.codegen.utils.JsonCacheTest"/>
  <testcase name="testGetObjectWithDefault" time="0.0" classname="org.openapitools.codegen.utils.JsonCacheTest"/>
  <testcase name="testGetObjects" time="0.001" classname="org.openapitools.codegen.utils.JsonCacheTest"/>
  <testcase name="testGetObjectsWithDefault" time="0.002" classname="org.openapitools.codegen.utils.JsonCacheTest"/>
  <testcase name="testGetShort" time="0.0" classname="org.openapitools.codegen.utils.JsonCacheTest"/>
  <testcase name="testGetShortWithDefault" time="0.0" classname="org.openapitools.codegen.utils.JsonCacheTest"/>
  <testcase name="testGetString" time="0.0" classname="org.openapitools.codegen.utils.JsonCacheTest"/>
  <testcase name="testGetStringWithDefault" time="0.0" classname="org.openapitools.codegen.utils.JsonCacheTest"/>
  <testcase name="testMerge" time="0.002" classname="org.openapitools.codegen.utils.JsonCacheTest"/>
  <testcase name="testPojoSerialization" time="0.002" classname="org.openapitools.codegen.utils.JsonCacheTest"/>
  <testcase name="testSet" time="0.0" classname="org.openapitools.codegen.utils.JsonCacheTest"/>
  <testcase name="testSetBigDecimal" time="0.0" classname="org.openapitools.codegen.utils.JsonCacheTest"/>
  <testcase name="testSetBigInteger" time="0.0" classname="org.openapitools.codegen.utils.JsonCacheTest"/>
  <testcase name="testSetBoolean" time="0.0" classname="org.openapitools.codegen.utils.JsonCacheTest"/>
  <testcase name="testSetDate" time="0.0" classname="org.openapitools.codegen.utils.JsonCacheTest"/>
  <testcase name="testSetDateTime310" time="0.0" classname="org.openapitools.codegen.utils.JsonCacheTest"/>
  <testcase name="testSetDateTimeJava8" time="0.0" classname="org.openapitools.codegen.utils.JsonCacheTest"/>
  <testcase name="testSetDateTimeJoda" time="0.001" classname="org.openapitools.codegen.utils.JsonCacheTest"/>
  <testcase name="testSetDouble" time="0.001" classname="org.openapitools.codegen.utils.JsonCacheTest"/>
  <testcase name="testSetFloat" time="0.001" classname="org.openapitools.codegen.utils.JsonCacheTest"/>
  <testcase name="testSetInt" time="0.0" classname="org.openapitools.codegen.utils.JsonCacheTest"/>
  <testcase name="testSetLocalDate310" time="0.001" classname="org.openapitools.codegen.utils.JsonCacheTest"/>
  <testcase name="testSetLocalDateJava8" time="0.001" classname="org.openapitools.codegen.utils.JsonCacheTest"/>
  <testcase name="testSetLocalDateJoda" time="0.0" classname="org.openapitools.codegen.utils.JsonCacheTest"/>
  <testcase name="testSetLong" time="0.0" classname="org.openapitools.codegen.utils.JsonCacheTest"/>
  <testcase name="testSetNumber" time="0.0" classname="org.openapitools.codegen.utils.JsonCacheTest"/>
  <testcase name="testSetObject" time="0.0" classname="org.openapitools.codegen.utils.JsonCacheTest"/>
  <testcase name="testSetObjects" time="0.001" classname="org.openapitools.codegen.utils.JsonCacheTest"/>
  <testcase name="testSetShort" time="0.0" classname="org.openapitools.codegen.utils.JsonCacheTest"/>
  <testcase name="testSetString" time="0.001" classname="org.openapitools.codegen.utils.JsonCacheTest"/>
  <testcase name="testSetWithMissingAncestors" time="0.0" classname="org.openapitools.codegen.utils.JsonCacheTest"/>
  <testcase name="testAdditionalPropertiesPutForConfigValues" time="0.002" classname="org.openapitools.codegen.php.PhpClientCodegenTest"/>
  <testcase name="testInitialConfigValues" time="0.0" classname="org.openapitools.codegen.php.PhpClientCodegenTest"/>
  <testcase name="testSettersForConfigValues" time="0.0" classname="org.openapitools.codegen.php.PhpClientCodegenTest"/>
  <testcase name="apiFileFolder" time="0.001" classname="org.openapitools.codegen.slim.PhpSlimServerCodegenTest"/>
  <testcase name="apiFileFolder" time="0.001" classname="org.openapitools.codegen.slim.PhpSlimServerCodegenTest"/>
  <testcase name="apiFileFolder" time="0.0" classname="org.openapitools.codegen.slim.PhpSlimServerCodegenTest"/>
  <testcase name="apiFileFolder" time="0.0" classname="org.openapitools.codegen.slim.PhpSlimServerCodegenTest"/>
  <testcase name="modelFileFolder" time="0.0" classname="org.openapitools.codegen.slim.PhpSlimServerCodegenTest"/>
  <testcase name="modelFileFolder" time="0.001" classname="org.openapitools.codegen.slim.PhpSlimServerCodegenTest"/>
  <testcase name="modelFileFolder" time="0.0" classname="org.openapitools.codegen.slim.PhpSlimServerCodegenTest"/>
  <testcase name="modelFileFolder" time="0.0" classname="org.openapitools.codegen.slim.PhpSlimServerCodegenTest"/>
  <testcase name="testEncodePath" time="0.003" classname="org.openapitools.codegen.slim.PhpSlimServerCodegenTest"/>
  <testcase name="testAdditionalPropertiesPutForConfigValues" time="0.003" classname="org.openapitools.codegen.r.RClientCodegenTest"/>
  <testcase name="testInitialConfigValues" time="0.0" classname="org.openapitools.codegen.r.RClientCodegenTest"/>
  <testcase name="testSettersForConfigValues" time="0.0" classname="org.openapitools.codegen.r.RClientCodegenTest"/>
  <testcase name="converterTest" time="0.001" classname="org.openapitools.codegen.swift4.Swift4ModelEnumTest"/>
  <testcase name="checkOptionsHelp" time="0.003" classname="org.openapitools.codegen.AbstractOptionsTest"/>
  <testcase name="checkOptionsProcessing" time="0.137" classname="org.openapitools.codegen.AbstractOptionsTest"/>
  <testcase name="javaInheritanceTest" time="0.003" classname="org.openapitools.codegen.java.JavaInheritanceTest"/>
  <testcase name="javaInheritanceWithDiscriminatorTest" time="0.001" classname="org.openapitools.codegen.java.JavaInheritanceTest"/>
  <testcase name="bodyParameterTest" time="0.028" classname="org.openapitools.codegen.javascript.JavascriptClientCodegenTest"/>
  <testcase name="testAdditionalPropertiesPutForConfigValues" time="0.0" classname="org.openapitools.codegen.javascript.JavascriptClientCodegenTest"/>
  <testcase name="testInitialConfigValues" time="0.001" classname="org.openapitools.codegen.javascript.JavascriptClientCodegenTest"/>
  <testcase name="testSettersForConfigValues" time="0.0" classname="org.openapitools.codegen.javascript.JavascriptClientCodegenTest"/>
  <testcase name="shouldGetDefaultMessage" time="0.003" classname="org.openapitools.codegen.SpecValidationExceptionTest"/>
  <testcase name="testSnapshotVersion" time="0.002" classname="org.openapitools.codegen.typescript.fetch.TypeScriptFetchClientCodegenTest"/>
  <testcase name="testWithoutSnapshotVersion" time="0.0" classname="org.openapitools.codegen.typescript.fetch.TypeScriptFetchClientCodegenTest"/>
  <testcase name="testDefaultValues" time="0.001" classname="org.openapitools.codegen.utils.URLPathUtilsTest"/>
  <testcase name="testGetServerURLWithVariables" time="0.001" classname="org.openapitools.codegen.utils.URLPathUtilsTest"/>
  <testcase name="testGetServerURLWithVariablesAndUserOverrides" time="0.006" classname="org.openapitools.codegen.utils.URLPathUtilsTest"/>
  <testcase name="testSanitizeUrl" time="0.001" classname="org.openapitools.codegen.utils.URLPathUtilsTest"/>
  <testcase name="testUrl" time="0.0" classname="org.openapitools.codegen.utils.URLPathUtilsTest"/>
  <testcase name="useDefaultUrlWhenServerUrlIsNull" time="0.0" classname="org.openapitools.codegen.utils.URLPathUtilsTest"/>
  <testcase name="testGeneratePing" time="0.034" classname="org.openapitools.codegen.yaml.YamlGeneratorTest"/>
  <testcase name="testGeneratePingOtherOutputFile" time="0.008" classname="org.openapitools.codegen.yaml.YamlGeneratorTest"/>
  <testcase name="checkOptionsHelp" time="0.004" classname="org.openapitools.codegen.AbstractOptionsTest"/>
  <testcase name="checkOptionsProcessing" time="0.157" classname="org.openapitools.codegen.AbstractOptionsTest"/>
  <testcase name="testAdditionalPropertiesPutForConfigValues" time="0.003" classname="org.openapitools.codegen.php.AbstractPhpCodegenTest"/>
  <testcase name="testEscapeMediaType" time="0.0" classname="org.openapitools.codegen.php.AbstractPhpCodegenTest"/>
  <testcase name="testInitialConfigValues" time="0.001" classname="org.openapitools.codegen.php.AbstractPhpCodegenTest"/>
  <testcase name="testSettersForConfigValues" time="0.0" classname="org.openapitools.codegen.php.AbstractPhpCodegenTest"/>
  <testcase name="arrayModelTest" time="0.012" classname="org.openapitools.codegen.csharp.CSharpModelTest"/>
  <testcase name="arrayPropertyCollectionOptionTest" time="0.002" classname="org.openapitools.codegen.csharp.CSharpModelTest"/>
  <testcase name="arrayPropertyICollectionOptionTest" time="0.002" classname="org.openapitools.codegen.csharp.CSharpModelTest"/>
  <testcase name="arrayPropertyTest" time="0.002" classname="org.openapitools.codegen.csharp.CSharpModelTest"/>
  <testcase name="complexListPropertyTest" time="0.002" classname="org.openapitools.codegen.csharp.CSharpModelTest"/>
  <testcase name="complexMapPropertyTest" time="0.001" classname="org.openapitools.codegen.csharp.CSharpModelTest"/>
  <testcase name="complexPropertyTest" time="0.001" classname="org.openapitools.codegen.csharp.CSharpModelTest"/>
  <testcase name="listPropertyTest" time="0.001" classname="org.openapitools.codegen.csharp.CSharpModelTest"/>
  <testcase name="mapModelTest" time="0.001" classname="org.openapitools.codegen.csharp.CSharpModelTest"/>
  <testcase name="mapPropertyTest" time="0.001" classname="org.openapitools.codegen.csharp.CSharpModelTest"/>
  <testcase name="nonNullablePropertyTest" time="0.001" classname="org.openapitools.codegen.csharp.CSharpModelTest"/>
  <testcase name="nullablePropertyTest" time="0.002" classname="org.openapitools.codegen.csharp.CSharpModelTest"/>
  <testcase name="simpleModelTest" time="0.002" classname="org.openapitools.codegen.csharp.CSharpModelTest"/>
  <testcase name="converterInArrayInArrayTest" time="0.006" classname="org.openapitools.codegen.java.JavaModelEnumTest"/>
  <testcase name="converterInArrayTest" time="0.001" classname="org.openapitools.codegen.java.JavaModelEnumTest"/>
  <testcase name="converterTest" time="0.001" classname="org.openapitools.codegen.java.JavaModelEnumTest"/>
  <testcase name="overrideEnumTest" time="0.005" classname="org.openapitools.codegen.java.JavaModelEnumTest"/>
  <testcase name="testEnumTestSchema" time="0.03" classname="org.openapitools.codegen.java.JavaModelEnumTest"/>
  <testcase name="testAdditionalPropertiesPutForConfigValues" time="0.001" classname="org.openapitools.codegen.javascript.JavascriptClosureAngularClientCodegenTest"/>
  <testcase name="testInitialConfigValues" time="0.0" classname="org.openapitools.codegen.javascript.JavascriptClosureAngularClientCodegenTest"/>
  <testcase name="testSettersForConfigValues" time="0.0" classname="org.openapitools.codegen.javascript.JavascriptClosureAngularClientCodegenTest"/>
  <testcase name="testCamelize" time="0.001" classname="org.openapitools.codegen.utils.StringUtilsTest"/>
  <testcase name="testDashize" time="0.0" classname="org.openapitools.codegen.utils.StringUtilsTest"/>
  <testcase name="testUnderscore" time="0.0" classname="org.openapitools.codegen.utils.StringUtilsTest"/>
  <testcase name="testWithApiVersion" time="0.0" classname="org.openapitools.codegen.typescript.typescriptangular.TypescriptAngularApiVersionTest"/>
  <testcase name="testWithNpmVersion" time="0.0" classname="org.openapitools.codegen.typescript.typescriptangular.TypescriptAngularApiVersionTest"/>
  <testcase name="testWithoutApiVersion" time="0.001" classname="org.openapitools.codegen.typescript.typescriptangular.TypescriptAngularApiVersionTest"/>
  <testcase name="checkOptionsHelp" time="0.005" classname="org.openapitools.codegen.AbstractOptionsTest"/>
  <testcase name="checkOptionsHelp" time="0.003" classname="org.openapitools.codegen.AbstractOptionsTest"/>
  <testcase name="checkOptionsProcessing" time="0.178" classname="org.openapitools.codegen.AbstractOptionsTest"/>
  <testcase name="checkOptionsProcessing" time="0.171" classname="org.openapitools.codegen.AbstractOptionsTest"/>
  <testcase name="arraysInRequestBody" time="0.009" classname="org.openapitools.codegen.java.JavaClientCodegenTest"/>
  <testcase name="escapeName" time="0.0" classname="org.openapitools.codegen.java.JavaClientCodegenTest"/>
  <testcase name="nullValuesInComposedSchema" time="0.001" classname="org.openapitools.codegen.java.JavaClientCodegenTest"/>
  <testcase name="testAdditionalPropertiesPutForConfigValues" time="0.001" classname="org.openapitools.codegen.java.JavaClientCodegenTest"/>
  <testcase name="testAuthorizationScopeValues_Issue392" time="0.013" classname="org.openapitools.codegen.java.JavaClientCodegenTest"/>
  <testcase name="testBearerAuth" time="0.001" classname="org.openapitools.codegen.java.JavaClientCodegenTest"/>
  <testcase name="testFreeFormObjects" time="0.005" classname="org.openapitools.codegen.java.JavaClientCodegenTest"/>
  <testcase name="testGeneratePing" time="0.257" classname="org.openapitools.codegen.java.JavaClientCodegenTest"/>
  <testcase name="testGetSchemaTypeWithComposedSchemaWithAllOf" time="0.012" classname="org.openapitools.codegen.java.JavaClientCodegenTest"/>
  <testcase name="testInitialConfigValues" time="0.0" classname="org.openapitools.codegen.java.JavaClientCodegenTest"/>
  <testcase name="testJdkHttpClient" time="0.053" classname="org.openapitools.codegen.java.JavaClientCodegenTest"/>
  <testcase name="testPackageNamesSetInvokerDerivedFromApi" time="0.001" classname="org.openapitools.codegen.java.JavaClientCodegenTest"/>
  <testcase name="testPackageNamesSetInvokerDerivedFromModel" time="0.0" classname="org.openapitools.codegen.java.JavaClientCodegenTest"/>
  <testcase name="testParametersAreCorrectlyOrderedWhenUsingRetrofit" time="0.001" classname="org.openapitools.codegen.java.JavaClientCodegenTest"/>
  <testcase name="testReferencedHeader" time="0.006" classname="org.openapitools.codegen.java.JavaClientCodegenTest"/>
  <testcase name="testSettersForConfigValues" time="0.001" classname="org.openapitools.codegen.java.JavaClientCodegenTest"/>
  <testcase name="updateCodegenPropertyEnum" time="0.001" classname="org.openapitools.codegen.java.JavaClientCodegenTest"/>
  <testcase name="updateCodegenPropertyEnumWithCustomNames" time="0.0" classname="org.openapitools.codegen.java.JavaClientCodegenTest"/>
  <testcase name="testComposedSchemasAreNotUnaliased" time="0.001" classname="org.openapitools.codegen.utils.ModelUtilsTest"/>
  <testcase name="testGetAllUsedSchemas" time="0.006" classname="org.openapitools.codegen.utils.ModelUtilsTest"/>
  <testcase name="testGetUnusedSchemas" time="0.005" classname="org.openapitools.codegen.utils.ModelUtilsTest"/>
  <testcase name="testGlobalProducesConsumes" time="0.003" classname="org.openapitools.codegen.utils.ModelUtilsTest"/>
  <testcase name="testIsFreeFormObject" time="0.001" classname="org.openapitools.codegen.utils.ModelUtilsTest"/>
  <testcase name="testNoComponentsSection" time="0.001" classname="org.openapitools.codegen.utils.ModelUtilsTest"/>
  <testcase name="testReferencedApiResponse" time="0.0" classname="org.openapitools.codegen.utils.ModelUtilsTest"/>
  <testcase name="testReferencedParameter" time="0.0" classname="org.openapitools.codegen.utils.ModelUtilsTest"/>
  <testcase name="testReferencedRequestBody" time="0.0" classname="org.openapitools.codegen.utils.ModelUtilsTest"/>
  <testcase name="testReferencedSchema" time="0.0" classname="org.openapitools.codegen.utils.ModelUtilsTest"/>
  <testcase name="testSchemasUsedOnlyInFormParam" time="0.004" classname="org.openapitools.codegen.utils.ModelUtilsTest"/>
  <testcase name="arrayModelTest" time="0.001" classname="org.openapitools.codegen.php.PhpModelTest"/>
  <testcase name="complexListProperty" time="0.001" classname="org.openapitools.codegen.php.PhpModelTest"/>
  <testcase name="complexMapSchema" time="0.0" classname="org.openapitools.codegen.php.PhpModelTest"/>
  <testcase name="complexPropertyTest" time="0.001" classname="org.openapitools.codegen.php.PhpModelTest"/>
  <testcase name="dateTest" time="0.002" classname="org.openapitools.codegen.php.PhpModelTest"/>
  <testcase name="enumArrayModelTest" time="0.033" classname="org.openapitools.codegen.php.PhpModelTest"/>
  <testcase name="enumMdoelValueTest" time="0.03" classname="org.openapitools.codegen.php.PhpModelTest"/>
  <testcase name="listPropertyTest" time="0.001" classname="org.openapitools.codegen.php.PhpModelTest"/>
  <testcase name="mapModelTest" time="0.0" classname="org.openapitools.codegen.php.PhpModelTest"/>
  <testcase name="mapPropertyTest" time="0.001" classname="org.openapitools.codegen.php.PhpModelTest"/>
  <testcase name="modelNameTest" time="0.0" classname="org.openapitools.codegen.php.PhpModelTest"/>
  <testcase name="modelNameTest" time="0.0" classname="org.openapitools.codegen.php.PhpModelTest"/>
  <testcase name="modelNameTest" time="0.0" classname="org.openapitools.codegen.php.PhpModelTest"/>
  <testcase name="modelNameTest" time="0.0" classname="org.openapitools.codegen.php.PhpModelTest"/>
  <testcase name="modelNameTest" time="0.001" classname="org.openapitools.codegen.php.PhpModelTest"/>
  <testcase name="modelNameTest" time="0.0" classname="org.openapitools.codegen.php.PhpModelTest"/>
  <testcase name="modelNameTest" time="0.0" classname="org.openapitools.codegen.php.PhpModelTest"/>
  <testcase name="simpleModelTest" time="0.001" classname="org.openapitools.codegen.php.PhpModelTest"/>
  <testcase name="testReservedWord" time="0.0" classname="org.openapitools.codegen.php.PhpModelTest"/>
  <testcase name="testAdditionalPropertiesPutForConfigValues" time="0.003" classname="org.openapitools.codegen.python.PythonClientCodegenTest"/>
  <testcase name="testEnumNull" time="0.002" classname="org.openapitools.codegen.python.PythonClientCodegenTest"/>
  <testcase name="testInitialConfigValues" time="0.0" classname="org.openapitools.codegen.python.PythonClientCodegenTest"/>
  <testcase name="testRegularExpressionOpenAPISchemaVersion3" time="0.004" classname="org.openapitools.codegen.python.PythonClientCodegenTest"/>
  <testcase name="testSettersForConfigValues" time="0.0" classname="org.openapitools.codegen.python.PythonClientCodegenTest"/>
  <testcase name="testSingleQuotes" time="0.0" classname="org.openapitools.codegen.python.PythonClientCodegenTest"/>
  <testcase name="checkOptionsHelp" time="0.003" classname="org.openapitools.codegen.AbstractOptionsTest"/>
  <testcase name="checkOptionsProcessing" time="0.155" classname="org.openapitools.codegen.AbstractOptionsTest"/>
  <testcase name="testGenerateRootEndpoint" time="0.023" classname="org.openapitools.codegen.haskellservant.HaskellServantCodegenTest"/>
  <testcase name="allUpperCaseOneNonLetterNamesTest" time="0.005" classname="org.openapitools.codegen.java.JavaModelTest"/>
  <testcase name="arrayModelTest" time="0.002" classname="org.openapitools.codegen.java.JavaModelTest"/>
  <testcase name="arrayModelWithItemNameTest" time="0.001" classname="org.openapitools.codegen.java.JavaModelTest"/>
  <testcase name="arrayOfArraySchemaTest" time="0.001" classname="org.openapitools.codegen.java.JavaModelTest"/>
  <testcase name="arrayOfArraySchemaTestInOperationResponse" time="0.003" classname="org.openapitools.codegen.java.JavaModelTest"/>
  <testcase name="arrayOfArraySchemaTestInRequestBody" time="0.001" classname="org.openapitools.codegen.java.JavaModelTest"/>
  <testcase name="arraySchemaTest" time="0.001" classname="org.openapitools.codegen.java.JavaModelTest"/>
  <testcase name="arraySchemaTestInOperationResponse" time="0.003" classname="org.openapitools.codegen.java.JavaModelTest"/>
  <testcase name="arraySchemaTestInRequestBody" time="0.002" classname="org.openapitools.codegen.java.JavaModelTest"/>
  <testcase name="binaryDataTest" time="0.001" classname="org.openapitools.codegen.java.JavaModelTest"/>
  <testcase name="booleanPropertyTest" time="0.0" classname="org.openapitools.codegen.java.JavaModelTest"/>
  <testcase name="classPropertyTest" time="0.0" classname="org.openapitools.codegen.java.JavaModelTest"/>
  <testcase name="classPropertyTest" time="0.0" classname="org.openapitools.codegen.java.JavaModelTest"/>
  <testcase name="classPropertyTest" time="0.0" classname="org.openapitools.codegen.java.JavaModelTest"/>
  <testcase name="complexListPropertyTest" time="0.0" classname="org.openapitools.codegen.java.JavaModelTest"/>
  <testcase name="complexMapPropertyTest" time="0.0" classname="org.openapitools.codegen.java.JavaModelTest"/>
  <testcase name="complexPropertiesTest" time="0.011" classname="org.openapitools.codegen.java.JavaModelTest"/>
  <testcase name="convertParameterTest" time="0.001" classname="org.openapitools.codegen.java.JavaModelTest"/>
  <testcase name="escapeNamesTest" time="0.001" classname="org.openapitools.codegen.java.JavaModelTest"/>
  <testcase name="firstTwoUpperCaseLetterNamesTest" time="0.001" classname="org.openapitools.codegen.java.JavaModelTest"/>
  <testcase name="generateEmpty" time="0.061" classname="org.openapitools.codegen.java.JavaModelTest"/>
  <testcase name="generateModel" time="0.202" classname="org.openapitools.codegen.java.JavaModelTest"/>
  <testcase name="hyphensTest" time="0.001" classname="org.openapitools.codegen.java.JavaModelTest"/>
  <testcase name="integerPropertyInReferencedSchemaTest" time="0.0" classname="org.openapitools.codegen.java.JavaModelTest"/>
  <testcase name="integerPropertyTest" time="0.0" classname="org.openapitools.codegen.java.JavaModelTest"/>
  <testcase name="invalidParamNameTest" time="0.0" classname="org.openapitools.codegen.java.JavaModelTest"/>
  <testcase name="list2DPropertyTest" time="0.001" classname="org.openapitools.codegen.java.JavaModelTest"/>
  <testcase name="listPropertyTest" time="0.001" classname="org.openapitools.codegen.java.JavaModelTest"/>
  <testcase name="longPropertyInReferencedSchemaTest" time="0.0" classname="org.openapitools.codegen.java.JavaModelTest"/>
  <testcase name="longPropertyTest" time="0.001" classname="org.openapitools.codegen.java.JavaModelTest"/>
  <testcase name="mapModelTest" time="0.0" classname="org.openapitools.codegen.java.JavaModelTest"/>
  <testcase name="mapPropertyTest" time="0.001" classname="org.openapitools.codegen.java.JavaModelTest"/>
  <testcase name="mapWithAnListOfBigDecimalTest" time="0.002" classname="org.openapitools.codegen.java.JavaModelTest"/>
  <testcase name="mapWithListPropertyTest" time="0.001" classname="org.openapitools.codegen.java.JavaModelTest"/>
  <testcase name="modelNameTest" time="0.0" classname="org.openapitools.codegen.java.JavaModelTest"/>
  <testcase name="modelNameTest" time="0.001" classname="org.openapitools.codegen.java.JavaModelTest"/>
  <testcase name="modelNameTest" time="0.0" classname="org.openapitools.codegen.java.JavaModelTest"/>
  <testcase name="modelNameTest" time="0.0" classname="org.openapitools.codegen.java.JavaModelTest"/>
  <testcase name="modelNameTest" time="0.001" classname="org.openapitools.codegen.java.JavaModelTest"/>
  <testcase name="modelNameTest" time="0.0" classname="org.openapitools.codegen.java.JavaModelTest"/>
  <testcase name="modelNameTest" time="0.0" classname="org.openapitools.codegen.java.JavaModelTest"/>
  <testcase name="modelNameTest" time="0.0" classname="org.openapitools.codegen.java.JavaModelTest"/>
  <testcase name="modelWithWrappedXmlTest" time="0.001" classname="org.openapitools.codegen.java.JavaModelTest"/>
  <testcase name="modelWithXmlTest" time="0.001" classname="org.openapitools.codegen.java.JavaModelTest"/>
  <testcase name="restrictedCharactersPropertiesTest" time="0.001" classname="org.openapitools.codegen.java.JavaModelTest"/>
  <testcase name="secondCharUpperCaseNamesTest" time="0.001" classname="org.openapitools.codegen.java.JavaModelTest"/>
  <testcase name="simpleModelTest" time="0.001" classname="org.openapitools.codegen.java.JavaModelTest"/>
  <testcase name="squareBracketsTest" time="0.0" classname="org.openapitools.codegen.java.JavaModelTest"/>
  <testcase name="stringPropertyInObjectTest" time="0.0" classname="org.openapitools.codegen.java.JavaModelTest"/>
  <testcase name="stringPropertyReferencedInObjectTest" time="0.0" classname="org.openapitools.codegen.java.JavaModelTest"/>
  <testcase name="stringPropertyTest" time="0.0" classname="org.openapitools.codegen.java.JavaModelTest"/>
  <testcase name="upperCaseNamesNumbersTest" time="0.0" classname="org.openapitools.codegen.java.JavaModelTest"/>
  <testcase name="upperCaseNamesTest" time="0.0" classname="org.openapitools.codegen.java.JavaModelTest"/>
  <testcase name="exampleValueTest" time="0.001" classname="org.openapitools.codegen.php.PhpClientExampleTest"/>
  <testcase name="testAdditionalPropertiesFalse" time="0.029" classname="org.openapitools.codegen.html.StaticHtmlGeneratorTest"/>
  <testcase name="testFromPropertyWithUnderscores" time="0.001" classname="org.openapitools.codegen.html.StaticHtmlGeneratorTest"/>
  <testcase name="testSpecWithoutSchema" time="0.003" classname="org.openapitools.codegen.html.StaticHtmlGeneratorTest"/>
  <testcase name="apIFileFolder" time="0.001" classname="org.openapitools.codegen.kotlin.AbstractKotlinCodegenTest"/>
  <testcase name="apiTestFileFolder" time="0.0" classname="org.openapitools.codegen.kotlin.AbstractKotlinCodegenTest"/>
  <testcase name="camlCaseEnumConverter" time="0.001" classname="org.openapitools.codegen.kotlin.AbstractKotlinCodegenTest"/>
  <testcase name="convertApiNameWithEmptySuffix" time="0.0" classname="org.openapitools.codegen.kotlin.AbstractKotlinCodegenTest"/>
  <testcase name="convertApiNameWithSuffix" time="0.0" classname="org.openapitools.codegen.kotlin.AbstractKotlinCodegenTest"/>
  <testcase name="convertModelName" time="0.0" classname="org.openapitools.codegen.kotlin.AbstractKotlinCodegenTest"/>
  <testcase name="convertModelNameTitleCase" time="0.0" classname="org.openapitools.codegen.kotlin.AbstractKotlinCodegenTest"/>
  <testcase name="convertVarName" time="0.002" classname="org.openapitools.codegen.kotlin.AbstractKotlinCodegenTest"/>
  <testcase name="isDataTypeString" time="0.0" classname="org.openapitools.codegen.kotlin.AbstractKotlinCodegenTest"/>
  <testcase name="originalEnumConverter" time="0.0" classname="org.openapitools.codegen.kotlin.AbstractKotlinCodegenTest"/>
  <testcase name="pascalCaseEnumConverter" time="0.0" classname="org.openapitools.codegen.kotlin.AbstractKotlinCodegenTest"/>
  <testcase name="snake_caseEnumConverter" time="0.001" classname="org.openapitools.codegen.kotlin.AbstractKotlinCodegenTest"/>
  <testcase name="toEnumValue" time="0.0" classname="org.openapitools.codegen.kotlin.AbstractKotlinCodegenTest"/>
  <testcase name="toModelNameShouldUseProvidedMapping" time="0.0" classname="org.openapitools.codegen.kotlin.AbstractKotlinCodegenTest"/>
  <testcase name="uppercasEnumConverter" time="0.0" classname="org.openapitools.codegen.kotlin.AbstractKotlinCodegenTest"/>
  <testcase name="modelTest" time="0.001" classname="org.openapitools.codegen.haskellservant.HaskellModelTest"/>
  <testcase name="responseWithoutContent" time="0.002" classname="org.openapitools.codegen.java.JavaCXFClientCodegenTest"/>
  <testcase name="testAdditionalPropertiesPutForConfigValues" time="0.001" classname="org.openapitools.codegen.java.JavaCXFClientCodegenTest"/>
  <testcase name="testInitialConfigValues" time="0.0" classname="org.openapitools.codegen.java.JavaCXFClientCodegenTest"/>
  <testcase name="testSettersForConfigValues" time="0.001" classname="org.openapitools.codegen.java.JavaCXFClientCodegenTest"/>
  <testcase name="testAdditionalPropertiesPutForConfigValues" time="0.003" classname="org.openapitools.codegen.php.PhpLaravelServerCodegenTest"/>
  <testcase name="testInitialConfigValues" time="0.0" classname="org.openapitools.codegen.php.PhpLaravelServerCodegenTest"/>
  <testcase name="testSettersForConfigValues" time="0.0" classname="org.openapitools.codegen.php.PhpLaravelServerCodegenTest"/>
  <testcase name="arrayModelTest" time="0.002" classname="org.openapitools.codegen.python.PythonTest"/>
  <testcase name="complexListPropertyTest" time="0.0" classname="org.openapitools.codegen.python.PythonTest"/>
  <testcase name="complexMapPropertyTest" time="0.001" classname="org.openapitools.codegen.python.PythonTest"/>
  <testcase name="complexPropertyTest" time="0.001" classname="org.openapitools.codegen.python.PythonTest"/>
  <testcase name="listPropertyTest" time="0.001" classname="org.openapitools.codegen.python.PythonTest"/>
  <testcase name="mapModelTest" time="0.0" classname="org.openapitools.codegen.python.PythonTest"/>
  <testcase name="mapPropertyTest" time="0.001" classname="org.openapitools.codegen.python.PythonTest"/>
  <testcase name="modelTest" time="0.147" classname="org.openapitools.codegen.python.PythonTest"/>
  <testcase name="simpleModelTest" time="0.001" classname="org.openapitools.codegen.python.PythonTest"/>
  <testcase name="additionalPropertyArtifactSnapShotVersionTest" time="0.0" classname="org.openapitools.codegen.java.AbstractJavaCodegenTest"/>
  <testcase name="additionalPropertyArtifactVersionTest" time="0.0" classname="org.openapitools.codegen.java.AbstractJavaCodegenTest"/>
  <testcase name="apiDocFileFolder" time="0.0" classname="org.openapitools.codegen.java.AbstractJavaCodegenTest"/>
  <testcase name="apiFileFolder" time="0.0" classname="org.openapitools.codegen.java.AbstractJavaCodegenTest"/>
  <testcase name="apiTestFileFolder" time="0.0" classname="org.openapitools.codegen.java.AbstractJavaCodegenTest"/>
  <testcase name="convertModelName" time="0.001" classname="org.openapitools.codegen.java.AbstractJavaCodegenTest"/>
  <testcase name="convertVarName" time="0.001" classname="org.openapitools.codegen.java.AbstractJavaCodegenTest"/>
  <testcase name="defaultVersionTest" time="0.0" classname="org.openapitools.codegen.java.AbstractJavaCodegenTest"/>
  <testcase name="modelFileFolder" time="0.0" classname="org.openapitools.codegen.java.AbstractJavaCodegenTest"/>
  <testcase name="modelTestFileFolder" time="0.0" classname="org.openapitools.codegen.java.AbstractJavaCodegenTest"/>
  <testcase name="openApiSnapShotVersionTest" time="0.0" classname="org.openapitools.codegen.java.AbstractJavaCodegenTest"/>
  <testcase name="openApiversionTest" time="0.0" classname="org.openapitools.codegen.java.AbstractJavaCodegenTest"/>
  <testcase name="snapshotVersionTest" time="0.0" classname="org.openapitools.codegen.java.AbstractJavaCodegenTest"/>
  <testcase name="testAdditionalPropertiesPutForConfigValues" time="0.0" classname="org.openapitools.codegen.java.AbstractJavaCodegenTest"/>
  <testcase name="testInitialConfigValues" time="0.0" classname="org.openapitools.codegen.java.AbstractJavaCodegenTest"/>
  <testcase name="testPreprocessOpenAPI" time="0.006" classname="org.openapitools.codegen.java.AbstractJavaCodegenTest"/>
  <testcase name="testPreprocessOpenAPINumVersion" time="0.003" classname="org.openapitools.codegen.java.AbstractJavaCodegenTest"/>
  <testcase name="testSettersForConfigValues" time="0.0" classname="org.openapitools.codegen.java.AbstractJavaCodegenTest"/>
  <testcase name="toEnumValue" time="0.0" classname="org.openapitools.codegen.java.AbstractJavaCodegenTest"/>
  <testcase name="toEnumVarNameShouldNotShortenUnderScore" time="0.0" classname="org.openapitools.codegen.java.AbstractJavaCodegenTest"/>
  <testcase name="toModelNameShouldUseProvidedMapping" time="0.0" classname="org.openapitools.codegen.java.AbstractJavaCodegenTest"/>
  <testcase name="toModelNameUsesPascalCase" time="0.001" classname="org.openapitools.codegen.java.AbstractJavaCodegenTest"/>
  <testcase name="toVarNameShouldAvoidOverloadingGetClassMethod" time="0.0" classname="org.openapitools.codegen.java.AbstractJavaCodegenTest"/>
  <testcase name="checkOptionsHelp" time="0.003" classname="org.openapitools.codegen.AbstractOptionsTest"/>
  <testcase name="checkOptionsProcessing" time="0.144" classname="org.openapitools.codegen.AbstractOptionsTest"/>
  <testcase name="testAdditionalPropertiesPutForConfigValues" time="0.003" classname="org.openapitools.codegen.eiffel.EiffelClientCodegenTest"/>
  <testcase name="testInitialConfigValues" time="0.0" classname="org.openapitools.codegen.eiffel.EiffelClientCodegenTest"/>
  <testcase name="testSettersForConfigValues" time="0.001" classname="org.openapitools.codegen.eiffel.EiffelClientCodegenTest"/>
  <testcase name="arrayPropertyTest" time="0.007" classname="org.openapitools.codegen.kotlin.KotlinClientCodegenModelTest"/>
  <testcase name="complexPropertyTest" time="0.001" classname="org.openapitools.codegen.kotlin.KotlinClientCodegenModelTest"/>
  <testcase name="listPropertyTest" time="0.002" classname="org.openapitools.codegen.kotlin.KotlinClientCodegenModelTest"/>
  <testcase name="mapPropertyTest" time="0.001" classname="org.openapitools.codegen.kotlin.KotlinClientCodegenModelTest"/>
  <testcase name="sanitizeModelNames" time="0.001" classname="org.openapitools.codegen.kotlin.KotlinClientCodegenModelTest"/>
  <testcase name="sanitizeModelNames" time="0.001" classname="org.openapitools.codegen.kotlin.KotlinClientCodegenModelTest"/>
  <testcase name="sanitizeModelNames" time="0.0" classname="org.openapitools.codegen.kotlin.KotlinClientCodegenModelTest"/>
  <testcase name="sanitizeModelNames" time="0.001" classname="org.openapitools.codegen.kotlin.KotlinClientCodegenModelTest"/>
  <testcase name="sanitizeModelNames" time="0.001" classname="org.openapitools.codegen.kotlin.KotlinClientCodegenModelTest"/>
  <testcase name="selectDateLibraryAsJava8" time="0.001" classname="org.openapitools.codegen.kotlin.KotlinClientCodegenModelTest"/>
  <testcase name="selectDateLibraryAsString" time="0.001" classname="org.openapitools.codegen.kotlin.KotlinClientCodegenModelTest"/>
  <testcase name="selectDateLibraryAsThreetenbp" time="0.001" classname="org.openapitools.codegen.kotlin.KotlinClientCodegenModelTest"/>
  <testcase name="simpleModelTest" time="0.001" classname="org.openapitools.codegen.kotlin.KotlinClientCodegenModelTest"/>
  <testcase name="testAdditionalPropertiesPutForConfigValues" time="0.009" classname="org.openapitools.codegen.php.PhpSymfonyServerCodegenTest"/>
  <testcase name="testInitialConfigValues" time="0.0" classname="org.openapitools.codegen.php.PhpSymfonyServerCodegenTest"/>
  <testcase name="testSettersForConfigValues" time="0.001" classname="org.openapitools.codegen.php.PhpSymfonyServerCodegenTest"/>
  <testcase name="testAdditionalPropertiesPutForConfigValues" time="0.001" classname="org.openapitools.codegen.eiffel.AbstractEiffelCodegenTest"/>
  <testcase name="testInitialConfigValues" time="0.0" classname="org.openapitools.codegen.eiffel.AbstractEiffelCodegenTest"/>
  <testcase name="testSettersForConfigValues" time="0.0" classname="org.openapitools.codegen.eiffel.AbstractEiffelCodegenTest"/>
  <testcase name="shouldSetConfiglProperties" time="0.008" classname="org.openapitools.codegen.config.CodegenConfiguratorTest"/>
  <testcase name="testAdditionalPropertiesPutForConfigValues" time="0.0" classname="org.openapitools.codegen.java.play.JavaPlayFrameworkCodegenTest"/>
  <testcase name="testInitialConfigValues" time="0.001" classname="org.openapitools.codegen.java.play.JavaPlayFrameworkCodegenTest"/>
  <testcase name="testSettersForConfigValues" time="0.0" classname="org.openapitools.codegen.java.play.JavaPlayFrameworkCodegenTest"/>
  <testcase name="testAdditionalPropertiesPutForConfigValues" time="0.0" classname="org.openapitools.codegen.kotlin.spring.KotlinSpringServerCodegenTest"/>
  <testcase name="testInitialConfigValues" time="0.001" classname="org.openapitools.codegen.kotlin.spring.KotlinSpringServerCodegenTest"/>
  <testcase name="testSettersForConfigValues" time="0.0" classname="org.openapitools.codegen.kotlin.spring.KotlinSpringServerCodegenTest"/>
  <testcase name="testSettingInvokerPackageToBasePackage" time="0.0" classname="org.openapitools.codegen.kotlin.spring.KotlinSpringServerCodegenTest"/>
  <testcase name="testAdditionalPropertiesPutForConfigValues" time="0.0" classname="org.openapitools.codegen.lua.LuaClientCodegenTest"/>
  <testcase name="testInitialConfigValues" time="0.0" classname="org.openapitools.codegen.lua.LuaClientCodegenTest"/>
  <testcase name="testSettersForConfigValues" time="0.0" classname="org.openapitools.codegen.lua.LuaClientCodegenTest"/>
  <testcase name="checkOptionsHelp" time="0.005" classname="org.openapitools.codegen.AbstractOptionsTest"/>
  <testcase name="checkOptionsProcessing" time="0.146" classname="org.openapitools.codegen.AbstractOptionsTest"/>
  <testcase name="escapeReservedWordTest" time="0.002" classname="org.openapitools.codegen.bash.BashTest"/>
  <testcase name="escapeTextTest" time="0.002" classname="org.openapitools.codegen.bash.BashTest"/>
  <testcase name="escapeUnsafeCharactersTest" time="0.0" classname="org.openapitools.codegen.bash.BashTest"/>
  <testcase name="petstoreOperationTest" time="0.032" classname="org.openapitools.codegen.bash.BashTest"/>
  <testcase name="petstoreParameterExampleTest" time="0.008" classname="org.openapitools.codegen.bash.BashTest"/>
  <testcase name="tesDynamicSettingsWithDynamicProperties" time="0.037" classname="org.openapitools.codegen.config.DynamicSettingsTest"/>
  <testcase name="testDynamicSettingsSetsConstructorDefaultsOnDeserialization" time="0.0" classname="org.openapitools.codegen.config.DynamicSettingsTest"/>
  <testcase name="testDynamicSettingsWithBuilderSideEffects" time="0.001" classname="org.openapitools.codegen.config.DynamicSettingsTest"/>
  <testcase name="addDefaultValueDocumentationForNonContainers" time="0.022" classname="org.openapitools.codegen.java.jaxrs.JavaJaxrsBaseTest"/>
  <testcase name="doNotAddDefaultValueDocumentationForContainers" time="0.01" classname="org.openapitools.codegen.java.jaxrs.JavaJaxrsBaseTest"/>
  <testcase name="doNotGenerateJsonAnnotationForPolymorphismIfJsonExclude" time="0.032" classname="org.openapitools.codegen.java.jaxrs.JavaJaxrsBaseTest"/>
  <testcase name="generateJsonAnnotationForPolymorphism" time="0.026" classname="org.openapitools.codegen.java.jaxrs.JavaJaxrsBaseTest"/>
  <testcase name="mapModelTest" time="0.0" classname="org.openapitools.codegen.java.jaxrs.JavaResteasyEapServerCodegenModelTest"/>
  <testcase name="uppercaseTest" time="0.001" classname="org.openapitools.codegen.templating.mustache.UppercaseLambdaTest"/>
  <testcase name="checkOptionsHelp" time="0.003" classname="org.openapitools.codegen.AbstractOptionsTest"/>
  <testcase name="checkOptionsHelp" time="0.001" classname="org.openapitools.codegen.AbstractOptionsTest"/>
  <testcase name="checkOptionsProcessing" time="0.143" classname="org.openapitools.codegen.AbstractOptionsTest"/>
  <testcase name="checkOptionsProcessing" time="0.16" classname="org.openapitools.codegen.AbstractOptionsTest"/>
  <testcase name="addDefaultValueDocumentationForNonContainers" time="0.042" classname="org.openapitools.codegen.java.jaxrs.JavaJaxrsBaseTest"/>
  <testcase name="doNotAddDefaultValueDocumentationForContainers" time="0.018" classname="org.openapitools.codegen.java.jaxrs.JavaJaxrsBaseTest"/>
  <testcase name="doNotGenerateJsonAnnotationForPolymorphismIfJsonExclude" time="0.041" classname="org.openapitools.codegen.java.jaxrs.JavaJaxrsBaseTest"/>
  <testcase name="generateJsonAnnotationForPolymorphism" time="0.044" classname="org.openapitools.codegen.java.jaxrs.JavaJaxrsBaseTest"/>
  <testcase name="testAddOperationToGroupUseTagsFalse" time="0.035" classname="org.openapitools.codegen.java.jaxrs.JavaJerseyServerCodegenTest"/>
  <testcase name="testAddOperationToGroupUseTagsTrue" time="0.036" classname="org.openapitools.codegen.java.jaxrs.JavaJerseyServerCodegenTest"/>
  <testcase name="testAdditionalPropertiesPutForConfigValues" time="0.0" classname="org.openapitools.codegen.java.jaxrs.JavaJerseyServerCodegenTest"/>
  <testcase name="testInitialConfigValues" time="0.001" classname="org.openapitools.codegen.java.jaxrs.JavaJerseyServerCodegenTest"/>
  <testcase name="testSettersForConfigValues" time="0.0" classname="org.openapitools.codegen.java.jaxrs.JavaJerseyServerCodegenTest"/>
  <testcase name="testAdditionalPropertiesPutForConfigValues" time="0.001" classname="org.openapitools.codegen.objc.ObjcClientCodegenTest"/>
  <testcase name="testInitialConfigValues" time="0.0" classname="org.openapitools.codegen.objc.ObjcClientCodegenTest"/>
  <testcase name="testSettersForConfigValues" time="0.001" classname="org.openapitools.codegen.objc.ObjcClientCodegenTest"/>
  <testcase name="firstValueIsReturnedTest" time="0.0" classname="org.openapitools.codegen.templating.mustache.OnChangeLambdaTest"/>
  <testcase name="repeatingValueReturnedOnFirstOccurrenceTest" time="0.0" classname="org.openapitools.codegen.templating.mustache.OnChangeLambdaTest"/>
  <testcase name="testAdditionalPropertiesPutForConfigValues" time="0.0" classname="org.openapitools.codegen.dart.DartClientCodegenTest"/>
  <testcase name="testInitialConfigValues" time="0.0" classname="org.openapitools.codegen.dart.DartClientCodegenTest"/>
  <testcase name="testSettersForConfigValues" time="0.0" classname="org.openapitools.codegen.dart.DartClientCodegenTest"/>
  <testcase name="addDefaultValueDocumentationForNonContainers" time="0.026" classname="org.openapitools.codegen.java.jaxrs.JavaJaxrsBaseTest"/>
  <testcase name="doNotAddDefaultValueDocumentationForContainers" time="0.018" classname="org.openapitools.codegen.java.jaxrs.JavaJaxrsBaseTest"/>
  <testcase name="doNotGenerateJsonAnnotationForPolymorphismIfJsonExclude" time="0.036" classname="org.openapitools.codegen.java.jaxrs.JavaJaxrsBaseTest"/>
  <testcase name="generateJsonAnnotationForPolymorphism" time="0.035" classname="org.openapitools.codegen.java.jaxrs.JavaJaxrsBaseTest"/>
  <testcase name="mapModelTest" time="0.001" classname="org.openapitools.codegen.java.jaxrs.JavaJaxrsResteasyServerCodegenModelTest"/>
  <testcase name="lowercaseReservedWordTest" time="0.001" classname="org.openapitools.codegen.templating.mustache.LowercaseLambdaTest"/>
  <testcase name="lowercaseTest" time="0.001" classname="org.openapitools.codegen.templating.mustache.LowercaseLambdaTest"/>
  <testcase name="advancedMapPropertyTest" time="0.002" classname="org.openapitools.codegen.objc.ObjcModelTest"/>
  <testcase name="arrayModelTest" time="0.002" classname="org.openapitools.codegen.objc.ObjcModelTest"/>
  <testcase name="binaryDataModelTest" time="0.006" classname="org.openapitools.codegen.objc.ObjcModelTest"/>
  <testcase name="complexListPropertyTest" time="0.001" classname="org.openapitools.codegen.objc.ObjcModelTest"/>
  <testcase name="complexMapPropertyTest" time="0.001" classname="org.openapitools.codegen.objc.ObjcModelTest"/>
  <testcase name="complexPropertyTest" time="0.0" classname="org.openapitools.codegen.objc.ObjcModelTest"/>
  <testcase name="isArrayModelModelTest" time="0.056" classname="org.openapitools.codegen.objc.ObjcModelTest"/>
  <testcase name="issue316Test" time="0.008" classname="org.openapitools.codegen.objc.ObjcModelTest"/>
  <testcase name="listPropertyTest" time="0.001" classname="org.openapitools.codegen.objc.ObjcModelTest"/>
  <testcase name="mapModelTest" time="0.001" classname="org.openapitools.codegen.objc.ObjcModelTest"/>
  <testcase name="mapPropertyTest" time="0.001" classname="org.openapitools.codegen.objc.ObjcModelTest"/>
  <testcase name="mixedPropertiesDataModelTest" time="0.055" classname="org.openapitools.codegen.objc.ObjcModelTest"/>
  <testcase name="simpleModelTest" time="0.001" classname="org.openapitools.codegen.objc.ObjcModelTest"/>
  <testcase name="udidAndPasswordDataModelTest" time="0.04" classname="org.openapitools.codegen.objc.ObjcModelTest"/>
  <testcase name="arrayModelTest" time="0.003" classname="org.openapitools.codegen.scalahttpclient.ScalaHttpClientModelTest"/>
  <testcase name="complexListPropertyTest" time="0.001" classname="org.openapitools.codegen.scalahttpclient.ScalaHttpClientModelTest"/>
  <testcase name="complexMapPropertyTest" time="0.001" classname="org.openapitools.codegen.scalahttpclient.ScalaHttpClientModelTest"/>
  <testcase name="complexPropertyTest" time="0.0" classname="org.openapitools.codegen.scalahttpclient.ScalaHttpClientModelTest"/>
  <testcase name="listPropertyTest" time="0.001" classname="org.openapitools.codegen.scalahttpclient.ScalaHttpClientModelTest"/>
  <testcase name="mapModelTest" time="0.001" classname="org.openapitools.codegen.scalahttpclient.ScalaHttpClientModelTest"/>
  <testcase name="mapPropertyTest" time="0.0" classname="org.openapitools.codegen.scalahttpclient.ScalaHttpClientModelTest"/>
  <testcase name="simpleModelTest" time="0.001" classname="org.openapitools.codegen.scalahttpclient.ScalaHttpClientModelTest"/>
  <testcase name="checkOptionsHelp" time="0.003" classname="org.openapitools.codegen.AbstractOptionsTest"/>
  <testcase name="checkOptionsHelp" time="0.001" classname="org.openapitools.codegen.AbstractOptionsTest"/>
  <testcase name="checkOptionsProcessing" time="0.159" classname="org.openapitools.codegen.AbstractOptionsTest"/>
  <testcase name="checkOptionsProcessing" time="0.19" classname="org.openapitools.codegen.AbstractOptionsTest"/>
  <testcase name="testAddOperationToGroup" time="0.041" classname="org.openapitools.codegen.java.jaxrs.JavaJAXRSCXFExtServerCodegenTest"/>
  <testcase name="testAdditionalPropertiesPutForConfigValues" time="0.001" classname="org.openapitools.codegen.java.jaxrs.JavaJAXRSCXFExtServerCodegenTest"/>
  <testcase name="testGenerateOperationBodyWithCodedTestData" time="0.126" classname="org.openapitools.codegen.java.jaxrs.JavaJAXRSCXFExtServerCodegenTest"/>
  <testcase name="testGenerateOperationBodyWithJsonTestData" time="0.105" classname="org.openapitools.codegen.java.jaxrs.JavaJAXRSCXFExtServerCodegenTest"/>
  <testcase name="testInitialConfigValues" time="0.0" classname="org.openapitools.codegen.java.jaxrs.JavaJAXRSCXFExtServerCodegenTest"/>
  <testcase name="testSettersForConfigValues" time="0.0" classname="org.openapitools.codegen.java.jaxrs.JavaJAXRSCXFExtServerCodegenTest"/>
  <testcase name="addDefaultValueDocumentationForNonContainers" time="0.01" classname="org.openapitools.codegen.java.jaxrs.JavaJaxrsBaseTest"/>
  <testcase name="doNotAddDefaultValueDocumentationForContainers" time="0.007" classname="org.openapitools.codegen.java.jaxrs.JavaJaxrsBaseTest"/>
  <testcase name="doNotGenerateJsonAnnotationForPolymorphismIfJsonExclude" time="0.023" classname="org.openapitools.codegen.java.jaxrs.JavaJaxrsBaseTest"/>
  <testcase name="generateJsonAnnotationForPolymorphism" time="0.02" classname="org.openapitools.codegen.java.jaxrs.JavaJaxrsBaseTest"/>
  <testcase name="arrayModelTest" time="0.002" classname="org.openapitools.codegen.dart.DartModelTest"/>
  <testcase name="complexListProperty" time="0.0" classname="org.openapitools.codegen.dart.DartModelTest"/>
  <testcase name="complexMapSchema" time="0.001" classname="org.openapitools.codegen.dart.DartModelTest"/>
  <testcase name="complexPropertyTest" time="0.0" classname="org.openapitools.codegen.dart.DartModelTest"/>
  <testcase name="dateTest" time="0.003" classname="org.openapitools.codegen.dart.DartModelTest"/>
  <testcase name="listPropertyTest" time="0.001" classname="org.openapitools.codegen.dart.DartModelTest"/>
  <testcase name="mapModelTest" time="0.0" classname="org.openapitools.codegen.dart.DartModelTest"/>
  <testcase name="mapPropertyTest" time="0.001" classname="org.openapitools.codegen.dart.DartModelTest"/>
  <testcase name="modelNameTest" time="0.0" classname="org.openapitools.codegen.dart.DartModelTest"/>
  <testcase name="modelNameTest" time="0.0" classname="org.openapitools.codegen.dart.DartModelTest"/>
  <testcase name="modelNameTest" time="0.0" classname="org.openapitools.codegen.dart.DartModelTest"/>
  <testcase name="modelNameTest" time="0.0" classname="org.openapitools.codegen.dart.DartModelTest"/>
  <testcase name="modelNameTest" time="0.0" classname="org.openapitools.codegen.dart.DartModelTest"/>
  <testcase name="modelNameTest" time="0.0" classname="org.openapitools.codegen.dart.DartModelTest"/>
  <testcase name="modelNameTest" time="0.0" classname="org.openapitools.codegen.dart.DartModelTest"/>
  <testcase name="simpleModelTest" time="0.001" classname="org.openapitools.codegen.dart.DartModelTest"/>
  <testcase name="testReservedWord" time="0.0" classname="org.openapitools.codegen.dart.DartModelTest"/>
  <testcase name="minimalUpdateTest" time="0.115" classname="org.openapitools.codegen.DefaultGeneratorTest"/>
  <testcase name="testNonStrictProcessPaths" time="0.002" classname="org.openapitools.codegen.DefaultGeneratorTest"/>
  <testcase name="testProcessPaths" time="0.002" classname="org.openapitools.codegen.DefaultGeneratorTest"/>
  <testcase name="commonLambdasRegistrationTest" time="0.0" classname="org.openapitools.codegen.DefaultCodegenTest"/>
  <testcase name="integerSchemaPropertyAndModelTest" time="0.001" classname="org.openapitools.codegen.DefaultCodegenTest"/>
  <testcase name="longSchemaPropertyAndModelTest" time="0.0" classname="org.openapitools.codegen.DefaultCodegenTest"/>
  <testcase name="mapParamImportInnerObject" time="0.014" classname="org.openapitools.codegen.DefaultCodegenTest"/>
  <testcase name="modelDoNotContainInheritedVars" time="0.001" classname="org.openapitools.codegen.DefaultCodegenTest"/>
  <testcase name="modelWithPrefixDoNotContainInheritedVars" time="0.002" classname="org.openapitools.codegen.DefaultCodegenTest"/>
  <testcase name="modelWithSuffixDoNotContainInheritedVars" time="0.002" classname="org.openapitools.codegen.DefaultCodegenTest"/>
  <testcase name="numberDoubleSchemaPropertyAndModelTest" time="0.0" classname="org.openapitools.codegen.DefaultCodegenTest"/>
  <testcase name="numberFloatSchemaPropertyAndModelTest" time="0.0" classname="org.openapitools.codegen.DefaultCodegenTest"/>
  <testcase name="numberSchemaPropertyAndModelTest" time="0.001" classname="org.openapitools.codegen.DefaultCodegenTest"/>
  <testcase name="objectQueryParamIdentifyAsObject" time="0.002" classname="org.openapitools.codegen.DefaultCodegenTest"/>
  <testcase name="postProcessModelsEnumWithExtention" time="0.001" classname="org.openapitools.codegen.DefaultCodegenTest"/>
  <testcase name="testAdditionalPropertiesPutForConfigValues" time="0.0" classname="org.openapitools.codegen.DefaultCodegenTest"/>
  <testcase name="testAllOfParent" time="0.011" classname="org.openapitools.codegen.DefaultCodegenTest"/>
  <testcase name="testAllOfRequired" time="0.002" classname="org.openapitools.codegen.DefaultCodegenTest"/>
  <testcase name="testArraySchemaIsNotIncluedInAliases" time="0.001" classname="org.openapitools.codegen.DefaultCodegenTest"/>
  <testcase name="testCallbacks" time="0.008" classname="org.openapitools.codegen.DefaultCodegenTest"/>
  <testcase name="testConsistentParameterNameAfterUniquenessRename" time="0.002" classname="org.openapitools.codegen.DefaultCodegenTest"/>
  <testcase name="testDiscriminator" time="0.04" classname="org.openapitools.codegen.DefaultCodegenTest"/>
  <testcase name="testDiscriminatorWithCustomMapping" time="0.003" classname="org.openapitools.codegen.DefaultCodegenTest"/>
  <testcase name="testEnsureNoDuplicateProduces" time="0.004" classname="org.openapitools.codegen.DefaultCodegenTest"/>
  <testcase name="testEscapeText" time="0.0" classname="org.openapitools.codegen.DefaultCodegenTest"/>
  <testcase name="testEscapeTextWhileAllowingNewLines" time="0.0" classname="org.openapitools.codegen.DefaultCodegenTest"/>
  <testcase name="testExample1" time="0.001" classname="org.openapitools.codegen.DefaultCodegenTest"/>
  <testcase name="testExample2" time="0.001" classname="org.openapitools.codegen.DefaultCodegenTest"/>
  <testcase name="testExample3" time="0.002" classname="org.openapitools.codegen.DefaultCodegenTest"/>
  <testcase name="testExample4" time="0.001" classname="org.openapitools.codegen.DefaultCodegenTest"/>
  <testcase name="testFormParameterHasDefaultValue" time="0.029" classname="org.openapitools.codegen.DefaultCodegenTest"/>
  <testcase name="testGetConsumesInfoAndGetProducesInfo" time="0.002" classname="org.openapitools.codegen.DefaultCodegenTest"/>
  <testcase name="testGetProducesInfo" time="0.004" classname="org.openapitools.codegen.DefaultCodegenTest"/>
  <testcase name="testGetSchemaTypeWithComposedSchemaWithOneOf" time="0.002" classname="org.openapitools.codegen.DefaultCodegenTest"/>
  <testcase name="testHasBodyParameter" time="0.0" classname="org.openapitools.codegen.DefaultCodegenTest"/>
  <testcase name="testInitialConfigValues" time="0.0" classname="org.openapitools.codegen.DefaultCodegenTest"/>
  <testcase name="testLeadingSlashIsAddedIfMissing" time="0.0" classname="org.openapitools.codegen.DefaultCodegenTest"/>
  <testcase name="testNullableProperty" time="0.002" classname="org.openapitools.codegen.DefaultCodegenTest"/>
  <testcase name="testParameterEmptyDescription" time="0.0" classname="org.openapitools.codegen.DefaultCodegenTest"/>
  <testcase name="testParentName" time="0.002" classname="org.openapitools.codegen.DefaultCodegenTest"/>
  <testcase name="testResponseWithNoSchemaInHeaders" time="0.001" classname="org.openapitools.codegen.DefaultCodegenTest"/>
  <testcase name="testSettersForConfigValues" time="0.0" classname="org.openapitools.codegen.DefaultCodegenTest"/>
  <testcase name="updateCodegenPropertyEnum" time="0.001" classname="org.openapitools.codegen.DefaultCodegenTest"/>
  <testcase name="updateCodegenPropertyEnumWithExtention" time="0.0" classname="org.openapitools.codegen.DefaultCodegenTest"/>
  <testcase name="testAdditionalPropertiesPutForConfigValues" time="0.001" classname="org.openapitools.codegen.haskellhttpclient.HaskellHttpClientCodegenTest"/>
  <testcase name="testInitialConfigValues" time="0.0" classname="org.openapitools.codegen.haskellhttpclient.HaskellHttpClientCodegenTest"/>
  <testcase name="testSettersForConfigValues" time="0.0" classname="org.openapitools.codegen.haskellhttpclient.HaskellHttpClientCodegenTest"/>
  <testcase name="checkOptionsHelp" time="0.003" classname="org.openapitools.codegen.AbstractOptionsTest"/>
  <testcase name="checkOptionsProcessing" time="0.168" classname="org.openapitools.codegen.AbstractOptionsTest"/>
  <testcase name="generateFromResponseSchemaWithArrayOfModel" time="0.007" classname="org.openapitools.codegen.ExampleGeneratorTest"/>
  <testcase name="generateFromResponseSchemaWithArrayOfPrimitiveTypes" time="0.001" classname="org.openapitools.codegen.ExampleGeneratorTest"/>
  <testcase name="generateFromResponseSchemaWithModel" time="0.001" classname="org.openapitools.codegen.ExampleGeneratorTest"/>
  <testcase name="generateFromResponseSchemaWithNoExample" time="0.002" classname="org.openapitools.codegen.ExampleGeneratorTest"/>
  <testcase name="generateFromResponseSchemaWithPrimitiveType" time="0.001" classname="org.openapitools.codegen.ExampleGeneratorTest"/>
  <testcase name="testAdditionalPropertiesPutForConfigValues" time="0.001" classname="org.openapitools.codegen.android.AndroidClientCodegenTest"/>
  <testcase name="testInitialConfigValues" time="0.0" classname="org.openapitools.codegen.android.AndroidClientCodegenTest"/>
  <testcase name="testSettersForConfigValues" time="0.0" classname="org.openapitools.codegen.android.AndroidClientCodegenTest"/>
  <testcase name="testAdditionalPropertiesPutForConfigValues" time="0.0" classname="org.openapitools.codegen.perl.PerlClientCodegenTest"/>
  <testcase name="testInitialConfigValues" time="0.0" classname="org.openapitools.codegen.perl.PerlClientCodegenTest"/>
  <testcase name="testIssue677" time="0.007" classname="org.openapitools.codegen.perl.PerlClientCodegenTest"/>
  <testcase name="testSettersForConfigValues" time="0.0" classname="org.openapitools.codegen.perl.PerlClientCodegenTest"/>
  <testcase name="checkOptionsHelp" time="0.003" classname="org.openapitools.codegen.AbstractOptionsTest"/>
  <testcase name="checkOptionsHelp" time="0.001" classname="org.openapitools.codegen.AbstractOptionsTest"/>
  <testcase name="checkOptionsProcessing" time="0.171" classname="org.openapitools.codegen.AbstractOptionsTest"/>
  <testcase name="checkOptionsProcessing" time="0.206" classname="org.openapitools.codegen.AbstractOptionsTest"/>
  <testcase name="testEscapeMysqlQuotedIdentifier" time="0.003" classname="org.openapitools.codegen.mysql.MysqlSchemaCodegenTest"/>
  <testcase name="testEscapeMysqlUnquotedIdentifier" time="0.0" classname="org.openapitools.codegen.mysql.MysqlSchemaCodegenTest"/>
  <testcase name="testGetDefaultDatabaseName" time="0.0" classname="org.openapitools.codegen.mysql.MysqlSchemaCodegenTest"/>
  <testcase name="testGetJsonDataTypeEnabled" time="0.0" classname="org.openapitools.codegen.mysql.MysqlSchemaCodegenTest"/>
  <testcase name="testGetMysqlMatchedIntegerDataType" time="0.0" classname="org.openapitools.codegen.mysql.MysqlSchemaCodegenTest"/>
  <testcase name="testGetMysqlMatchedStringDataType" time="0.0" classname="org.openapitools.codegen.mysql.MysqlSchemaCodegenTest"/>
  <testcase name="testIsMysqlDataType" time="0.0" classname="org.openapitools.codegen.mysql.MysqlSchemaCodegenTest"/>
  <testcase name="testIsReservedWord" time="0.001" classname="org.openapitools.codegen.mysql.MysqlSchemaCodegenTest"/>
  <testcase name="testSetDefaultDatabaseName" time="0.0" classname="org.openapitools.codegen.mysql.MysqlSchemaCodegenTest"/>
  <testcase name="testSetJsonDataTypeEnabled" time="0.0" classname="org.openapitools.codegen.mysql.MysqlSchemaCodegenTest"/>
  <testcase name="testToCodegenMysqlDataTypeArgument" time="0.0" classname="org.openapitools.codegen.mysql.MysqlSchemaCodegenTest"/>
  <testcase name="testToCodegenMysqlDataTypeDefault" time="0.001" classname="org.openapitools.codegen.mysql.MysqlSchemaCodegenTest"/>
  <testcase name="testToCodegenMysqlDataTypeDefaultWithExceptionalColumnType" time="0.0" classname="org.openapitools.codegen.mysql.MysqlSchemaCodegenTest"/>
  <testcase name="testToMysqlIdentifier" time="0.0" classname="org.openapitools.codegen.mysql.MysqlSchemaCodegenTest"/>
  <testcase name="testToMysqlIdentifierWithEmptyString" time="0.0" classname="org.openapitools.codegen.mysql.MysqlSchemaCodegenTest"/>
  <testcase name="arrayModelTest" time="0.004" classname="org.openapitools.codegen.typescript.typescriptangularjs.TypeScriptAngularJsModelTest"/>
  <testcase name="complexListPropertyTest" time="0.001" classname="org.openapitools.codegen.typescript.typescriptangularjs.TypeScriptAngularJsModelTest"/>
  <testcase name="complexPropertyTest" time="0.001" classname="org.openapitools.codegen.typescript.typescriptangularjs.TypeScriptAngularJsModelTest"/>
  <testcase name="listPropertyTest" time="0.001" classname="org.openapitools.codegen.typescript.typescriptangularjs.TypeScriptAngularJsModelTest"/>
  <testcase name="mapModelTest" time="0.0" classname="org.openapitools.codegen.typescript.typescriptangularjs.TypeScriptAngularJsModelTest"/>
  <testcase name="simpleModelTest" time="0.001" classname="org.openapitools.codegen.typescript.typescriptangularjs.TypeScriptAngularJsModelTest"/>
  <testcase name="checkOptionsHelp" time="0.004" classname="org.openapitools.codegen.AbstractOptionsTest"/>
  <testcase name="checkOptionsProcessing" time="0.2" classname="org.openapitools.codegen.AbstractOptionsTest"/>
  <testcase name="simpleModelTest" time="0.009" classname="org.openapitools.codegen.swift3.Swift3ModelTest"/>
  <testcase name="shouldNotBreakCorrectName" time="0.0" classname="org.openapitools.codegen.swift3.Swift3CodegenTest">
    <ignored/>
  </testcase> <!-- shouldNotBreakCorrectName -->
  <testcase name="overrideEnumTest" time="0.0" classname="org.openapitools.codegen.csharp.CsharpModelEnumTest">
    <ignored/>
  </testcase> <!-- overrideEnumTest -->
  <testcase name="testSingleWordAllCaps" time="0.0" classname="org.openapitools.codegen.swift3.Swift3CodegenTest">
    <ignored/>
  </testcase> <!-- testSingleWordAllCaps -->
  <testcase name="testSingleWordLowercase" time="0.0" classname="org.openapitools.codegen.swift3.Swift3CodegenTest">
    <ignored/>
  </testcase> <!-- testSingleWordLowercase -->
  <testcase name="dateTest" time="0.0" classname="org.openapitools.codegen.swift3.Swift3CodegenTest">
    <ignored/>
  </testcase> <!-- dateTest -->
  <testcase name="generatesCorrectDirectoryStructure" time="0.0" classname="org.openapitools.codegen.AbstractIntegrationTest">
    <ignored/>
  </testcase> <!-- generatesCorrectDirectoryStructure -->
  <testcase name="generatesCorrectDirectoryStructure" time="0.0" classname="org.openapitools.codegen.AbstractIntegrationTest">
    <ignored/>
  </testcase> <!-- generatesCorrectDirectoryStructure -->
  <testcase name="generatesCorrectDirectoryStructure" time="0.0" classname="org.openapitools.codegen.AbstractIntegrationTest">
    <ignored/>
  </testcase> <!-- generatesCorrectDirectoryStructure -->
  <testcase name="generatesCorrectDirectoryStructure" time="0.0" classname="org.openapitools.codegen.AbstractIntegrationTest">
    <ignored/>
  </testcase> <!-- generatesCorrectDirectoryStructure -->
  <testcase name="generatesCorrectDirectoryStructure" time="0.0" classname="org.openapitools.codegen.AbstractIntegrationTest">
    <ignored/>
  </testcase> <!-- generatesCorrectDirectoryStructure -->
  <testcase name="testCapitalsWithDash" time="0.0" classname="org.openapitools.codegen.swift3.Swift3CodegenTest">
    <ignored/>
  </testcase> <!-- testCapitalsWithDash -->
  <testcase name="testCapitalsWithSpace" time="0.0" classname="org.openapitools.codegen.swift3.Swift3CodegenTest">
    <ignored/>
  </testcase> <!-- testCapitalsWithSpace -->
  <testcase name="testLowercaseWithUnderscore" time="0.0" classname="org.openapitools.codegen.swift3.Swift3CodegenTest">
    <ignored/>
  </testcase> <!-- testLowercaseWithUnderscore -->
  <testcase name="testPodAuthors" time="0.0" classname="org.openapitools.codegen.swift3.Swift3CodegenTest">
    <ignored/>
  </testcase> <!-- testPodAuthors -->
  <testcase name="binaryDataTest" time="0.0" classname="org.openapitools.codegen.swift3.Swift3CodegenTest">
    <ignored/>
  </testcase> <!-- binaryDataTest -->
  <testcase name="testDefaultPodAuthors" time="0.0" classname="org.openapitools.codegen.swift3.Swift3CodegenTest">
    <ignored/>
  </testcase> <!-- testDefaultPodAuthors -->
  <testcase name="testReservedWord" time="0.0" classname="org.openapitools.codegen.swift3.Swift3CodegenTest">
    <ignored/>
  </testcase> <!-- testReservedWord -->
  <testcase name="testCapitalizedReservedWord" time="0.0" classname="org.openapitools.codegen.swift3.Swift3CodegenTest">
    <ignored/>
  </testcase> <!-- testCapitalizedReservedWord -->
  <testcase name="testCapitalsWithUnderscore" time="0.0" classname="org.openapitools.codegen.swift3.Swift3CodegenTest">
    <ignored/>
  </testcase> <!-- testCapitalsWithUnderscore -->
  <testcase name="testStartingWithNumber" time="0.0" classname="org.openapitools.codegen.swift3.Swift3CodegenTest">
    <ignored/>
  </testcase> <!-- testStartingWithNumber -->
  <testcase name="shouldNotBreakNonReservedWord" time="0.0" classname="org.openapitools.codegen.swift3.Swift3CodegenTest">
    <ignored/>
  </testcase> <!-- shouldNotBreakNonReservedWord -->
</testsuite> <!-- Surefire test -->
