<?xml version="1.0" encoding="UTF-8"?>
<testsuite xmlns:xsi="http://www.w3.org/2001/XMLSchema-instance" xsi:noNamespaceSchemaLocation="https://maven.apache.org/surefire/maven-surefire-plugin/xsd/surefire-test-report-3.0.xsd" version="3.0" name="TestSuite" time="1.102" tests="24" errors="0" skipped="0" failures="0">
  <properties>
[...]
</properties>
  <testcase name="splitCommaSeparatedList" classname="org.openapitools.codegen.cmd.utils.OptionUtilsTest" time="0.032"/>
  <testcase name="testParseCommaSeparatedTuples" classname="org.openapitools.codegen.cmd.utils.OptionUtilsTest" time="0.002"/>
  <testcase name="testAdditionalProperties" classname="org.openapitools.codegen.cmd.GenerateTest" time="0.512"/>
  <testcase name="testApiPackage" classname="org.openapitools.codegen.cmd.GenerateTest" time="0.008"/>
  <testcase name="testArtifactId" classname="org.openapitools.codegen.cmd.GenerateTest" time="0.006"/>
  <testcase name="testArtifactVersion" classname="org.openapitools.codegen.cmd.GenerateTest" time="0.008"/>
  <testcase name="testAuth" classname="org.openapitools.codegen.cmd.GenerateTest" time="0.019"/>
  <testcase name="testConfigJson" classname="org.openapitools.codegen.cmd.GenerateTest" time="0.011"/>
  <testcase name="testConfigYaml" classname="org.openapitools.codegen.cmd.GenerateTest" time="0.01"/>
  <testcase name="testGroupId" classname="org.openapitools.codegen.cmd.GenerateTest" time="0.005"/>
  <testcase name="testImportMappings" classname="org.openapitools.codegen.cmd.GenerateTest" time="0.01"/>
  <testcase name="testInstantiationTypes" classname="org.openapitools.codegen.cmd.GenerateTest" time="0.01"/>
  <testcase name="testInvokerPackage" classname="org.openapitools.codegen.cmd.GenerateTest" time="0.004"/>
  <testcase name="testLanguageSpecificPrimitives" classname="org.openapitools.codegen.cmd.GenerateTest" time="0.004"/>
  <testcase name="testLibrary" classname="org.openapitools.codegen.cmd.GenerateTest" time="0.005"/>
  <testcase name="testModelPackage" classname="org.openapitools.codegen.cmd.GenerateTest" time="0.004"/>
  <testcase name="testPackageName" classname="org.openapitools.codegen.cmd.GenerateTest" time="0.004"/>
  <testcase name="testRequiredArgs_LongArgs" classname="org.openapitools.codegen.cmd.GenerateTest" time="0.004"/>
  <testcase name="testRequiredArgs_ShortArgs" classname="org.openapitools.codegen.cmd.GenerateTest" time="0.004"/>
  <testcase name="testSkipOverwrite" classname="org.openapitools.codegen.cmd.GenerateTest" time="0.007"/>
  <testcase name="testStrictSpec" classname="org.openapitools.codegen.cmd.GenerateTest" time="0.007"/>
  <testcase name="testTemplateDir" classname="org.openapitools.codegen.cmd.GenerateTest" time="0.007"/>
  <testcase name="testTypeMappings" classname="org.openapitools.codegen.cmd.GenerateTest" time="0.006"/>
  <testcase name="testVerbose" classname="org.openapitools.codegen.cmd.GenerateTest" time="0.007"/>
</testsuite>